C:\Users\dtrizna\Code\nebula>python3 preprocessing\_speakeasyFilterNormalize.py
Initialized ...
2022-12-16 14:16:35: Filtering and normalizing C:\Users\dtrizna\Code\nebula\preprocessing\..\data\data_raw\windows_emulation_trainset\report_backdoor...
2022-12-16 14:18:06: Finished... Took: 91.23s
2022-12-16 14:18:06: Filtering and normalizing C:\Users\dtrizna\Code\nebula\preprocessing\..\data\data_raw\windows_emulation_trainset\report_clean...
2022-12-16 14:19:42: Finished... Took: 95.38s
2022-12-16 14:19:42: Filtering and normalizing C:\Users\dtrizna\Code\nebula\preprocessing\..\data\data_raw\windows_emulation_trainset\report_coinminer...
2022-12-16 14:20:12: Finished... Took: 30.22s
2022-12-16 14:20:12: Filtering and normalizing C:\Users\dtrizna\Code\nebula\preprocessing\..\data\data_raw\windows_emulation_trainset\report_dropper...
2022-12-16 14:20:44: Finished... Took: 31.88s
2022-12-16 14:20:44: Filtering and normalizing C:\Users\dtrizna\Code\nebula\preprocessing\..\data\data_raw\windows_emulation_trainset\report_keylogger...
2022-12-16 14:21:02: Finished... Took: 17.81s
2022-12-16 14:21:02: Filtering and normalizing C:\Users\dtrizna\Code\nebula\preprocessing\..\data\data_raw\windows_emulation_trainset\report_ransomware...
2022-12-16 14:21:46: Finished... Took: 44.12s
2022-12-16 14:21:46: Filtering and normalizing C:\Users\dtrizna\Code\nebula\preprocessing\..\data\data_raw\windows_emulation_trainset\report_rat...
2022-12-16 14:22:07: Finished... Took: 21.57s
2022-12-16 14:22:07: Filtering and normalizing C:\Users\dtrizna\Code\nebula\preprocessing\..\data\data_raw\windows_emulation_trainset\report_trojan...
2022-12-16 14:22:54: Finished... Took: 46.59s
2022-12-16 14:22:54: Filtering and normalizing C:\Users\dtrizna\Code\nebula\preprocessing\..\data\data_raw\windows_emulation_trainset\report_windows_syswow64...
2022-12-16 14:22:55: Finished... Took: 0.56s
2022-12-16 14:22:55: Tokenizing...
2022-12-16 14:23:26: Building vocab...
WARNING:root: Provided 'vocabSize' is larger than number of tokens in corpus: 10000 > 9636. 'vocabSize' is set to 9636 to represent tokens in corpus!
Dumped vocab to C:\Users\dtrizna\Code\nebula\preprocessing\..\data\data_filtered\speakeasy_trainset\speakeasy_VocabSize_10000.pkl
Dumped vocab counter to C:\Users\dtrizna\Code\nebula\preprocessing\..\data\data_filtered\speakeasy_trainset\speakeasy_VocabSize_10000_counter.pkl
Dumped vocab counter plot to C:\Users\dtrizna\Code\nebula\preprocessing\..\data\data_filtered\speakeasy_trainset\speakeasy_VocabSize_10000_counter_plot.png
2022-12-16 14:23:29: Encoding...
2022-12-16 14:23:33: Padding...
shapes:
x = (91096, 2048)
y = (91096,)
2022-12-16 14:23:41: Filtering and normalizing C:\Users\dtrizna\Code\nebula\preprocessing\..\data\data_raw\windows_emulation_testset\report_backdoor...
2022-12-16 14:24:03: Finished... Took: 21.41s
2022-12-16 14:24:03: Filtering and normalizing C:\Users\dtrizna\Code\nebula\preprocessing\..\data\data_raw\windows_emulation_testset\report_clean...
2022-12-16 14:25:08: Finished... Took: 64.79s
2022-12-16 14:25:08: Filtering and normalizing C:\Users\dtrizna\Code\nebula\preprocessing\..\data\data_raw\windows_emulation_testset\report_coinminer...
2022-12-16 14:25:24: Finished... Took: 16.21s
2022-12-16 14:25:24: Filtering and normalizing C:\Users\dtrizna\Code\nebula\preprocessing\..\data\data_raw\windows_emulation_testset\report_dropper...
2022-12-16 14:25:26: Finished... Took: 1.92s
2022-12-16 14:25:26: Filtering and normalizing C:\Users\dtrizna\Code\nebula\preprocessing\..\data\data_raw\windows_emulation_testset\report_keylogger...
2022-12-16 14:25:33: Finished... Took: 7.31s
2022-12-16 14:25:33: Filtering and normalizing C:\Users\dtrizna\Code\nebula\preprocessing\..\data\data_raw\windows_emulation_testset\report_ransomware...
2022-12-16 14:26:05: Finished... Took: 31.74s
2022-12-16 14:26:05: Filtering and normalizing C:\Users\dtrizna\Code\nebula\preprocessing\..\data\data_raw\windows_emulation_testset\report_rat...
2022-12-16 14:26:16: Finished... Took: 10.88s
2022-12-16 14:26:16: Filtering and normalizing C:\Users\dtrizna\Code\nebula\preprocessing\..\data\data_raw\windows_emulation_testset\report_trojan...
2022-12-16 14:26:24: Finished... Took: 8.03s
2022-12-16 14:26:24: Filtering and normalizing C:\Users\dtrizna\Code\nebula\preprocessing\..\data\data_raw\windows_emulation_testset\report_windows_syswow64...
2022-12-16 14:26:24: Finished... Took: 0.29s
2022-12-16 14:26:24: Tokenizing...
2022-12-16 14:26:30: Encoding...
2022-12-16 14:26:31: Padding...
shapes:
x = (17407, 2048)
y = (17407,)