2022-12-14 17:12:16,501 root  WARNING   [!] Starting emulation.

2022-12-14 17:12:17,263 root  WARNING   [+] 1/309 Finished emulation C:\Windows\SysWOW64\appidtel.exe, took: 0.49s, API calls acquired: 13
2022-12-14 17:12:17,265 root  WARNING   [+] 0/309 Finished emulation C:\Windows\SysWOW64\agentactivationruntimestarter.exe, took: 0.47s, API calls acquired: 5
2022-12-14 17:12:17,266 root  WARNING   [+] 4/309 Finished emulation C:\Windows\SysWOW64\at.exe, took: 0.45s, API calls acquired: 5
2022-12-14 17:12:17,266 root  WARNING   [+] 2/309 Finished emulation C:\Windows\SysWOW64\AppVDllSurrogate.exe, took: 0.41s, API calls acquired: 7
2022-12-14 17:12:17,266 root  WARNING   [+] 3/309 Finished emulation C:\Windows\SysWOW64\appverif.exe, took: 0.39s, API calls acquired: 13
2022-12-14 17:12:18,176 root  WARNING   [+] 5/309 Finished emulation C:\Windows\SysWOW64\AtBroker.exe, took: 0.49s, API calls acquired: 12
2022-12-14 17:12:18,178 root  WARNING   [+] 8/309 Finished emulation C:\Windows\SysWOW64\autochk.exe, took: 0.40s, API calls acquired: 0
2022-12-14 17:12:18,178 root  WARNING   [+] 9/309 Finished emulation C:\Windows\SysWOW64\backgroundTaskHost.exe, took: 0.63s, API calls acquired: 5
2022-12-14 17:12:18,178 root  WARNING   [+] 6/309 Finished emulation C:\Windows\SysWOW64\attrib.exe, took: 0.49s, API calls acquired: 5
2022-12-14 17:12:18,179 root  WARNING   [+] 7/309 Finished emulation C:\Windows\SysWOW64\auditpol.exe, took: 0.45s, API calls acquired: 5
2022-12-14 17:12:19,165 root  WARNING   [+] 10/309 Finished emulation C:\Windows\SysWOW64\BackgroundTransferHost.exe, took: 0.67s, API calls acquired: 5
2022-12-14 17:12:19,166 root  WARNING   [+] 14/309 Finished emulation C:\Windows\SysWOW64\cacls.exe, took: 0.68s, API calls acquired: 5
2022-12-14 17:12:19,166 root  WARNING   [+] 11/309 Finished emulation C:\Windows\SysWOW64\bitsadmin.exe, took: 0.55s, API calls acquired: 0
2022-12-14 17:12:19,166 root  WARNING   [+] 13/309 Finished emulation C:\Windows\SysWOW64\ByteCodeGenerator.exe, took: 0.65s, API calls acquired: 7
2022-12-14 17:12:19,180 root  WARNING   [+] 12/309 Finished emulation C:\Windows\SysWOW64\bthudtask.exe, took: 0.52s, API calls acquired: 13
2022-12-14 17:12:21,107 root  WARNING   [+] 16/309 Finished emulation C:\Windows\SysWOW64\CameraSettingsUIHost.exe, took: 1.41s, API calls acquired: 9
2022-12-14 17:12:21,113 root  WARNING   [+] 15/309 Finished emulation C:\Windows\SysWOW64\calc.exe, took: 0.87s, API calls acquired: 5
2022-12-14 17:12:21,137 root  WARNING   [+] 17/309 Finished emulation C:\Windows\SysWOW64\CertEnrollCtrl.exe, took: 0.66s, API calls acquired: 5
2022-12-14 17:12:21,151 root  WARNING   [+] 18/309 Finished emulation C:\Windows\SysWOW64\certreq.exe, took: 0.45s, API calls acquired: 5
2022-12-14 17:12:21,151 root  WARNING   [+] 19/309 Finished emulation C:\Windows\SysWOW64\certutil.exe, took: 0.41s, API calls acquired: 13
2022-12-14 17:12:21,892 root  WARNING   [+] 22/309 Finished emulation C:\Windows\SysWOW64\chkdsk.exe, took: 0.40s, API calls acquired: 0
2022-12-14 17:12:21,914 root  WARNING   [+] 21/309 Finished emulation C:\Windows\SysWOW64\CheckNetIsolation.exe, took: 0.43s, API calls acquired: 5
2022-12-14 17:12:21,952 root  WARNING   [+] 20/309 Finished emulation C:\Windows\SysWOW64\charmap.exe, took: 0.35s, API calls acquired: 5
2022-12-14 17:12:21,967 root  WARNING   [+] 23/309 Finished emulation C:\Windows\SysWOW64\chkntfs.exe, took: 0.44s, API calls acquired: 13
2022-12-14 17:12:21,982 root  WARNING   [+] 24/309 Finished emulation C:\Windows\SysWOW64\choice.exe, took: 0.42s, API calls acquired: 42
2022-12-14 17:12:22,751 root  WARNING   [+] 25/309 Finished emulation C:\Windows\SysWOW64\cipher.exe, took: 0.51s, API calls acquired: 18
2022-12-14 17:12:22,752 root  WARNING   [+] 29/309 Finished emulation C:\Windows\SysWOW64\CloudNotifications.exe, took: 0.40s, API calls acquired: 5
2022-12-14 17:12:22,752 root  WARNING   [+] 27/309 Finished emulation C:\Windows\SysWOW64\cliconfg.exe, took: 0.50s, API calls acquired: 13
2022-12-14 17:12:22,753 root  WARNING   [+] 26/309 Finished emulation C:\Windows\SysWOW64\cleanmgr.exe, took: 0.42s, API calls acquired: 5
2022-12-14 17:12:22,765 root  WARNING   [+] 28/309 Finished emulation C:\Windows\SysWOW64\clip.exe, took: 0.48s, API calls acquired: 41
2022-12-14 17:12:23,695 root  WARNING   [+] 33/309 Finished emulation C:\Windows\SysWOW64\cmmon32.exe, took: 0.54s, API calls acquired: 13
2022-12-14 17:12:23,696 root  WARNING   [+] 34/309 Finished emulation C:\Windows\SysWOW64\cmstp.exe, took: 0.50s, API calls acquired: 13
2022-12-14 17:12:23,710 root  WARNING   [+] 32/309 Finished emulation C:\Windows\SysWOW64\cmdl32.exe, took: 0.49s, API calls acquired: 13
2022-12-14 17:12:23,710 root  WARNING   [+] 30/309 Finished emulation C:\Windows\SysWOW64\cmd.exe, took: 0.44s, API calls acquired: 7
2022-12-14 17:12:23,710 root  WARNING   [+] 31/309 Finished emulation C:\Windows\SysWOW64\cmdkey.exe, took: 0.39s, API calls acquired: 5
2022-12-14 17:12:24,522 root  WARNING   [+] 38/309 Finished emulation C:\Windows\SysWOW64\ComputerDefaults.exe, took: 0.52s, API calls acquired: 5
2022-12-14 17:12:24,548 root  WARNING   [+] 35/309 Finished emulation C:\Windows\SysWOW64\colorcpl.exe, took: 0.50s, API calls acquired: 13
2022-12-14 17:12:24,548 root  WARNING   [+] 36/309 Finished emulation C:\Windows\SysWOW64\comp.exe, took: 0.37s, API calls acquired: 14
2022-12-14 17:12:24,548 root  WARNING   [+] 37/309 Finished emulation C:\Windows\SysWOW64\compact.exe, took: 0.44s, API calls acquired: 14
2022-12-14 17:12:24,548 root  WARNING   [+] 39/309 Finished emulation C:\Windows\SysWOW64\control.exe, took: 0.49s, API calls acquired: 13
2022-12-14 17:12:25,352 root  WARNING   [+] 41/309 Finished emulation C:\Windows\SysWOW64\CredentialUIBroker.exe, took: 0.52s, API calls acquired: 5
2022-12-14 17:12:25,372 root  WARNING   [+] 42/309 Finished emulation C:\Windows\SysWOW64\credwiz.exe, took: 0.42s, API calls acquired: 5
2022-12-14 17:12:25,396 root  WARNING   [+] 44/309 Finished emulation C:\Windows\SysWOW64\ctfmon.exe, took: 0.47s, API calls acquired: 13
2022-12-14 17:12:25,396 root  WARNING   [+] 40/309 Finished emulation C:\Windows\SysWOW64\convert.exe, took: 0.52s, API calls acquired: 9
2022-12-14 17:12:25,396 root  WARNING   [+] 43/309 Finished emulation C:\Windows\SysWOW64\cscript.exe, took: 0.44s, API calls acquired: 12
2022-12-14 17:12:26,434 root  WARNING   [+] 45/309 Finished emulation C:\Windows\SysWOW64\cttune.exe, took: 0.97s, API calls acquired: 5
2022-12-14 17:12:26,640 root  WARNING   [+] 48/309 Finished emulation C:\Windows\SysWOW64\d3dconfig.exe, took: 0.48s, API calls acquired: 7
2022-12-14 17:12:26,640 root  WARNING   [+] 49/309 Finished emulation C:\Windows\SysWOW64\dccw.exe, took: 0.51s, API calls acquired: 13
2022-12-14 17:12:26,655 root  WARNING   [+] 46/309 Finished emulation C:\Windows\SysWOW64\cttunesvr.exe, took: 0.53s, API calls acquired: 13
2022-12-14 17:12:26,658 root  WARNING   [+] 47/309 Finished emulation C:\Windows\SysWOW64\curl.exe, took: 0.44s, API calls acquired: 5
2022-12-14 17:12:26,718 root  WARNING   [+] 50/309 Finished emulation C:\Windows\SysWOW64\dcomcnfg.exe, took: 0.11s, API calls acquired: 18
2022-12-14 17:12:27,552 root  WARNING   [+] 51/309 Finished emulation C:\Windows\SysWOW64\ddodiag.exe, took: 0.54s, API calls acquired: 12
2022-12-14 17:12:27,564 root  WARNING   [+] 54/309 Finished emulation C:\Windows\SysWOW64\dialer.exe, took: 0.49s, API calls acquired: 13
2022-12-14 17:12:27,566 root  WARNING   [+] 52/309 Finished emulation C:\Windows\SysWOW64\DevicePairingWizard.exe, took: 0.39s, API calls acquired: 5
2022-12-14 17:12:27,580 root  WARNING   [+] 55/309 Finished emulation C:\Windows\SysWOW64\diskpart.exe, took: 0.36s, API calls acquired: 13
2022-12-14 17:12:27,581 root  WARNING   [+] 53/309 Finished emulation C:\Windows\SysWOW64\dfrgui.exe, took: 0.47s, API calls acquired: 13
2022-12-14 17:12:28,211 root  WARNING   [+] 56/309 Finished emulation C:\Windows\SysWOW64\diskperf.exe, took: 0.60s, API calls acquired: 7
2022-12-14 17:12:28,501 root  WARNING   [+] 60/309 Finished emulation C:\Windows\SysWOW64\dllhst3g.exe, took: 0.60s, API calls acquired: 8
2022-12-14 17:12:28,501 root  WARNING   [+] 59/309 Finished emulation C:\Windows\SysWOW64\dllhost.exe, took: 0.48s, API calls acquired: 8
2022-12-14 17:12:28,501 root  WARNING   [+] 58/309 Finished emulation C:\Windows\SysWOW64\Dism.exe, took: 0.43s, API calls acquired: 12
2022-12-14 17:12:28,525 root  WARNING   [+] 57/309 Finished emulation C:\Windows\SysWOW64\diskusage.exe, took: 0.55s, API calls acquired: 21
2022-12-14 17:12:28,547 root  WARNING   [+] 61/309 Finished emulation C:\Windows\SysWOW64\doskey.exe, took: 0.20s, API calls acquired: 12
2022-12-14 17:12:29,191 root  WARNING   [+] 65/309 Finished emulation C:\Windows\SysWOW64\dpnsvr.exe, took: 0.53s, API calls acquired: 5
2022-12-14 17:12:29,207 root  WARNING   [+] 66/309 Finished emulation C:\Windows\SysWOW64\driverquery.exe, took: 0.42s, API calls acquired: 14
2022-12-14 17:12:29,207 root  WARNING   [+] 63/309 Finished emulation C:\Windows\SysWOW64\DpiScaling.exe, took: 0.47s, API calls acquired: 5
2022-12-14 17:12:29,208 root  WARNING   [+] 64/309 Finished emulation C:\Windows\SysWOW64\dplaysvr.exe, took: 0.55s, API calls acquired: 5
2022-12-14 17:12:29,209 root  WARNING   [+] 62/309 Finished emulation C:\Windows\SysWOW64\dpapimig.exe, took: 0.51s, API calls acquired: 5
2022-12-14 17:12:31,084 root  WARNING   [+] 71/309 Finished emulation C:\Windows\SysWOW64\dxdiag.exe, took: 0.47s, API calls acquired: 9
2022-12-14 17:12:31,084 root  WARNING   [+] 69/309 Finished emulation C:\Windows\SysWOW64\DXCap.exe, took: 0.38s, API calls acquired: 7
2022-12-14 17:12:31,086 root  WARNING   [+] 67/309 Finished emulation C:\Windows\SysWOW64\dtdump.exe, took: 0.98s, API calls acquired: 7
2022-12-14 17:12:31,086 root  WARNING   [+] 68/309 Finished emulation C:\Windows\SysWOW64\dvdplay.exe, took: 1.25s, API calls acquired: 9
2022-12-14 17:12:31,086 root  WARNING   [+] 70/309 Finished emulation C:\Windows\SysWOW64\DXCpl.exe, took: 0.56s, API calls acquired: 9
2022-12-14 17:12:35,632 root  WARNING   [+] 74/309 Finished emulation C:\Windows\SysWOW64\edpnotify.exe, took: 3.53s, API calls acquired: 8
2022-12-14 17:12:35,659 root  WARNING   [+] 75/309 Finished emulation C:\Windows\SysWOW64\efsui.exe, took: 3.83s, API calls acquired: 5
2022-12-14 17:12:35,663 root  WARNING   [+] 72/309 Finished emulation C:\Windows\SysWOW64\EaseOfAccessDialog.exe, took: 2.90s, API calls acquired: 9
2022-12-14 17:12:35,686 root  WARNING   [+] 76/309 Finished emulation C:\Windows\SysWOW64\EhStorAuthn.exe, took: 3.21s, API calls acquired: 13
2022-12-14 17:12:37,209 root  WARNING   [+] 78/309 Finished emulation C:\Windows\SysWOW64\eudcedit.exe, took: 0.47s, API calls acquired: 13
2022-12-14 17:12:37,210 root  WARNING   [+] 77/309 Finished emulation C:\Windows\SysWOW64\esentutl.exe, took: 0.43s, API calls acquired: 5
2022-12-14 17:12:37,210 root  WARNING   [+] 79/309 Finished emulation C:\Windows\SysWOW64\eventcreate.exe, took: 0.70s, API calls acquired: 5
2022-12-14 17:12:37,225 root  WARNING   [+] 80/309 Finished emulation C:\Windows\SysWOW64\eventvwr.exe, took: 0.45s, API calls acquired: 17
2022-12-14 17:12:42,124 root  WARNING   [+] 73/309 Finished emulation C:\Windows\SysWOW64\EasyResume.exe, took: 6.56s, API calls acquired: 394
2022-12-14 17:12:42,236 root  WARNING   [+] 81/309 Finished emulation C:\Windows\SysWOW64\expand.exe, took: 4.16s, API calls acquired: 13
2022-12-14 17:12:42,304 root  WARNING   [+] 83/309 Finished emulation C:\Windows\SysWOW64\extrac32.exe, took: 4.06s, API calls acquired: 9
2022-12-14 17:12:42,311 root  WARNING   [+] 84/309 Finished emulation C:\Windows\SysWOW64\fc.exe, took: 3.52s, API calls acquired: 14
2022-12-14 17:12:42,558 root  WARNING   [+] 82/309 Finished emulation C:\Windows\SysWOW64\explorer.exe, took: 0.45s, API calls acquired: 8
2022-12-14 17:12:42,713 root  WARNING   [+] 85/309 Finished emulation C:\Windows\SysWOW64\find.exe, took: 0.47s, API calls acquired: 14
2022-12-14 17:12:42,746 root  WARNING   [+] 86/309 Finished emulation C:\Windows\SysWOW64\findstr.exe, took: 0.38s, API calls acquired: 5
2022-12-14 17:12:42,929 root  WARNING   [+] 88/309 Finished emulation C:\Windows\SysWOW64\fixmapi.exe, took: 0.42s, API calls acquired: 9
2022-12-14 17:12:42,932 root  WARNING   [+] 87/309 Finished emulation C:\Windows\SysWOW64\finger.exe, took: 0.39s, API calls acquired: 5
2022-12-14 17:12:43,201 root  WARNING   [+] 89/309 Finished emulation C:\Windows\SysWOW64\fltMC.exe, took: 0.47s, API calls acquired: 7
2022-12-14 17:12:43,488 root  WARNING   [+] 90/309 Finished emulation C:\Windows\SysWOW64\Fondue.exe, took: 0.53s, API calls acquired: 5
2022-12-14 17:12:43,488 root  WARNING   [+] 91/309 Finished emulation C:\Windows\SysWOW64\fontview.exe, took: 0.56s, API calls acquired: 5
2022-12-14 17:12:44,162 root  WARNING   [+] 93/309 Finished emulation C:\Windows\SysWOW64\fsquirt.exe, took: 0.98s, API calls acquired: 13
2022-12-14 17:12:44,609 root  WARNING   [+] 94/309 Finished emulation C:\Windows\SysWOW64\fsutil.exe, took: 0.98s, API calls acquired: 5
2022-12-14 17:12:45,524 root  WARNING   [+] 95/309 Finished emulation C:\Windows\SysWOW64\ftp.exe, took: 1.55s, API calls acquired: 5
2022-12-14 17:12:45,742 root  WARNING   [+] 96/309 Finished emulation C:\Windows\SysWOW64\GameBarPresenceWriter.exe, took: 1.56s, API calls acquired: 7
2022-12-14 17:12:45,863 root  WARNING   [+] 98/309 Finished emulation C:\Windows\SysWOW64\getmac.exe, took: 0.51s, API calls acquired: 5
2022-12-14 17:12:45,883 root  WARNING   [+] 97/309 Finished emulation C:\Windows\SysWOW64\GamePanel.exe, took: 0.47s, API calls acquired: 8
2022-12-14 17:12:45,918 root  WARNING   [+] 92/309 Finished emulation C:\Windows\SysWOW64\forfiles.exe, took: 2.79s, API calls acquired: 44
2022-12-14 17:12:46,164 root  WARNING   [+] 99/309 Finished emulation C:\Windows\SysWOW64\gpresult.exe, took: 0.43s, API calls acquired: 5
2022-12-14 17:12:46,382 root  WARNING   [+] 100/309 Finished emulation C:\Windows\SysWOW64\gpscript.exe, took: 0.51s, API calls acquired: 5
2022-12-14 17:12:46,652 root  WARNING   [+] 101/309 Finished emulation C:\Windows\SysWOW64\gpupdate.exe, took: 0.68s, API calls acquired: 13
2022-12-14 17:12:46,702 root  WARNING   [+] 102/309 Finished emulation C:\Windows\SysWOW64\grpconv.exe, took: 0.46s, API calls acquired: 5
2022-12-14 17:12:46,709 root  WARNING   [+] 103/309 Finished emulation C:\Windows\SysWOW64\hdwwiz.exe, took: 0.51s, API calls acquired: 13
2022-12-14 17:12:46,740 root  WARNING   [+] 104/309 Finished emulation C:\Windows\SysWOW64\help.exe, took: 0.39s, API calls acquired: 12
2022-12-14 17:12:46,754 root  WARNING   [+] 105/309 Finished emulation C:\Windows\SysWOW64\hh.exe, took: 0.19s, API calls acquired: 13
2022-12-14 17:12:47,432 root  WARNING   [+] 107/309 Finished emulation C:\Windows\SysWOW64\icsunattend.exe, took: 0.44s, API calls acquired: 5
2022-12-14 17:12:47,446 root  WARNING   [+] 109/309 Finished emulation C:\Windows\SysWOW64\iexpress.exe, took: 0.41s, API calls acquired: 13
2022-12-14 17:12:47,447 root  WARNING   [+] 106/309 Finished emulation C:\Windows\SysWOW64\icacls.exe, took: 0.51s, API calls acquired: 5
2022-12-14 17:12:47,447 root  WARNING   [+] 110/309 Finished emulation C:\Windows\SysWOW64\InfDefaultInstall.exe, took: 0.49s, API calls acquired: 13
2022-12-14 17:12:47,461 root  WARNING   [+] 108/309 Finished emulation C:\Windows\SysWOW64\ieUnatt.exe, took: 0.34s, API calls acquired: 13
2022-12-14 17:12:48,190 root  WARNING   [+] 113/309 Finished emulation C:\Windows\SysWOW64\ipconfig.exe, took: 0.47s, API calls acquired: 5
2022-12-14 17:12:48,217 root  WARNING   [+] 115/309 Finished emulation C:\Windows\SysWOW64\iscsicpl.exe, took: 0.46s, API calls acquired: 13
2022-12-14 17:12:48,217 root  WARNING   [+] 111/309 Finished emulation C:\Windows\SysWOW64\InputSwitchToastHandler.exe, took: 0.42s, API calls acquired: 7
2022-12-14 17:12:48,217 root  WARNING   [+] 112/309 Finished emulation C:\Windows\SysWOW64\instnm.exe, took: 0.53s, API calls acquired: 13
2022-12-14 17:12:48,217 root  WARNING   [+] 114/309 Finished emulation C:\Windows\SysWOW64\iscsicli.exe, took: 0.39s, API calls acquired: 5
2022-12-14 17:12:48,772 root  WARNING   [+] 116/309 Finished emulation C:\Windows\SysWOW64\isoburn.exe, took: 0.48s, API calls acquired: 13
2022-12-14 17:12:48,892 root  WARNING   [+] 119/309 Finished emulation C:\Windows\SysWOW64\LaunchTM.exe, took: 0.40s, API calls acquired: 5
2022-12-14 17:12:48,949 root  WARNING   [+] 117/309 Finished emulation C:\Windows\SysWOW64\ktmutil.exe, took: 0.43s, API calls acquired: 12
2022-12-14 17:12:48,953 root  WARNING   [+] 120/309 Finished emulation C:\Windows\SysWOW64\LaunchWinApp.exe, took: 0.34s, API calls acquired: 5
2022-12-14 17:12:48,966 root  WARNING   [+] 118/309 Finished emulation C:\Windows\SysWOW64\label.exe, took: 0.41s, API calls acquired: 12
2022-12-14 17:12:50,046 root  WARNING   [+] 121/309 Finished emulation C:\Windows\SysWOW64\lodctr.exe, took: 1.10s, API calls acquired: 7
2022-12-14 17:12:50,356 root  WARNING   [+] 123/309 Finished emulation C:\Windows\SysWOW64\logman.exe, took: 0.64s, API calls acquired: 5
2022-12-14 17:12:50,417 root  WARNING   [+] 122/309 Finished emulation C:\Windows\SysWOW64\logagent.exe, took: 0.75s, API calls acquired: 13
2022-12-14 17:12:50,418 root  WARNING   [+] 124/309 Finished emulation C:\Windows\SysWOW64\Magnify.exe, took: 0.55s, API calls acquired: 9
2022-12-14 17:12:50,418 root  WARNING   [+] 125/309 Finished emulation C:\Windows\SysWOW64\makecab.exe, took: 0.66s, API calls acquired: 16
2022-12-14 17:12:50,592 root  ERROR     [-] 130/309 Failed emulation, SpeakEasyError: C:\Windows\SysWOW64\mmc.exe.config
Target file is not a PE

2022-12-14 17:12:51,706 root  WARNING   [+] 126/309 Finished emulation C:\Windows\SysWOW64\mavinject.exe, took: 1.27s, API calls acquired: 9
2022-12-14 17:12:53,549 root  WARNING   [+] 128/309 Finished emulation C:\Windows\SysWOW64\mfpmp.exe, took: 0.64s, API calls acquired: 8
2022-12-14 17:12:53,563 root  WARNING   [+] 132/309 Finished emulation C:\Windows\SysWOW64\mobsync.exe, took: 0.40s, API calls acquired: 5
2022-12-14 17:12:53,564 root  WARNING   [+] 129/309 Finished emulation C:\Windows\SysWOW64\mmc.exe, took: 0.36s, API calls acquired: 5
2022-12-14 17:12:53,565 root  WARNING   [+] 131/309 Finished emulation C:\Windows\SysWOW64\mmgaserver.exe, took: 0.46s, API calls acquired: 7
2022-12-14 17:12:53,626 root  WARNING   [+] 127/309 Finished emulation C:\Windows\SysWOW64\mcbuilder.exe, took: 2.10s, API calls acquired: 162
2022-12-14 17:12:54,819 root  WARNING   [+] 133/309 Finished emulation C:\Windows\SysWOW64\mountvol.exe, took: 0.56s, API calls acquired: 5
2022-12-14 17:12:54,835 root  WARNING   [+] 137/309 Finished emulation C:\Windows\SysWOW64\msiexec.exe, took: 0.39s, API calls acquired: 13
2022-12-14 17:12:54,836 root  WARNING   [+] 134/309 Finished emulation C:\Windows\SysWOW64\msdt.exe, took: 0.46s, API calls acquired: 13
2022-12-14 17:12:54,837 root  WARNING   [+] 135/309 Finished emulation C:\Windows\SysWOW64\msfeedssync.exe, took: 0.49s, API calls acquired: 13
2022-12-14 17:12:54,837 root  WARNING   [+] 136/309 Finished emulation C:\Windows\SysWOW64\mshta.exe, took: 0.51s, API calls acquired: 13
2022-12-14 17:12:57,301 root  WARNING   [+] 142/309 Finished emulation C:\Windows\SysWOW64\MuiUnattend.exe, took: 0.98s, API calls acquired: 5
2022-12-14 17:12:57,314 root  WARNING   [+] 141/309 Finished emulation C:\Windows\SysWOW64\mtstocom.exe, took: 0.49s, API calls acquired: 5
2022-12-14 17:12:57,330 root  WARNING   [+] 140/309 Finished emulation C:\Windows\SysWOW64\mstsc.exe, took: 0.38s, API calls acquired: 13
2022-12-14 17:12:57,330 root  WARNING   [+] 138/309 Finished emulation C:\Windows\SysWOW64\msinfo32.exe, took: 0.43s, API calls acquired: 13
2022-12-14 17:12:57,330 root  WARNING   [+] 139/309 Finished emulation C:\Windows\SysWOW64\msra.exe, took: 1.52s, API calls acquired: 13
2022-12-14 17:12:58,101 root  WARNING   [+] 143/309 Finished emulation C:\Windows\SysWOW64\ndadmin.exe, took: 0.73s, API calls acquired: 13
2022-12-14 17:12:58,369 root  WARNING   [+] 144/309 Finished emulation C:\Windows\SysWOW64\net.exe, took: 0.54s, API calls acquired: 5
2022-12-14 17:12:58,391 root  WARNING   [+] 145/309 Finished emulation C:\Windows\SysWOW64\net1.exe, took: 0.56s, API calls acquired: 5
2022-12-14 17:12:58,420 root  WARNING   [+] 147/309 Finished emulation C:\Windows\SysWOW64\NetCfgNotifyObjectHost.exe, took: 0.53s, API calls acquired: 7
2022-12-14 17:12:58,435 root  WARNING   [+] 146/309 Finished emulation C:\Windows\SysWOW64\netbtugc.exe, took: 0.54s, API calls acquired: 17
2022-12-14 17:12:58,571 root  WARNING   [+] 148/309 Finished emulation C:\Windows\SysWOW64\netiougc.exe, took: 0.25s, API calls acquired: 7
2022-12-14 17:12:59,362 root  WARNING   [+] 150/309 Finished emulation C:\Windows\SysWOW64\netsh.exe, took: 0.52s, API calls acquired: 5
2022-12-14 17:12:59,363 root  WARNING   [+] 152/309 Finished emulation C:\Windows\SysWOW64\notepad.exe, took: 0.41s, API calls acquired: 8
2022-12-14 17:12:59,363 root  WARNING   [+] 151/309 Finished emulation C:\Windows\SysWOW64\newdev.exe, took: 0.63s, API calls acquired: 5
2022-12-14 17:12:59,363 root  WARNING   [+] 149/309 Finished emulation C:\Windows\SysWOW64\Netplwiz.exe, took: 0.55s, API calls acquired: 5
2022-12-14 17:12:59,905 root  WARNING   [+] 157/309 Finished emulation C:\Windows\SysWOW64\odbcconf.exe, took: 0.41s, API calls acquired: 13
2022-12-14 17:12:59,920 root  WARNING   [+] 155/309 Finished emulation C:\Windows\SysWOW64\ntprint.exe, took: 0.32s, API calls acquired: 13
2022-12-14 17:12:59,920 root  WARNING   [+] 156/309 Finished emulation C:\Windows\SysWOW64\odbcad32.exe, took: 0.37s, API calls acquired: 13
2022-12-14 17:12:59,920 root  WARNING   [+] 154/309 Finished emulation C:\Windows\SysWOW64\nslookup.exe, took: 0.39s, API calls acquired: 5
2022-12-14 17:13:00,675 root  WARNING   [+] 161/309 Finished emulation C:\Windows\SysWOW64\PackagedCWALauncher.exe, took: 0.48s, API calls acquired: 5
2022-12-14 17:13:00,675 root  WARNING   [+] 158/309 Finished emulation C:\Windows\SysWOW64\openfiles.exe, took: 0.50s, API calls acquired: 12
2022-12-14 17:13:00,675 root  WARNING   [+] 159/309 Finished emulation C:\Windows\SysWOW64\OpenWith.exe, took: 0.51s, API calls acquired: 8
2022-12-14 17:13:00,691 root  WARNING   [+] 160/309 Finished emulation C:\Windows\SysWOW64\OposHost.exe, took: 0.43s, API calls acquired: 7
2022-12-14 17:13:00,693 root  WARNING   [+] 153/309 Finished emulation C:\Windows\SysWOW64\NpcapHelper.exe, took: 1.80s, API calls acquired: 207
2022-12-14 17:13:01,539 root  WARNING   [+] 162/309 Finished emulation C:\Windows\SysWOW64\PasswordOnWakeSettingFlyout.exe, took: 0.49s, API calls acquired: 5
2022-12-14 17:13:01,574 root  WARNING   [+] 166/309 Finished emulation C:\Windows\SysWOW64\PickerHost.exe, took: 0.43s, API calls acquired: 5
2022-12-14 17:13:01,587 root  WARNING   [+] 163/309 Finished emulation C:\Windows\SysWOW64\pcaui.exe, took: 0.49s, API calls acquired: 8
2022-12-14 17:13:01,718 root  WARNING   [+] 164/309 Finished emulation C:\Windows\SysWOW64\perfhost.exe, took: 0.48s, API calls acquired: 5
2022-12-14 17:13:01,719 root  WARNING   [+] 165/309 Finished emulation C:\Windows\SysWOW64\perfmon.exe, took: 0.41s, API calls acquired: 13
2022-12-14 17:13:01,838 root  ERROR     [-] 170/309 Failed emulation, NotSupportedError: C:\Windows\SysWOW64\PowerMgrInst.exe
.NET assemblies are not currently supported

2022-12-14 17:13:02,942 root  WARNING   [+] 168/309 Finished emulation C:\Windows\SysWOW64\poqexec.exe, took: 0.48s, API calls acquired: 0
2022-12-14 17:13:02,955 root  WARNING   [+] 169/309 Finished emulation C:\Windows\SysWOW64\powercfg.exe, took: 0.56s, API calls acquired: 5
2022-12-14 17:13:02,956 root  WARNING   [+] 171/309 Finished emulation C:\Windows\SysWOW64\PresentationHost.exe, took: 0.55s, API calls acquired: 13
2022-12-14 17:13:02,971 root  WARNING   [+] 167/309 Finished emulation C:\Windows\SysWOW64\PkgMgr.exe, took: 0.41s, API calls acquired: 7
2022-12-14 17:13:02,972 root  WARNING   [+] 172/309 Finished emulation C:\Windows\SysWOW64\prevhost.exe, took: 0.48s, API calls acquired: 5
2022-12-14 17:13:03,840 root  WARNING   [+] 174/309 Finished emulation C:\Windows\SysWOW64\printui.exe, took: 0.76s, API calls acquired: 13
2022-12-14 17:13:03,853 root  WARNING   [+] 175/309 Finished emulation C:\Windows\SysWOW64\proquota.exe, took: 0.69s, API calls acquired: 8
2022-12-14 17:13:03,868 root  WARNING   [+] 176/309 Finished emulation C:\Windows\SysWOW64\provlaunch.exe, took: 0.42s, API calls acquired: 5
2022-12-14 17:13:03,868 root  WARNING   [+] 173/309 Finished emulation C:\Windows\SysWOW64\print.exe, took: 0.81s, API calls acquired: 14
2022-12-14 17:13:03,882 root  WARNING   [+] 177/309 Finished emulation C:\Windows\SysWOW64\psr.exe, took: 0.28s, API calls acquired: 9
2022-12-14 17:13:04,633 root  WARNING   [+] 181/309 Finished emulation C:\Windows\SysWOW64\rasphone.exe, took: 0.50s, API calls acquired: 13
2022-12-14 17:13:04,648 root  WARNING   [+] 182/309 Finished emulation C:\Windows\SysWOW64\RdpSa.exe, took: 0.37s, API calls acquired: 5
2022-12-14 17:13:04,649 root  WARNING   [+] 179/309 Finished emulation C:\Windows\SysWOW64\rasdial.exe, took: 0.44s, API calls acquired: 13
2022-12-14 17:13:04,650 root  WARNING   [+] 180/309 Finished emulation C:\Windows\SysWOW64\raserver.exe, took: 0.49s, API calls acquired: 13
2022-12-14 17:13:04,650 root  WARNING   [+] 178/309 Finished emulation C:\Windows\SysWOW64\rasautou.exe, took: 0.43s, API calls acquired: 14
2022-12-14 17:13:05,327 root  WARNING   [+] 184/309 Finished emulation C:\Windows\SysWOW64\RdpSaUacHelper.exe, took: 0.44s, API calls acquired: 5
2022-12-14 17:13:05,361 root  WARNING   [+] 187/309 Finished emulation C:\Windows\SysWOW64\recover.exe, took: 0.45s, API calls acquired: 12
2022-12-14 17:13:05,421 root  WARNING   [+] 186/309 Finished emulation C:\Windows\SysWOW64\ReAgentc.exe, took: 0.55s, API calls acquired: 19
2022-12-14 17:13:05,421 root  WARNING   [+] 183/309 Finished emulation C:\Windows\SysWOW64\RdpSaProxy.exe, took: 0.39s, API calls acquired: 5
2022-12-14 17:13:05,441 root  WARNING   [+] 185/309 Finished emulation C:\Windows\SysWOW64\rdrleakdiag.exe, took: 0.42s, API calls acquired: 7
2022-12-14 17:13:06,578 root  WARNING   [+] 188/309 Finished emulation C:\Windows\SysWOW64\reg.exe, took: 1.15s, API calls acquired: 7
2022-12-14 17:13:06,728 root  WARNING   [+] 192/309 Finished emulation C:\Windows\SysWOW64\Register-CimProvider.exe, took: 0.68s, API calls acquired: 5
2022-12-14 17:13:06,760 root  WARNING   [+] 189/309 Finished emulation C:\Windows\SysWOW64\regedit.exe, took: 0.39s, API calls acquired: 5
2022-12-14 17:13:06,793 root  WARNING   [+] 190/309 Finished emulation C:\Windows\SysWOW64\regedt32.exe, took: 1.09s, API calls acquired: 13
2022-12-14 17:13:06,871 root  WARNING   [+] 191/309 Finished emulation C:\Windows\SysWOW64\regini.exe, took: 0.80s, API calls acquired: 60
2022-12-14 17:13:06,877 root  WARNING   [+] 193/309 Finished emulation C:\Windows\SysWOW64\regsvr32.exe, took: 0.13s, API calls acquired: 5
2022-12-14 17:13:07,733 root  WARNING   [+] 195/309 Finished emulation C:\Windows\SysWOW64\relog.exe, took: 0.68s, API calls acquired: 7
2022-12-14 17:13:07,750 root  WARNING   [+] 194/309 Finished emulation C:\Windows\SysWOW64\rekeywiz.exe, took: 0.48s, API calls acquired: 5
2022-12-14 17:13:07,761 root  WARNING   [+] 197/309 Finished emulation C:\Windows\SysWOW64\resmon.exe, took: 0.35s, API calls acquired: 9
2022-12-14 17:13:07,761 root  WARNING   [+] 196/309 Finished emulation C:\Windows\SysWOW64\replace.exe, took: 0.80s, API calls acquired: 14
2022-12-14 17:13:08,877 root  WARNING   [+] 202/309 Finished emulation C:\Windows\SysWOW64\RmClient.exe, took: 0.42s, API calls acquired: 12
2022-12-14 17:13:09,269 root  WARNING   [+] 203/309 Finished emulation C:\Windows\SysWOW64\Robocopy.exe, took: 0.13s, API calls acquired: 12
2022-12-14 17:13:09,479 root  WARNING   [+] 204/309 Finished emulation C:\Windows\SysWOW64\RpcPing.exe, took: 0.14s, API calls acquired: 13
2022-12-14 17:13:09,706 root  WARNING   [+] 205/309 Finished emulation C:\Windows\SysWOW64\rrinstaller.exe, took: 0.15s, API calls acquired: 8
2022-12-14 17:13:09,991 root  WARNING   [+] 206/309 Finished emulation C:\Windows\SysWOW64\runas.exe, took: 0.14s, API calls acquired: 13
2022-12-14 17:13:10,262 root  WARNING   [+] 207/309 Finished emulation C:\Windows\SysWOW64\rundll32.exe, took: 0.12s, API calls acquired: 5
2022-12-14 17:13:10,487 root  WARNING   [+] 208/309 Finished emulation C:\Windows\SysWOW64\RunLegacyCPLElevated.exe, took: 0.11s, API calls acquired: 5
2022-12-14 17:13:10,773 root  WARNING   [+] 209/309 Finished emulation C:\Windows\SysWOW64\runonce.exe, took: 0.17s, API calls acquired: 5
2022-12-14 17:13:11,120 root  WARNING   [+] 210/309 Finished emulation C:\Windows\SysWOW64\sc.exe, took: 0.19s, API calls acquired: 7
2022-12-14 17:13:11,466 root  WARNING   [+] 211/309 Finished emulation C:\Windows\SysWOW64\schtasks.exe, took: 0.14s, API calls acquired: 5
2022-12-14 17:13:11,812 root  WARNING   [+] 212/309 Finished emulation C:\Windows\SysWOW64\sdbinst.exe, took: 0.19s, API calls acquired: 12
2022-12-14 17:13:12,099 root  WARNING   [+] 213/309 Finished emulation C:\Windows\SysWOW64\sdchange.exe, took: 0.17s, API calls acquired: 13
2022-12-14 17:13:12,325 root  WARNING   [+] 214/309 Finished emulation C:\Windows\SysWOW64\sdiagnhost.exe, took: 0.12s, API calls acquired: 13
2022-12-14 17:13:12,687 root  WARNING   [+] 215/309 Finished emulation C:\Windows\SysWOW64\SearchFilterHost.exe, took: 0.20s, API calls acquired: 7
2022-12-14 17:13:12,747 root  WARNING   [+] 198/309 Finished emulation C:\Windows\SysWOW64\RMActivate.exe, took: 5.41s, API calls acquired: 9
2022-12-14 17:13:14,106 root  WARNING   [+] 217/309 Finished emulation C:\Windows\SysWOW64\SearchProtocolHost.exe, took: 0.25s, API calls acquired: 7
2022-12-14 17:13:14,106 root  WARNING   [+] 216/309 Finished emulation C:\Windows\SysWOW64\SearchIndexer.exe, took: 0.21s, API calls acquired: 8
2022-12-14 17:13:14,588 root  WARNING   [+] 218/309 Finished emulation C:\Windows\SysWOW64\SecEdit.exe, took: 0.23s, API calls acquired: 5
2022-12-14 17:13:14,617 root  WARNING   [+] 219/309 Finished emulation C:\Windows\SysWOW64\sethc.exe, took: 0.22s, API calls acquired: 13
2022-12-14 17:13:15,055 root  WARNING   [+] 220/309 Finished emulation C:\Windows\SysWOW64\setup16.exe, took: 0.25s, API calls acquired: 13
2022-12-14 17:13:15,056 root  WARNING   [+] 221/309 Finished emulation C:\Windows\SysWOW64\setupugc.exe, took: 0.22s, API calls acquired: 5
2022-12-14 17:13:15,541 root  WARNING   [+] 222/309 Finished emulation C:\Windows\SysWOW64\setx.exe, took: 0.22s, API calls acquired: 5
2022-12-14 17:13:15,584 root  WARNING   [+] 223/309 Finished emulation C:\Windows\SysWOW64\sfc.exe, took: 0.23s, API calls acquired: 13
2022-12-14 17:13:16,051 root  WARNING   [+] 225/309 Finished emulation C:\Windows\SysWOW64\shutdown.exe, took: 0.29s, API calls acquired: 5
2022-12-14 17:13:16,076 root  WARNING   [+] 224/309 Finished emulation C:\Windows\SysWOW64\shrpubw.exe, took: 0.28s, API calls acquired: 13
2022-12-14 17:13:16,714 root  WARNING   [+] 226/309 Finished emulation C:\Windows\SysWOW64\SndVol.exe, took: 0.24s, API calls acquired: 5
2022-12-14 17:13:16,730 root  WARNING   [+] 227/309 Finished emulation C:\Windows\SysWOW64\sort.exe, took: 0.22s, API calls acquired: 12
2022-12-14 17:13:17,166 root  WARNING   [+] 229/309 Finished emulation C:\Windows\SysWOW64\srdelayed.exe, took: 0.21s, API calls acquired: 0
2022-12-14 17:13:17,182 root  WARNING   [+] 228/309 Finished emulation C:\Windows\SysWOW64\SpatialAudioLicenseSrv.exe, took: 0.26s, API calls acquired: 8
2022-12-14 17:13:17,679 root  WARNING   [+] 230/309 Finished emulation C:\Windows\SysWOW64\stordiag.exe, took: 0.30s, API calls acquired: 7
2022-12-14 17:13:17,694 root  WARNING   [+] 231/309 Finished emulation C:\Windows\SysWOW64\subst.exe, took: 0.29s, API calls acquired: 12
2022-12-14 17:13:18,010 root  WARNING   [+] 232/309 Finished emulation C:\Windows\SysWOW64\svchost.exe, took: 0.23s, API calls acquired: 5
2022-12-14 17:13:18,025 root  WARNING   [+] 233/309 Finished emulation C:\Windows\SysWOW64\sxstrace.exe, took: 0.22s, API calls acquired: 13
2022-12-14 17:13:18,392 root  WARNING   [+] 234/309 Finished emulation C:\Windows\SysWOW64\SyncHost.exe, took: 0.31s, API calls acquired: 9
2022-12-14 17:13:18,477 root  WARNING   [+] 235/309 Finished emulation C:\Windows\SysWOW64\systeminfo.exe, took: 0.14s, API calls acquired: 12
2022-12-14 17:13:18,705 root  WARNING   [+] 236/309 Finished emulation C:\Windows\SysWOW64\SystemPropertiesAdvanced.exe, took: 0.20s, API calls acquired: 5
2022-12-14 17:13:18,814 root  WARNING   [+] 237/309 Finished emulation C:\Windows\SysWOW64\SystemPropertiesComputerName.exe, took: 0.19s, API calls acquired: 5
2022-12-14 17:13:19,021 root  WARNING   [+] 238/309 Finished emulation C:\Windows\SysWOW64\SystemPropertiesDataExecutionPrevention.exe, took: 0.20s, API calls acquired: 5
2022-12-14 17:13:19,079 root  WARNING   [+] 239/309 Finished emulation C:\Windows\SysWOW64\SystemPropertiesHardware.exe, took: 0.14s, API calls acquired: 5
2022-12-14 17:13:19,426 root  WARNING   [+] 240/309 Finished emulation C:\Windows\SysWOW64\SystemPropertiesPerformance.exe, took: 0.28s, API calls acquired: 5
2022-12-14 17:13:19,456 root  WARNING   [+] 241/309 Finished emulation C:\Windows\SysWOW64\SystemPropertiesProtection.exe, took: 0.27s, API calls acquired: 5
2022-12-14 17:13:19,719 root  WARNING   [+] 242/309 Finished emulation C:\Windows\SysWOW64\SystemPropertiesRemote.exe, took: 0.23s, API calls acquired: 5
2022-12-14 17:13:19,806 root  WARNING   [+] 243/309 Finished emulation C:\Windows\SysWOW64\SystemUWPLauncher.exe, took: 0.16s, API calls acquired: 7
2022-12-14 17:13:19,990 root  WARNING   [+] 244/309 Finished emulation C:\Windows\SysWOW64\systray.exe, took: 0.19s, API calls acquired: 5
2022-12-14 17:13:20,018 root  WARNING   [+] 200/309 Finished emulation C:\Windows\SysWOW64\RMActivate_ssp.exe, took: 11.52s, API calls acquired: 9
2022-12-14 17:13:20,046 root  WARNING   [+] 201/309 Finished emulation C:\Windows\SysWOW64\RMActivate_ssp_isv.exe, took: 11.52s, API calls acquired: 9
2022-12-14 17:13:20,091 root  WARNING   [+] 245/309 Finished emulation C:\Windows\SysWOW64\takeown.exe, took: 0.15s, API calls acquired: 5
2022-12-14 17:13:20,319 root  WARNING   [+] 199/309 Finished emulation C:\Windows\SysWOW64\RMActivate_isv.exe, took: 11.86s, API calls acquired: 9
2022-12-14 17:13:25,804 root  WARNING   [+] 249/309 Finished emulation C:\Windows\SysWOW64\tasklist.exe, took: 5.43s, API calls acquired: 5
2022-12-14 17:13:25,820 root  WARNING   [+] 247/309 Finished emulation C:\Windows\SysWOW64\tar.exe, took: 5.46s, API calls acquired: 7
2022-12-14 17:13:25,820 root  WARNING   [+] 246/309 Finished emulation C:\Windows\SysWOW64\TapiUnattend.exe, took: 5.49s, API calls acquired: 15
2022-12-14 17:13:25,845 root  WARNING   [+] 248/309 Finished emulation C:\Windows\SysWOW64\taskkill.exe, took: 5.44s, API calls acquired: 12
2022-12-14 17:13:25,997 root  WARNING   [+] 250/309 Finished emulation C:\Windows\SysWOW64\Taskmgr.exe, took: 0.19s, API calls acquired: 8
2022-12-14 17:13:26,694 root  WARNING   [+] 252/309 Finished emulation C:\Windows\SysWOW64\ThumbnailExtractionHost.exe, took: 0.67s, API calls acquired: 5
2022-12-14 17:13:26,736 root  WARNING   [+] 253/309 Finished emulation C:\Windows\SysWOW64\timeout.exe, took: 0.68s, API calls acquired: 14
2022-12-14 17:13:26,738 root  WARNING   [+] 254/309 Finished emulation C:\Windows\SysWOW64\TokenBrokerCookies.exe, took: 0.66s, API calls acquired: 7
2022-12-14 17:13:26,738 root  WARNING   [+] 251/309 Finished emulation C:\Windows\SysWOW64\tcmsetup.exe, took: 0.74s, API calls acquired: 13
2022-12-14 17:13:26,751 root  WARNING   [+] 255/309 Finished emulation C:\Windows\SysWOW64\TpmInit.exe, took: 0.48s, API calls acquired: 13
2022-12-14 17:13:26,773 root  ERROR     [-] 259/309 Failed emulation, NotSupportedError: C:\Windows\SysWOW64\TsWpfWrp.exe
.NET assemblies are not currently supported

2022-12-14 17:13:28,075 root  WARNING   [+] 257/309 Finished emulation C:\Windows\SysWOW64\tracerpt.exe, took: 0.43s, API calls acquired: 5
2022-12-14 17:13:28,075 root  WARNING   [+] 256/309 Finished emulation C:\Windows\SysWOW64\TpmTool.exe, took: 0.59s, API calls acquired: 7
2022-12-14 17:13:28,075 root  WARNING   [+] 258/309 Finished emulation C:\Windows\SysWOW64\TSTheme.exe, took: 0.53s, API calls acquired: 5
2022-12-14 17:13:28,605 root  WARNING   [+] 264/309 Finished emulation C:\Windows\SysWOW64\unlodctr.exe, took: 0.33s, API calls acquired: 7
2022-12-14 17:13:28,617 root  WARNING   [+] 262/309 Finished emulation C:\Windows\SysWOW64\typeperf.exe, took: 0.27s, API calls acquired: 7
2022-12-14 17:13:28,617 root  WARNING   [+] 263/309 Finished emulation C:\Windows\SysWOW64\tzutil.exe, took: 0.31s, API calls acquired: 5
2022-12-14 17:13:28,665 root  WARNING   [+] 261/309 Finished emulation C:\Windows\SysWOW64\tttracer.exe, took: 1.06s, API calls acquired: 178
2022-12-14 17:13:29,341 root  WARNING   [+] 267/309 Finished emulation C:\Windows\SysWOW64\user.exe, took: 0.33s, API calls acquired: 0
2022-12-14 17:13:29,371 root  WARNING   [+] 268/309 Finished emulation C:\Windows\SysWOW64\UserAccountBroker.exe, took: 0.31s, API calls acquired: 5
2022-12-14 17:13:29,371 root  WARNING   [+] 265/309 Finished emulation C:\Windows\SysWOW64\unregmp2.exe, took: 0.39s, API calls acquired: 9
2022-12-14 17:13:29,372 root  WARNING   [+] 266/309 Finished emulation C:\Windows\SysWOW64\upnpcont.exe, took: 0.39s, API calls acquired: 5
2022-12-14 17:13:29,389 root  WARNING   [+] 260/309 Finished emulation C:\Windows\SysWOW64\ttdinject.exe, took: 1.87s, API calls acquired: 272
2022-12-14 17:13:30,224 root  WARNING   [+] 269/309 Finished emulation C:\Windows\SysWOW64\UserAccountControlSettings.exe, took: 0.79s, API calls acquired: 5
2022-12-14 17:13:32,440 root  WARNING   [+] 270/309 Finished emulation C:\Windows\SysWOW64\userinit.exe, took: 2.30s, API calls acquired: 8
2022-12-14 17:13:33,149 root  WARNING   [+] 271/309 Finished emulation C:\Windows\SysWOW64\Utilman.exe, took: 3.09s, API calls acquired: 9
2022-12-14 17:13:34,222 root  WARNING   [+] 272/309 Finished emulation C:\Windows\SysWOW64\verclsid.exe, took: 3.96s, API calls acquired: 13
2022-12-14 17:13:35,290 root  WARNING   [+] 273/309 Finished emulation C:\Windows\SysWOW64\verifiergui.exe, took: 5.08s, API calls acquired: 13
2022-12-14 17:13:44,362 root  WARNING   [+] 274/309 Finished emulation C:\Windows\SysWOW64\VsGraphicsDesktopEngine.exe, took: 1.20s, API calls acquired: 9
2022-12-14 17:13:44,436 root  WARNING   [+] 275/309 Finished emulation C:\Windows\SysWOW64\VsGraphicsRemoteEngine.exe, took: 0.28s, API calls acquired: 7
2022-12-14 17:13:44,725 root  WARNING   [+] 279/309 Finished emulation C:\Windows\SysWOW64\w32tm.exe, took: 0.23s, API calls acquired: 7
2022-12-14 17:13:44,815 root  WARNING   [+] 280/309 Finished emulation C:\Windows\SysWOW64\waitfor.exe, took: 0.25s, API calls acquired: 41
2022-12-14 17:13:46,217 root  WARNING   [+] 281/309 Finished emulation C:\Windows\SysWOW64\wecutil.exe, took: 1.35s, API calls acquired: 5
2022-12-14 17:13:46,262 root  WARNING   [+] 282/309 Finished emulation C:\Windows\SysWOW64\WerFault.exe, took: 0.18s, API calls acquired: 7
2022-12-14 17:13:46,775 root  WARNING   [+] 283/309 Finished emulation C:\Windows\SysWOW64\WerFaultSecure.exe, took: 0.44s, API calls acquired: 7
2022-12-14 17:13:46,790 root  WARNING   [+] 284/309 Finished emulation C:\Windows\SysWOW64\wermgr.exe, took: 0.18s, API calls acquired: 8
2022-12-14 17:13:47,364 root  WARNING   [+] 285/309 Finished emulation C:\Windows\SysWOW64\wevtutil.exe, took: 0.21s, API calls acquired: 7
2022-12-14 17:13:47,364 root  WARNING   [+] 286/309 Finished emulation C:\Windows\SysWOW64\wextract.exe, took: 0.24s, API calls acquired: 13
2022-12-14 17:13:47,381 root  WARNING   [+] 276/309 Finished emulation C:\Windows\SysWOW64\vsjitdebugger.exe, took: 10.62s, API calls acquired: 208
2022-12-14 17:13:47,876 root  WARNING   [+] 289/309 Finished emulation C:\Windows\SysWOW64\wiaacmgr.exe, took: 0.34s, API calls acquired: 13
2022-12-14 17:13:47,891 root  WARNING   [+] 288/309 Finished emulation C:\Windows\SysWOW64\whoami.exe, took: 0.30s, API calls acquired: 13
2022-12-14 17:13:47,922 root  WARNING   [+] 287/309 Finished emulation C:\Windows\SysWOW64\where.exe, took: 0.40s, API calls acquired: 39
2022-12-14 17:13:48,526 root  WARNING   [+] 291/309 Finished emulation C:\Windows\SysWOW64\Windows.WARP.JITService.exe, took: 0.33s, API calls acquired: 7
2022-12-14 17:13:48,526 root  WARNING   [+] 290/309 Finished emulation C:\Windows\SysWOW64\Windows.Media.BackgroundPlayback.exe, took: 0.34s, API calls acquired: 7
2022-12-14 17:13:48,540 root  WARNING   [+] 292/309 Finished emulation C:\Windows\SysWOW64\winrs.exe, took: 0.30s, API calls acquired: 5
2022-12-14 17:13:48,561 root  WARNING   [+] 278/309 Finished emulation C:\Windows\SysWOW64\vulkaninfo.exe, took: 7.93s, API calls acquired: 341
2022-12-14 17:13:48,576 root  WARNING   [+] 277/309 Finished emulation C:\Windows\SysWOW64\vulkaninfo-1-999-0-0-0.exe, took: 8.77s, API calls acquired: 341
2022-12-14 17:13:49,359 root  WARNING   [+] 295/309 Finished emulation C:\Windows\SysWOW64\winver.exe, took: 0.47s, API calls acquired: 5
2022-12-14 17:13:49,392 root  WARNING   [+] 293/309 Finished emulation C:\Windows\SysWOW64\winrshost.exe, took: 0.52s, API calls acquired: 5
2022-12-14 17:13:49,417 root  WARNING   [+] 294/309 Finished emulation C:\Windows\SysWOW64\WinRTNetMUAHostServer.exe, took: 0.37s, API calls acquired: 5
2022-12-14 17:13:49,417 root  WARNING   [+] 296/309 Finished emulation C:\Windows\SysWOW64\wlanext.exe, took: 0.48s, API calls acquired: 5
2022-12-14 17:13:49,434 root  WARNING   [+] 297/309 Finished emulation C:\Windows\SysWOW64\WlanHelper.exe, took: 0.44s, API calls acquired: 21
2022-12-14 17:13:50,163 root  WARNING   [+] 301/309 Finished emulation C:\Windows\SysWOW64\wscadminui.exe, took: 0.65s, API calls acquired: 13
2022-12-14 17:13:50,176 root  WARNING   [+] 299/309 Finished emulation C:\Windows\SysWOW64\WPDShextAutoplay.exe, took: 0.58s, API calls acquired: 9
2022-12-14 17:13:50,178 root  WARNING   [+] 300/309 Finished emulation C:\Windows\SysWOW64\write.exe, took: 0.66s, API calls acquired: 13
2022-12-14 17:13:50,178 root  WARNING   [+] 298/309 Finished emulation C:\Windows\SysWOW64\wowreg32.exe, took: 0.61s, API calls acquired: 15
2022-12-14 17:13:50,179 root  WARNING   [+] 302/309 Finished emulation C:\Windows\SysWOW64\wscript.exe, took: 0.24s, API calls acquired: 15
2022-12-14 17:13:51,838 root  WARNING   [+] 303/309 Finished emulation C:\Windows\SysWOW64\WSManHTTPConfig.exe, took: 0.99s, API calls acquired: 5
2022-12-14 17:13:51,919 root  WARNING   [+] 307/309 Finished emulation C:\Windows\SysWOW64\xcopy.exe, took: 0.60s, API calls acquired: 5
2022-12-14 17:13:51,928 root  WARNING   [+] 304/309 Finished emulation C:\Windows\SysWOW64\wsmprovhost.exe, took: 0.53s, API calls acquired: 5
2022-12-14 17:13:51,956 root  WARNING   [+] 305/309 Finished emulation C:\Windows\SysWOW64\wusa.exe, took: 0.60s, API calls acquired: 13
2022-12-14 17:13:51,956 root  WARNING   [+] 306/309 Finished emulation C:\Windows\SysWOW64\WWAHost.exe, took: 0.59s, API calls acquired: 5
2022-12-14 17:13:52,045 root  WARNING   [+] 308/309 Finished emulation C:\Windows\SysWOW64\xwizard.exe, took: 0.10s, API calls acquired: 5
