06/02/2023 11:12:21 AM Initialized ...
06/02/2023 11:12:21 AM Filtering and normalizing C:\Users\dtrizna\Code\nebula\scripts\preprocessing\..\..\data\data_raw\windows_emulation_trainset\report_backdoor...
06/02/2023 11:17:07 AM Finished... Took: 285.88s
06/02/2023 11:17:07 AM Filtering and normalizing C:\Users\dtrizna\Code\nebula\scripts\preprocessing\..\..\data\data_raw\windows_emulation_trainset\report_clean...
06/02/2023 11:23:46 AM Finished... Took: 398.73s
06/02/2023 11:23:46 AM Filtering and normalizing C:\Users\dtrizna\Code\nebula\scripts\preprocessing\..\..\data\data_raw\windows_emulation_trainset\report_coinminer...
06/02/2023 11:25:55 AM Finished... Took: 129.44s
06/02/2023 11:25:55 AM Filtering and normalizing C:\Users\dtrizna\Code\nebula\scripts\preprocessing\..\..\data\data_raw\windows_emulation_trainset\report_dropper...
06/02/2023 11:27:40 AM Finished... Took: 105.05s
06/02/2023 11:27:40 AM Filtering and normalizing C:\Users\dtrizna\Code\nebula\scripts\preprocessing\..\..\data\data_raw\windows_emulation_trainset\report_keylogger...
06/02/2023 11:29:01 AM Finished... Took: 80.40s
06/02/2023 11:29:01 AM Filtering and normalizing C:\Users\dtrizna\Code\nebula\scripts\preprocessing\..\..\data\data_raw\windows_emulation_trainset\report_ransomware...
06/02/2023 12:32:52 PM Finished... Took: 3831.17s
06/02/2023 12:32:52 PM Filtering and normalizing C:\Users\dtrizna\Code\nebula\scripts\preprocessing\..\..\data\data_raw\windows_emulation_trainset\report_rat...
06/02/2023 12:33:16 PM Finished... Took: 24.06s
06/02/2023 12:33:16 PM Filtering and normalizing C:\Users\dtrizna\Code\nebula\scripts\preprocessing\..\..\data\data_raw\windows_emulation_trainset\report_trojan...
06/02/2023 12:35:39 PM Finished... Took: 143.58s
06/02/2023 12:35:39 PM Filtering and normalizing C:\Users\dtrizna\Code\nebula\scripts\preprocessing\..\..\data\data_raw\windows_emulation_trainset\report_windows_syswow64...
06/02/2023 12:35:42 PM Finished... Took: 2.16s
06/02/2023 12:35:42 PM Filtering and normalizing C:\Users\dtrizna\Code\nebula\scripts\preprocessing\..\..\data\data_raw\windows_emulation_testset\report_backdoor...
06/02/2023 12:36:20 PM Finished... Took: 38.73s
06/02/2023 12:36:20 PM Filtering and normalizing C:\Users\dtrizna\Code\nebula\scripts\preprocessing\..\..\data\data_raw\windows_emulation_testset\report_clean...
06/02/2023 12:38:24 PM Finished... Took: 123.81s
06/02/2023 12:38:24 PM Filtering and normalizing C:\Users\dtrizna\Code\nebula\scripts\preprocessing\..\..\data\data_raw\windows_emulation_testset\report_coinminer...
06/02/2023 12:38:54 PM Finished... Took: 29.60s
06/02/2023 12:38:54 PM Filtering and normalizing C:\Users\dtrizna\Code\nebula\scripts\preprocessing\..\..\data\data_raw\windows_emulation_testset\report_dropper...
06/02/2023 12:38:57 PM Finished... Took: 3.20s
06/02/2023 12:38:57 PM Filtering and normalizing C:\Users\dtrizna\Code\nebula\scripts\preprocessing\..\..\data\data_raw\windows_emulation_testset\report_keylogger...
06/02/2023 12:39:10 PM Finished... Took: 12.80s
06/02/2023 12:39:10 PM Filtering and normalizing C:\Users\dtrizna\Code\nebula\scripts\preprocessing\..\..\data\data_raw\windows_emulation_testset\report_ransomware...
06/02/2023 12:41:24 PM Finished... Took: 134.02s
06/02/2023 12:41:24 PM Filtering and normalizing C:\Users\dtrizna\Code\nebula\scripts\preprocessing\..\..\data\data_raw\windows_emulation_testset\report_rat...
06/02/2023 12:41:44 PM Finished... Took: 19.90s
06/02/2023 12:41:44 PM Filtering and normalizing C:\Users\dtrizna\Code\nebula\scripts\preprocessing\..\..\data\data_raw\windows_emulation_testset\report_trojan...
06/02/2023 12:41:58 PM Finished... Took: 14.18s
06/02/2023 12:41:58 PM Filtering and normalizing C:\Users\dtrizna\Code\nebula\scripts\preprocessing\..\..\data\data_raw\windows_emulation_testset\report_windows_syswow64...
06/02/2023 12:41:58 PM Finished... Took: 0.53s
06/02/2023 12:41:58 PM  [!] Initialized tokenizer without pre-trained model.
	You need to train tokenizer with .train() or specify 'model_path=' during initialization!
06/02/2023 12:41:58 PM Training tokenizer with vocab size: 50000...
06/02/2023 12:41:58 PM  [*] Data preparation for SentencePiece tokenizer...
06/02/2023 12:44:29 PM  [*] Saving to disk...
06/02/2023 12:44:33 PM  [!] Training tokenizer with command: --input=C:\Users\dtrizna\Code\nebula\scripts\preprocessing\..\..\data\data_filtered\speakeasy_trainset_BPE_50k_new\speakeasy_VocabSize_50000_tokenizer_trainset_1685702669.txt --model_prefix=C:\Users\dtrizna\Code\nebula\scripts\preprocessing\..\..\data\data_filtered\speakeasy_trainset_BPE_50k_new\speakeasy_VocabSize_50000_tokenizer --vocab_size=50000 --model_type=bpe --split_by_number=False --max_sentence_length=4192 --max_sentencepiece_length=64
06/02/2023 12:47:40 PM  [!] Loaded vocab with size 50001 from C:\Users\dtrizna\Code\nebula\scripts\preprocessing\..\..\data\data_filtered\speakeasy_trainset_BPE_50k_new\speakeasy_VocabSize_50000_tokenizer.vocab
06/02/2023 12:47:41 PM Encoding...
06/02/2023 01:13:58 PM Padding with maxLen=512...
06/02/2023 01:13:58 PM Saving files with prefix: speakeasy_VocabSize_50000_maxLen_512
