06/02/2023 01:33:50 PM Initialized ...
06/02/2023 01:33:50 PM Filtering and normalizing C:\Users\dtrizna\Code\nebula\scripts\preprocessing\..\..\data\data_raw\windows_emulation_trainset\report_backdoor...
06/02/2023 01:38:31 PM Finished... Took: 281.01s
06/02/2023 01:38:31 PM Filtering and normalizing C:\Users\dtrizna\Code\nebula\scripts\preprocessing\..\..\data\data_raw\windows_emulation_trainset\report_clean...
06/02/2023 01:44:53 PM Finished... Took: 382.31s
06/02/2023 01:44:53 PM Filtering and normalizing C:\Users\dtrizna\Code\nebula\scripts\preprocessing\..\..\data\data_raw\windows_emulation_trainset\report_coinminer...
06/02/2023 01:46:55 PM Finished... Took: 121.56s
06/02/2023 01:46:55 PM Filtering and normalizing C:\Users\dtrizna\Code\nebula\scripts\preprocessing\..\..\data\data_raw\windows_emulation_trainset\report_dropper...
06/02/2023 01:48:36 PM Finished... Took: 100.64s
06/02/2023 01:48:36 PM Filtering and normalizing C:\Users\dtrizna\Code\nebula\scripts\preprocessing\..\..\data\data_raw\windows_emulation_trainset\report_keylogger...
06/02/2023 01:49:53 PM Finished... Took: 77.01s
06/02/2023 01:49:53 PM Filtering and normalizing C:\Users\dtrizna\Code\nebula\scripts\preprocessing\..\..\data\data_raw\windows_emulation_trainset\report_ransomware...
06/02/2023 01:53:27 PM Finished... Took: 214.78s
06/02/2023 01:53:27 PM Filtering and normalizing C:\Users\dtrizna\Code\nebula\scripts\preprocessing\..\..\data\data_raw\windows_emulation_trainset\report_rat...
06/02/2023 01:53:52 PM Finished... Took: 24.89s
06/02/2023 01:53:52 PM Filtering and normalizing C:\Users\dtrizna\Code\nebula\scripts\preprocessing\..\..\data\data_raw\windows_emulation_trainset\report_trojan...
06/02/2023 01:56:13 PM Finished... Took: 140.86s
06/02/2023 01:56:13 PM Filtering and normalizing C:\Users\dtrizna\Code\nebula\scripts\preprocessing\..\..\data\data_raw\windows_emulation_trainset\report_windows_syswow64...
06/02/2023 01:56:15 PM Finished... Took: 2.30s
06/02/2023 01:56:15 PM Filtering and normalizing C:\Users\dtrizna\Code\nebula\scripts\preprocessing\..\..\data\data_raw\windows_emulation_testset\report_backdoor...
06/02/2023 01:56:54 PM Finished... Took: 38.39s
06/02/2023 01:56:54 PM Filtering and normalizing C:\Users\dtrizna\Code\nebula\scripts\preprocessing\..\..\data\data_raw\windows_emulation_testset\report_clean...
06/02/2023 01:58:55 PM Finished... Took: 120.82s
06/02/2023 01:58:55 PM Filtering and normalizing C:\Users\dtrizna\Code\nebula\scripts\preprocessing\..\..\data\data_raw\windows_emulation_testset\report_coinminer...
06/02/2023 01:59:30 PM Finished... Took: 34.97s
06/02/2023 01:59:30 PM Filtering and normalizing C:\Users\dtrizna\Code\nebula\scripts\preprocessing\..\..\data\data_raw\windows_emulation_testset\report_dropper...
06/02/2023 01:59:34 PM Finished... Took: 4.07s
06/02/2023 01:59:34 PM Filtering and normalizing C:\Users\dtrizna\Code\nebula\scripts\preprocessing\..\..\data\data_raw\windows_emulation_testset\report_keylogger...
06/02/2023 01:59:57 PM Finished... Took: 23.14s
06/02/2023 01:59:57 PM Filtering and normalizing C:\Users\dtrizna\Code\nebula\scripts\preprocessing\..\..\data\data_raw\windows_emulation_testset\report_ransomware...
06/02/2023 02:03:46 PM Finished... Took: 229.50s
06/02/2023 02:03:46 PM Filtering and normalizing C:\Users\dtrizna\Code\nebula\scripts\preprocessing\..\..\data\data_raw\windows_emulation_testset\report_rat...
06/02/2023 02:04:24 PM Finished... Took: 38.13s
06/02/2023 02:04:24 PM Filtering and normalizing C:\Users\dtrizna\Code\nebula\scripts\preprocessing\..\..\data\data_raw\windows_emulation_testset\report_trojan...
06/02/2023 02:04:48 PM Finished... Took: 23.19s
06/02/2023 02:04:48 PM Filtering and normalizing C:\Users\dtrizna\Code\nebula\scripts\preprocessing\..\..\data\data_raw\windows_emulation_testset\report_windows_syswow64...
06/02/2023 02:04:49 PM Finished... Took: 1.00s
06/02/2023 02:04:49 PM  [!] Initialized tokenizer without pre-trained model.
	You need to train tokenizer with .train() or specify 'model_path=' during initialization!
06/02/2023 02:04:49 PM Training tokenizer with vocab size: 50000...
06/02/2023 02:04:49 PM  [*] Data preparation for SentencePiece tokenizer...
06/02/2023 02:08:40 PM  [*] Saving to disk...
06/02/2023 02:08:45 PM  [!] Training tokenizer with command: --input=C:\Users\dtrizna\Code\nebula\scripts\preprocessing\..\..\data\data_filtered\speakeasy_trainset_BPE_50k_new\speakeasy_vocab_size_50000_tokenizer_trainset_1685707720.txt --model_prefix=C:\Users\dtrizna\Code\nebula\scripts\preprocessing\..\..\data\data_filtered\speakeasy_trainset_BPE_50k_new\speakeasy_vocab_size_50000_tokenizer --vocab_size=50000 --model_type=bpe --split_by_number=False --max_sentence_length=4192 --max_sentencepiece_length=64
06/02/2023 02:17:27 PM  [!] Loaded vocab with size 50001 from C:\Users\dtrizna\Code\nebula\scripts\preprocessing\..\..\data\data_filtered\speakeasy_trainset_BPE_50k_new\speakeasy_vocab_size_50000_tokenizer.vocab
06/02/2023 02:17:27 PM Encoding...
06/02/2023 02:25:23 PM Saving files with prefix: speakeasy_vocab_size_50000_maxLen_512
