WARNING:root:Initialized ...
WARNING:root:2022-12-24 09:21:19: Starting Preprocessing: VocabSize: 500, MaxSeqLen: 512
WARNING:root:2022-12-24 09:21:19: Building vocab with vocab size: 500...
WARNING:root:Dumped vocab to C:\Users\dtrizna\Code\nebula\data\data_filtered\speakeasy_trainset_WithAPIargs\speakeasy_VocabSize_500.pkl
WARNING:root:Dumped vocab counter to C:\Users\dtrizna\Code\nebula\data\data_filtered\speakeasy_trainset_WithAPIargs\speakeasy_counter.pkl
WARNING:root:Dumped vocab counter plot to C:\Users\dtrizna\Code\nebula\data\data_filtered\speakeasy_trainset_WithAPIargs\speakeasy_counter_plot.png
WARNING:root:2022-12-24 09:21:26: Encoding...
WARNING:root:2022-12-24 09:21:34: Padding...
WARNING:root:2022-12-24 09:21:37: Saving files with prefix: speakeasy_VocabSize_500_maxLen_512
WARNING:root:2022-12-24 09:21:37: Starting Preprocessing: VocabSize: 500, MaxSeqLen: 1024
WARNING:root:2022-12-24 09:21:37: Building vocab with vocab size: 500...
WARNING:root:Dumped vocab to C:\Users\dtrizna\Code\nebula\data\data_filtered\speakeasy_trainset_WithAPIargs\speakeasy_VocabSize_500.pkl
WARNING:root:Dumped vocab counter to C:\Users\dtrizna\Code\nebula\data\data_filtered\speakeasy_trainset_WithAPIargs\speakeasy_counter.pkl
WARNING:root:Dumped vocab counter plot to C:\Users\dtrizna\Code\nebula\data\data_filtered\speakeasy_trainset_WithAPIargs\speakeasy_counter_plot.png
WARNING:root:2022-12-24 09:21:42: Encoding...
WARNING:root:2022-12-24 09:21:50: Padding...
WARNING:root:2022-12-24 09:21:54: Saving files with prefix: speakeasy_VocabSize_500_maxLen_1024
WARNING:root:2022-12-24 09:21:54: Starting Preprocessing: VocabSize: 500, MaxSeqLen: 2048
WARNING:root:2022-12-24 09:21:54: Building vocab with vocab size: 500...
WARNING:root:Dumped vocab to C:\Users\dtrizna\Code\nebula\data\data_filtered\speakeasy_trainset_WithAPIargs\speakeasy_VocabSize_500.pkl
WARNING:root:Dumped vocab counter to C:\Users\dtrizna\Code\nebula\data\data_filtered\speakeasy_trainset_WithAPIargs\speakeasy_counter.pkl
WARNING:root:Dumped vocab counter plot to C:\Users\dtrizna\Code\nebula\data\data_filtered\speakeasy_trainset_WithAPIargs\speakeasy_counter_plot.png
WARNING:root:2022-12-24 09:22:00: Encoding...
WARNING:root:2022-12-24 09:22:08: Padding...
WARNING:root:2022-12-24 09:22:16: Saving files with prefix: speakeasy_VocabSize_500_maxLen_2048
WARNING:root:2022-12-24 09:22:17: Starting Preprocessing: VocabSize: 500, MaxSeqLen: 4096
WARNING:root:2022-12-24 09:22:17: Building vocab with vocab size: 500...
WARNING:root:Dumped vocab to C:\Users\dtrizna\Code\nebula\data\data_filtered\speakeasy_trainset_WithAPIargs\speakeasy_VocabSize_500.pkl
WARNING:root:Dumped vocab counter to C:\Users\dtrizna\Code\nebula\data\data_filtered\speakeasy_trainset_WithAPIargs\speakeasy_counter.pkl
WARNING:root:Dumped vocab counter plot to C:\Users\dtrizna\Code\nebula\data\data_filtered\speakeasy_trainset_WithAPIargs\speakeasy_counter_plot.png
WARNING:root:2022-12-24 09:22:22: Encoding...
WARNING:root:2022-12-24 09:22:31: Padding...
WARNING:root:2022-12-24 09:22:46: Saving files with prefix: speakeasy_VocabSize_500_maxLen_4096
WARNING:root:2022-12-24 09:22:47: Starting Preprocessing: VocabSize: 500, MaxSeqLen: 6144
WARNING:root:2022-12-24 09:22:47: Building vocab with vocab size: 500...
WARNING:root:Dumped vocab to C:\Users\dtrizna\Code\nebula\data\data_filtered\speakeasy_trainset_WithAPIargs\speakeasy_VocabSize_500.pkl
WARNING:root:Dumped vocab counter to C:\Users\dtrizna\Code\nebula\data\data_filtered\speakeasy_trainset_WithAPIargs\speakeasy_counter.pkl
WARNING:root:Dumped vocab counter plot to C:\Users\dtrizna\Code\nebula\data\data_filtered\speakeasy_trainset_WithAPIargs\speakeasy_counter_plot.png
WARNING:root:2022-12-24 09:22:53: Encoding...
WARNING:root:2022-12-24 09:23:00: Padding...
WARNING:root:2022-12-24 09:23:22: Saving files with prefix: speakeasy_VocabSize_500_maxLen_6144
WARNING:root: [!] Skipping speakeasy_VocabSize_1000_maxLen_512 because files already exist
WARNING:root: [!] Skipping speakeasy_VocabSize_1000_maxLen_1024 because files already exist
WARNING:root: [!] Skipping speakeasy_VocabSize_1000_maxLen_2048 because files already exist
WARNING:root: [!] Skipping speakeasy_VocabSize_1000_maxLen_4096 because files already exist
WARNING:root:2022-12-24 09:23:24: Starting Preprocessing: VocabSize: 1000, MaxSeqLen: 6144
WARNING:root:2022-12-24 09:23:24: Building vocab with vocab size: 1000...
WARNING:root:Dumped vocab to C:\Users\dtrizna\Code\nebula\data\data_filtered\speakeasy_trainset_WithAPIargs\speakeasy_VocabSize_1000.pkl
WARNING:root:Dumped vocab counter to C:\Users\dtrizna\Code\nebula\data\data_filtered\speakeasy_trainset_WithAPIargs\speakeasy_counter.pkl
WARNING:root:Dumped vocab counter plot to C:\Users\dtrizna\Code\nebula\data\data_filtered\speakeasy_trainset_WithAPIargs\speakeasy_counter_plot.png
WARNING:root:2022-12-24 09:23:29: Encoding...
WARNING:root:2022-12-24 09:23:38: Padding...
WARNING:root:2022-12-24 09:23:59: Saving files with prefix: speakeasy_VocabSize_1000_maxLen_6144
WARNING:root: [!] Skipping speakeasy_VocabSize_1500_maxLen_512 because files already exist
WARNING:root: [!] Skipping speakeasy_VocabSize_1500_maxLen_1024 because files already exist
WARNING:root: [!] Skipping speakeasy_VocabSize_1500_maxLen_2048 because files already exist
WARNING:root: [!] Skipping speakeasy_VocabSize_1500_maxLen_4096 because files already exist
WARNING:root:2022-12-24 09:24:02: Starting Preprocessing: VocabSize: 1500, MaxSeqLen: 6144
WARNING:root:2022-12-24 09:24:02: Building vocab with vocab size: 1500...
WARNING:root:Dumped vocab to C:\Users\dtrizna\Code\nebula\data\data_filtered\speakeasy_trainset_WithAPIargs\speakeasy_VocabSize_1500.pkl
WARNING:root:Dumped vocab counter to C:\Users\dtrizna\Code\nebula\data\data_filtered\speakeasy_trainset_WithAPIargs\speakeasy_counter.pkl
WARNING:root:Dumped vocab counter plot to C:\Users\dtrizna\Code\nebula\data\data_filtered\speakeasy_trainset_WithAPIargs\speakeasy_counter_plot.png
WARNING:root:2022-12-24 09:24:07: Encoding...
WARNING:root:2022-12-24 09:24:15: Padding...
WARNING:root:2022-12-24 09:24:37: Saving files with prefix: speakeasy_VocabSize_1500_maxLen_6144
WARNING:root: [!] Skipping speakeasy_VocabSize_2000_maxLen_512 because files already exist
WARNING:root: [!] Skipping speakeasy_VocabSize_2000_maxLen_1024 because files already exist
WARNING:root: [!] Skipping speakeasy_VocabSize_2000_maxLen_2048 because files already exist
WARNING:root: [!] Skipping speakeasy_VocabSize_2000_maxLen_4096 because files already exist
WARNING:root:2022-12-24 09:24:39: Starting Preprocessing: VocabSize: 2000, MaxSeqLen: 6144
WARNING:root:2022-12-24 09:24:39: Building vocab with vocab size: 2000...
WARNING:root:Dumped vocab to C:\Users\dtrizna\Code\nebula\data\data_filtered\speakeasy_trainset_WithAPIargs\speakeasy_VocabSize_2000.pkl
WARNING:root:Dumped vocab counter to C:\Users\dtrizna\Code\nebula\data\data_filtered\speakeasy_trainset_WithAPIargs\speakeasy_counter.pkl
WARNING:root:Dumped vocab counter plot to C:\Users\dtrizna\Code\nebula\data\data_filtered\speakeasy_trainset_WithAPIargs\speakeasy_counter_plot.png
WARNING:root:2022-12-24 09:24:44: Encoding...
WARNING:root:2022-12-24 09:24:51: Padding...
WARNING:root:2022-12-24 09:25:13: Saving files with prefix: speakeasy_VocabSize_2000_maxLen_6144
WARNING:root: [!] Skipping speakeasy_VocabSize_2500_maxLen_512 because files already exist
WARNING:root: [!] Skipping speakeasy_VocabSize_2500_maxLen_1024 because files already exist
WARNING:root: [!] Skipping speakeasy_VocabSize_2500_maxLen_2048 because files already exist
WARNING:root: [!] Skipping speakeasy_VocabSize_2500_maxLen_4096 because files already exist
WARNING:root:2022-12-24 09:25:16: Starting Preprocessing: VocabSize: 2500, MaxSeqLen: 6144
WARNING:root:2022-12-24 09:25:16: Building vocab with vocab size: 2500...
WARNING:root:Dumped vocab to C:\Users\dtrizna\Code\nebula\data\data_filtered\speakeasy_trainset_WithAPIargs\speakeasy_VocabSize_2500.pkl
WARNING:root:Dumped vocab counter to C:\Users\dtrizna\Code\nebula\data\data_filtered\speakeasy_trainset_WithAPIargs\speakeasy_counter.pkl
WARNING:root:Dumped vocab counter plot to C:\Users\dtrizna\Code\nebula\data\data_filtered\speakeasy_trainset_WithAPIargs\speakeasy_counter_plot.png
WARNING:root:2022-12-24 09:25:21: Encoding...
WARNING:root:2022-12-24 09:25:28: Padding...
WARNING:root:2022-12-24 09:25:50: Saving files with prefix: speakeasy_VocabSize_2500_maxLen_6144
WARNING:root: [!] Skipping speakeasy_VocabSize_5000_maxLen_512 because files already exist
WARNING:root: [!] Skipping speakeasy_VocabSize_5000_maxLen_1024 because files already exist
WARNING:root: [!] Skipping speakeasy_VocabSize_5000_maxLen_2048 because files already exist
WARNING:root: [!] Skipping speakeasy_VocabSize_5000_maxLen_4096 because files already exist
WARNING:root:2022-12-24 09:25:52: Starting Preprocessing: VocabSize: 5000, MaxSeqLen: 6144
WARNING:root:2022-12-24 09:25:52: Building vocab with vocab size: 5000...
WARNING:root:Dumped vocab to C:\Users\dtrizna\Code\nebula\data\data_filtered\speakeasy_trainset_WithAPIargs\speakeasy_VocabSize_5000.pkl
WARNING:root:Dumped vocab counter to C:\Users\dtrizna\Code\nebula\data\data_filtered\speakeasy_trainset_WithAPIargs\speakeasy_counter.pkl
WARNING:root:Dumped vocab counter plot to C:\Users\dtrizna\Code\nebula\data\data_filtered\speakeasy_trainset_WithAPIargs\speakeasy_counter_plot.png
WARNING:root:2022-12-24 09:25:57: Encoding...
WARNING:root:2022-12-24 09:26:05: Padding...
WARNING:root:2022-12-24 09:26:26: Saving files with prefix: speakeasy_VocabSize_5000_maxLen_6144
WARNING:root: [!] Skipping speakeasy_VocabSize_10000_maxLen_512 because files already exist
WARNING:root: [!] Skipping speakeasy_VocabSize_10000_maxLen_1024 because files already exist
WARNING:root: [!] Skipping speakeasy_VocabSize_10000_maxLen_2048 because files already exist
WARNING:root: [!] Skipping speakeasy_VocabSize_10000_maxLen_4096 because files already exist
WARNING:root:2022-12-24 09:26:29: Starting Preprocessing: VocabSize: 10000, MaxSeqLen: 6144
WARNING:root:2022-12-24 09:26:29: Building vocab with vocab size: 10000...
WARNING:root:Dumped vocab to C:\Users\dtrizna\Code\nebula\data\data_filtered\speakeasy_trainset_WithAPIargs\speakeasy_VocabSize_10000.pkl
WARNING:root:Dumped vocab counter to C:\Users\dtrizna\Code\nebula\data\data_filtered\speakeasy_trainset_WithAPIargs\speakeasy_counter.pkl
WARNING:root:Dumped vocab counter plot to C:\Users\dtrizna\Code\nebula\data\data_filtered\speakeasy_trainset_WithAPIargs\speakeasy_counter_plot.png
WARNING:root:2022-12-24 09:26:34: Encoding...
WARNING:root:2022-12-24 09:26:42: Padding...
WARNING:root:2022-12-24 09:27:03: Saving files with prefix: speakeasy_VocabSize_10000_maxLen_6144
WARNING:root: [!] Skipping speakeasy_VocabSize_15000_maxLen_512 because files already exist
WARNING:root: [!] Skipping speakeasy_VocabSize_15000_maxLen_1024 because files already exist
WARNING:root: [!] Skipping speakeasy_VocabSize_15000_maxLen_2048 because files already exist
WARNING:root: [!] Skipping speakeasy_VocabSize_15000_maxLen_4096 because files already exist
WARNING:root:2022-12-24 09:27:05: Starting Preprocessing: VocabSize: 15000, MaxSeqLen: 6144
WARNING:root:2022-12-24 09:27:05: Building vocab with vocab size: 15000...
WARNING:root:Dumped vocab to C:\Users\dtrizna\Code\nebula\data\data_filtered\speakeasy_trainset_WithAPIargs\speakeasy_VocabSize_15000.pkl
WARNING:root:Dumped vocab counter to C:\Users\dtrizna\Code\nebula\data\data_filtered\speakeasy_trainset_WithAPIargs\speakeasy_counter.pkl
WARNING:root:Dumped vocab counter plot to C:\Users\dtrizna\Code\nebula\data\data_filtered\speakeasy_trainset_WithAPIargs\speakeasy_counter_plot.png
WARNING:root:2022-12-24 09:27:10: Encoding...
WARNING:root:2022-12-24 09:27:19: Padding...
WARNING:root:2022-12-24 09:27:40: Saving files with prefix: speakeasy_VocabSize_15000_maxLen_6144
WARNING:root:2022-12-24 09:27:43: Starting Preprocessing: VocabSize: 20000, MaxSeqLen: 512
WARNING:root:2022-12-24 09:27:43: Building vocab with vocab size: 20000...
WARNING:root:Dumped vocab to C:\Users\dtrizna\Code\nebula\data\data_filtered\speakeasy_trainset_WithAPIargs\speakeasy_VocabSize_20000.pkl
WARNING:root:Dumped vocab counter to C:\Users\dtrizna\Code\nebula\data\data_filtered\speakeasy_trainset_WithAPIargs\speakeasy_counter.pkl
WARNING:root:Dumped vocab counter plot to C:\Users\dtrizna\Code\nebula\data\data_filtered\speakeasy_trainset_WithAPIargs\speakeasy_counter_plot.png
WARNING:root:2022-12-24 09:27:48: Encoding...
WARNING:root:2022-12-24 09:27:57: Padding...
WARNING:root:2022-12-24 09:27:59: Saving files with prefix: speakeasy_VocabSize_20000_maxLen_512
WARNING:root:2022-12-24 09:28:00: Starting Preprocessing: VocabSize: 20000, MaxSeqLen: 1024
WARNING:root:2022-12-24 09:28:00: Building vocab with vocab size: 20000...
WARNING:root:Dumped vocab to C:\Users\dtrizna\Code\nebula\data\data_filtered\speakeasy_trainset_WithAPIargs\speakeasy_VocabSize_20000.pkl
WARNING:root:Dumped vocab counter to C:\Users\dtrizna\Code\nebula\data\data_filtered\speakeasy_trainset_WithAPIargs\speakeasy_counter.pkl
WARNING:root:Dumped vocab counter plot to C:\Users\dtrizna\Code\nebula\data\data_filtered\speakeasy_trainset_WithAPIargs\speakeasy_counter_plot.png
WARNING:root:2022-12-24 09:28:06: Encoding...
WARNING:root:2022-12-24 09:28:14: Padding...
WARNING:root:2022-12-24 09:28:18: Saving files with prefix: speakeasy_VocabSize_20000_maxLen_1024
WARNING:root:2022-12-24 09:28:18: Starting Preprocessing: VocabSize: 20000, MaxSeqLen: 2048
WARNING:root:2022-12-24 09:28:18: Building vocab with vocab size: 20000...
WARNING:root:Dumped vocab to C:\Users\dtrizna\Code\nebula\data\data_filtered\speakeasy_trainset_WithAPIargs\speakeasy_VocabSize_20000.pkl
WARNING:root:Dumped vocab counter to C:\Users\dtrizna\Code\nebula\data\data_filtered\speakeasy_trainset_WithAPIargs\speakeasy_counter.pkl
WARNING:root:Dumped vocab counter plot to C:\Users\dtrizna\Code\nebula\data\data_filtered\speakeasy_trainset_WithAPIargs\speakeasy_counter_plot.png
WARNING:root:2022-12-24 09:28:25: Encoding...
WARNING:root:2022-12-24 09:28:32: Padding...
WARNING:root:2022-12-24 09:28:40: Saving files with prefix: speakeasy_VocabSize_20000_maxLen_2048
WARNING:root:2022-12-24 09:28:40: Starting Preprocessing: VocabSize: 20000, MaxSeqLen: 4096
WARNING:root:2022-12-24 09:28:40: Building vocab with vocab size: 20000...
WARNING:root:Dumped vocab to C:\Users\dtrizna\Code\nebula\data\data_filtered\speakeasy_trainset_WithAPIargs\speakeasy_VocabSize_20000.pkl
WARNING:root:Dumped vocab counter to C:\Users\dtrizna\Code\nebula\data\data_filtered\speakeasy_trainset_WithAPIargs\speakeasy_counter.pkl
WARNING:root:Dumped vocab counter plot to C:\Users\dtrizna\Code\nebula\data\data_filtered\speakeasy_trainset_WithAPIargs\speakeasy_counter_plot.png
WARNING:root:2022-12-24 09:28:47: Encoding...
WARNING:root:2022-12-24 09:28:54: Padding...
WARNING:root:2022-12-24 09:29:09: Saving files with prefix: speakeasy_VocabSize_20000_maxLen_4096
WARNING:root:2022-12-24 09:29:11: Starting Preprocessing: VocabSize: 20000, MaxSeqLen: 6144
WARNING:root:2022-12-24 09:29:11: Building vocab with vocab size: 20000...
WARNING:root:Dumped vocab to C:\Users\dtrizna\Code\nebula\data\data_filtered\speakeasy_trainset_WithAPIargs\speakeasy_VocabSize_20000.pkl
WARNING:root:Dumped vocab counter to C:\Users\dtrizna\Code\nebula\data\data_filtered\speakeasy_trainset_WithAPIargs\speakeasy_counter.pkl
WARNING:root:Dumped vocab counter plot to C:\Users\dtrizna\Code\nebula\data\data_filtered\speakeasy_trainset_WithAPIargs\speakeasy_counter_plot.png
WARNING:root:2022-12-24 09:29:17: Encoding...
WARNING:root:2022-12-24 09:29:24: Padding...
WARNING:root:2022-12-24 09:29:47: Saving files with prefix: speakeasy_VocabSize_20000_maxLen_6144
WARNING:root:2022-12-24 09:29:49: Starting Preprocessing: VocabSize: 25000, MaxSeqLen: 512
WARNING:root:2022-12-24 09:29:49: Building vocab with vocab size: 25000...
WARNING:root:Dumped vocab to C:\Users\dtrizna\Code\nebula\data\data_filtered\speakeasy_trainset_WithAPIargs\speakeasy_VocabSize_25000.pkl
WARNING:root:Dumped vocab counter to C:\Users\dtrizna\Code\nebula\data\data_filtered\speakeasy_trainset_WithAPIargs\speakeasy_counter.pkl
WARNING:root:Dumped vocab counter plot to C:\Users\dtrizna\Code\nebula\data\data_filtered\speakeasy_trainset_WithAPIargs\speakeasy_counter_plot.png
WARNING:root:2022-12-24 09:29:55: Encoding...
WARNING:root:2022-12-24 09:30:03: Padding...
WARNING:root:2022-12-24 09:30:05: Saving files with prefix: speakeasy_VocabSize_25000_maxLen_512
WARNING:root:2022-12-24 09:30:06: Starting Preprocessing: VocabSize: 25000, MaxSeqLen: 1024
WARNING:root:2022-12-24 09:30:06: Building vocab with vocab size: 25000...
WARNING:root:Dumped vocab to C:\Users\dtrizna\Code\nebula\data\data_filtered\speakeasy_trainset_WithAPIargs\speakeasy_VocabSize_25000.pkl
WARNING:root:Dumped vocab counter to C:\Users\dtrizna\Code\nebula\data\data_filtered\speakeasy_trainset_WithAPIargs\speakeasy_counter.pkl
WARNING:root:Dumped vocab counter plot to C:\Users\dtrizna\Code\nebula\data\data_filtered\speakeasy_trainset_WithAPIargs\speakeasy_counter_plot.png
WARNING:root:2022-12-24 09:30:12: Encoding...
WARNING:root:2022-12-24 09:30:21: Padding...
WARNING:root:2022-12-24 09:30:24: Saving files with prefix: speakeasy_VocabSize_25000_maxLen_1024
WARNING:root:2022-12-24 09:30:25: Starting Preprocessing: VocabSize: 25000, MaxSeqLen: 2048
WARNING:root:2022-12-24 09:30:25: Building vocab with vocab size: 25000...
WARNING:root:Dumped vocab to C:\Users\dtrizna\Code\nebula\data\data_filtered\speakeasy_trainset_WithAPIargs\speakeasy_VocabSize_25000.pkl
WARNING:root:Dumped vocab counter to C:\Users\dtrizna\Code\nebula\data\data_filtered\speakeasy_trainset_WithAPIargs\speakeasy_counter.pkl
WARNING:root:Dumped vocab counter plot to C:\Users\dtrizna\Code\nebula\data\data_filtered\speakeasy_trainset_WithAPIargs\speakeasy_counter_plot.png
WARNING:root:2022-12-24 09:30:30: Encoding...
WARNING:root:2022-12-24 09:30:39: Padding...
WARNING:root:2022-12-24 09:30:46: Saving files with prefix: speakeasy_VocabSize_25000_maxLen_2048
WARNING:root:2022-12-24 09:30:47: Starting Preprocessing: VocabSize: 25000, MaxSeqLen: 4096
WARNING:root:2022-12-24 09:30:47: Building vocab with vocab size: 25000...
WARNING:root:Dumped vocab to C:\Users\dtrizna\Code\nebula\data\data_filtered\speakeasy_trainset_WithAPIargs\speakeasy_VocabSize_25000.pkl
WARNING:root:Dumped vocab counter to C:\Users\dtrizna\Code\nebula\data\data_filtered\speakeasy_trainset_WithAPIargs\speakeasy_counter.pkl
WARNING:root:Dumped vocab counter plot to C:\Users\dtrizna\Code\nebula\data\data_filtered\speakeasy_trainset_WithAPIargs\speakeasy_counter_plot.png
WARNING:root:2022-12-24 09:30:52: Encoding...
WARNING:root:2022-12-24 09:31:02: Padding...
WARNING:root:2022-12-24 09:31:16: Saving files with prefix: speakeasy_VocabSize_25000_maxLen_4096
WARNING:root:2022-12-24 09:31:18: Starting Preprocessing: VocabSize: 25000, MaxSeqLen: 6144
WARNING:root:2022-12-24 09:31:18: Building vocab with vocab size: 25000...
WARNING:root:Dumped vocab to C:\Users\dtrizna\Code\nebula\data\data_filtered\speakeasy_trainset_WithAPIargs\speakeasy_VocabSize_25000.pkl
WARNING:root:Dumped vocab counter to C:\Users\dtrizna\Code\nebula\data\data_filtered\speakeasy_trainset_WithAPIargs\speakeasy_counter.pkl
WARNING:root:Dumped vocab counter plot to C:\Users\dtrizna\Code\nebula\data\data_filtered\speakeasy_trainset_WithAPIargs\speakeasy_counter_plot.png
WARNING:root:2022-12-24 09:31:23: Encoding...
WARNING:root:2022-12-24 09:31:31: Padding...
WARNING:root:2022-12-24 09:31:54: Saving files with prefix: speakeasy_VocabSize_25000_maxLen_6144
