WARNING:root:Initialized ...
WARNING:root:2022-12-23 15:22:16: Filtering and normalizing C:\Users\dtrizna\Code\nebula\data\data_raw\windows_emulation_trainset\report_backdoor...
WARNING:root:2022-12-23 15:25:49: Finished... Took: 213.36s
WARNING:root:2022-12-23 15:25:49: Filtering and normalizing C:\Users\dtrizna\Code\nebula\data\data_raw\windows_emulation_trainset\report_clean...
WARNING:root:2022-12-23 15:29:27: Finished... Took: 218.02s
WARNING:root:2022-12-23 15:29:27: Filtering and normalizing C:\Users\dtrizna\Code\nebula\data\data_raw\windows_emulation_trainset\report_coinminer...
WARNING:root:2022-12-23 15:30:38: Finished... Took: 71.13s
WARNING:root:2022-12-23 15:30:38: Filtering and normalizing C:\Users\dtrizna\Code\nebula\data\data_raw\windows_emulation_trainset\report_dropper...
WARNING:root:2022-12-23 15:31:49: Finished... Took: 70.57s
WARNING:root:2022-12-23 15:31:49: Filtering and normalizing C:\Users\dtrizna\Code\nebula\data\data_raw\windows_emulation_trainset\report_keylogger...
WARNING:root:2022-12-23 15:32:40: Finished... Took: 51.10s
WARNING:root:2022-12-23 15:32:40: Filtering and normalizing C:\Users\dtrizna\Code\nebula\data\data_raw\windows_emulation_trainset\report_ransomware...
WARNING:root:2022-12-23 15:34:29: Finished... Took: 109.60s
WARNING:root:2022-12-23 15:34:29: Filtering and normalizing C:\Users\dtrizna\Code\nebula\data\data_raw\windows_emulation_trainset\report_rat...
WARNING:root:2022-12-23 15:35:03: Finished... Took: 33.99s
WARNING:root:2022-12-23 15:35:03: Filtering and normalizing C:\Users\dtrizna\Code\nebula\data\data_raw\windows_emulation_trainset\report_trojan...
WARNING:root:2022-12-23 15:36:48: Finished... Took: 104.57s
WARNING:root:2022-12-23 15:36:48: Filtering and normalizing C:\Users\dtrizna\Code\nebula\data\data_raw\windows_emulation_trainset\report_windows_syswow64...
WARNING:root:2022-12-23 15:36:49: Finished... Took: 1.59s
WARNING:root:2022-12-23 15:36:49: Filtering and normalizing C:\Users\dtrizna\Code\nebula\data\data_raw\windows_emulation_testset\report_backdoor...
WARNING:root:2022-12-23 15:37:13: Finished... Took: 23.70s
WARNING:root:2022-12-23 15:37:13: Filtering and normalizing C:\Users\dtrizna\Code\nebula\data\data_raw\windows_emulation_testset\report_clean...
WARNING:root:2022-12-23 15:38:30: Finished... Took: 77.16s
WARNING:root:2022-12-23 15:38:30: Filtering and normalizing C:\Users\dtrizna\Code\nebula\data\data_raw\windows_emulation_testset\report_coinminer...
WARNING:root:2022-12-23 15:38:49: Finished... Took: 18.74s
WARNING:root:2022-12-23 15:38:49: Filtering and normalizing C:\Users\dtrizna\Code\nebula\data\data_raw\windows_emulation_testset\report_dropper...
WARNING:root:2022-12-23 15:38:51: Finished... Took: 2.15s
WARNING:root:2022-12-23 15:38:51: Filtering and normalizing C:\Users\dtrizna\Code\nebula\data\data_raw\windows_emulation_testset\report_keylogger...
WARNING:root:2022-12-23 15:38:59: Finished... Took: 8.08s
WARNING:root:2022-12-23 15:38:59: Filtering and normalizing C:\Users\dtrizna\Code\nebula\data\data_raw\windows_emulation_testset\report_ransomware...
WARNING:root:2022-12-23 15:39:32: Finished... Took: 32.88s
WARNING:root:2022-12-23 15:39:32: Filtering and normalizing C:\Users\dtrizna\Code\nebula\data\data_raw\windows_emulation_testset\report_rat...
WARNING:root:2022-12-23 15:39:45: Finished... Took: 12.62s
WARNING:root:2022-12-23 15:39:45: Filtering and normalizing C:\Users\dtrizna\Code\nebula\data\data_raw\windows_emulation_testset\report_trojan...
WARNING:root:2022-12-23 15:39:54: Finished... Took: 9.25s
WARNING:root:2022-12-23 15:39:54: Filtering and normalizing C:\Users\dtrizna\Code\nebula\data\data_raw\windows_emulation_testset\report_windows_syswow64...
WARNING:root:2022-12-23 15:39:54: Finished... Took: 0.37s
WARNING:root:2022-12-23 15:39:54: Tokenizing...
WARNING:root:2022-12-23 15:42:11: Dumped tokenized files to C:\Users\dtrizna\Code\nebula\data\data_filtered\speakeasy_trainset_NoOrdinal100_WithArgs and C:\Users\dtrizna\Code\nebula\data\data_filtered\speakeasy_testset_NoOrdinal100_WithArgs
WARNING:root:2022-12-23 15:42:11: Starting Preprocessing: VocabSize: 500, MaxSeqLen: 512
WARNING:root:2022-12-23 15:42:11: Building vocab with vocab size: 500...
WARNING:root:Dumped vocab to C:\Users\dtrizna\Code\nebula\data\data_filtered\speakeasy_trainset_NoOrdinal100_WithArgs\speakeasy_VocabSize_500.pkl
WARNING:root:Dumped vocab counter to C:\Users\dtrizna\Code\nebula\data\data_filtered\speakeasy_trainset_NoOrdinal100_WithArgs\speakeasy_counter.pkl
WARNING:root:Dumped vocab counter plot to C:\Users\dtrizna\Code\nebula\data\data_filtered\speakeasy_trainset_NoOrdinal100_WithArgs\speakeasy_counter_plot.png
WARNING:root:2022-12-23 15:42:19: Encoding...
WARNING:root:2022-12-23 15:42:30: Padding...
WARNING:root:2022-12-23 15:42:34: Saving files with prefix: speakeasy_VocabSize_500_maxLen_512
WARNING:root:2022-12-23 15:42:34: Starting Preprocessing: VocabSize: 500, MaxSeqLen: 1024
WARNING:root:2022-12-23 15:42:34: Building vocab with vocab size: 500...
WARNING:root:Dumped vocab to C:\Users\dtrizna\Code\nebula\data\data_filtered\speakeasy_trainset_NoOrdinal100_WithArgs\speakeasy_VocabSize_500.pkl
WARNING:root:Dumped vocab counter to C:\Users\dtrizna\Code\nebula\data\data_filtered\speakeasy_trainset_NoOrdinal100_WithArgs\speakeasy_counter.pkl
WARNING:root:Dumped vocab counter plot to C:\Users\dtrizna\Code\nebula\data\data_filtered\speakeasy_trainset_NoOrdinal100_WithArgs\speakeasy_counter_plot.png
WARNING:root:2022-12-23 15:42:40: Encoding...
WARNING:root:2022-12-23 15:42:50: Padding...
WARNING:root:2022-12-23 15:42:55: Saving files with prefix: speakeasy_VocabSize_500_maxLen_1024
WARNING:root:2022-12-23 15:42:55: Starting Preprocessing: VocabSize: 500, MaxSeqLen: 2048
WARNING:root:2022-12-23 15:42:55: Building vocab with vocab size: 500...
WARNING:root:Dumped vocab to C:\Users\dtrizna\Code\nebula\data\data_filtered\speakeasy_trainset_NoOrdinal100_WithArgs\speakeasy_VocabSize_500.pkl
WARNING:root:Dumped vocab counter to C:\Users\dtrizna\Code\nebula\data\data_filtered\speakeasy_trainset_NoOrdinal100_WithArgs\speakeasy_counter.pkl
WARNING:root:Dumped vocab counter plot to C:\Users\dtrizna\Code\nebula\data\data_filtered\speakeasy_trainset_NoOrdinal100_WithArgs\speakeasy_counter_plot.png
WARNING:root:2022-12-23 15:43:01: Encoding...
WARNING:root:2022-12-23 15:43:12: Padding...
WARNING:root:2022-12-23 15:43:20: Saving files with prefix: speakeasy_VocabSize_500_maxLen_2048
WARNING:root:2022-12-23 15:43:21: Starting Preprocessing: VocabSize: 1500, MaxSeqLen: 512
WARNING:root:2022-12-23 15:43:21: Building vocab with vocab size: 1500...
WARNING:root:Dumped vocab to C:\Users\dtrizna\Code\nebula\data\data_filtered\speakeasy_trainset_NoOrdinal100_WithArgs\speakeasy_VocabSize_1500.pkl
WARNING:root:Dumped vocab counter to C:\Users\dtrizna\Code\nebula\data\data_filtered\speakeasy_trainset_NoOrdinal100_WithArgs\speakeasy_counter.pkl
WARNING:root:Dumped vocab counter plot to C:\Users\dtrizna\Code\nebula\data\data_filtered\speakeasy_trainset_NoOrdinal100_WithArgs\speakeasy_counter_plot.png
WARNING:root:2022-12-23 15:43:27: Encoding...
WARNING:root:2022-12-23 15:43:41: Padding...
WARNING:root:2022-12-23 15:43:45: Saving files with prefix: speakeasy_VocabSize_1500_maxLen_512
WARNING:root:2022-12-23 15:43:45: Starting Preprocessing: VocabSize: 1500, MaxSeqLen: 1024
WARNING:root:2022-12-23 15:43:45: Building vocab with vocab size: 1500...
WARNING:root:Dumped vocab to C:\Users\dtrizna\Code\nebula\data\data_filtered\speakeasy_trainset_NoOrdinal100_WithArgs\speakeasy_VocabSize_1500.pkl
WARNING:root:Dumped vocab counter to C:\Users\dtrizna\Code\nebula\data\data_filtered\speakeasy_trainset_NoOrdinal100_WithArgs\speakeasy_counter.pkl
WARNING:root:Dumped vocab counter plot to C:\Users\dtrizna\Code\nebula\data\data_filtered\speakeasy_trainset_NoOrdinal100_WithArgs\speakeasy_counter_plot.png
WARNING:root:2022-12-23 15:43:52: Encoding...
WARNING:root:2022-12-23 15:44:03: Padding...
WARNING:root:2022-12-23 15:44:07: Saving files with prefix: speakeasy_VocabSize_1500_maxLen_1024
WARNING:root:2022-12-23 15:44:08: Starting Preprocessing: VocabSize: 1500, MaxSeqLen: 2048
WARNING:root:2022-12-23 15:44:08: Building vocab with vocab size: 1500...
WARNING:root:Dumped vocab to C:\Users\dtrizna\Code\nebula\data\data_filtered\speakeasy_trainset_NoOrdinal100_WithArgs\speakeasy_VocabSize_1500.pkl
WARNING:root:Dumped vocab counter to C:\Users\dtrizna\Code\nebula\data\data_filtered\speakeasy_trainset_NoOrdinal100_WithArgs\speakeasy_counter.pkl
WARNING:root:Dumped vocab counter plot to C:\Users\dtrizna\Code\nebula\data\data_filtered\speakeasy_trainset_NoOrdinal100_WithArgs\speakeasy_counter_plot.png
WARNING:root:2022-12-23 15:44:13: Encoding...
WARNING:root:2022-12-23 15:44:24: Padding...
WARNING:root:2022-12-23 15:44:34: Saving files with prefix: speakeasy_VocabSize_1500_maxLen_2048
WARNING:root:2022-12-23 15:44:35: Starting Preprocessing: VocabSize: 1000, MaxSeqLen: 512
WARNING:root:2022-12-23 15:44:35: Building vocab with vocab size: 1000...
WARNING:root:Dumped vocab to C:\Users\dtrizna\Code\nebula\data\data_filtered\speakeasy_trainset_NoOrdinal100_WithArgs\speakeasy_VocabSize_1000.pkl
WARNING:root:Dumped vocab counter to C:\Users\dtrizna\Code\nebula\data\data_filtered\speakeasy_trainset_NoOrdinal100_WithArgs\speakeasy_counter.pkl
WARNING:root:Dumped vocab counter plot to C:\Users\dtrizna\Code\nebula\data\data_filtered\speakeasy_trainset_NoOrdinal100_WithArgs\speakeasy_counter_plot.png
WARNING:root:2022-12-23 15:44:41: Encoding...
WARNING:root:2022-12-23 15:44:50: Padding...
WARNING:root:2022-12-23 15:44:53: Saving files with prefix: speakeasy_VocabSize_1000_maxLen_512
WARNING:root:2022-12-23 15:44:53: Starting Preprocessing: VocabSize: 1000, MaxSeqLen: 1024
WARNING:root:2022-12-23 15:44:53: Building vocab with vocab size: 1000...
WARNING:root:Dumped vocab to C:\Users\dtrizna\Code\nebula\data\data_filtered\speakeasy_trainset_NoOrdinal100_WithArgs\speakeasy_VocabSize_1000.pkl
WARNING:root:Dumped vocab counter to C:\Users\dtrizna\Code\nebula\data\data_filtered\speakeasy_trainset_NoOrdinal100_WithArgs\speakeasy_counter.pkl
WARNING:root:Dumped vocab counter plot to C:\Users\dtrizna\Code\nebula\data\data_filtered\speakeasy_trainset_NoOrdinal100_WithArgs\speakeasy_counter_plot.png
WARNING:root:2022-12-23 15:44:59: Encoding...
WARNING:root:2022-12-23 15:45:09: Padding...
WARNING:root:2022-12-23 15:45:13: Saving files with prefix: speakeasy_VocabSize_1000_maxLen_1024
WARNING:root:2022-12-23 15:45:14: Starting Preprocessing: VocabSize: 1000, MaxSeqLen: 2048
WARNING:root:2022-12-23 15:45:14: Building vocab with vocab size: 1000...
WARNING:root:Dumped vocab to C:\Users\dtrizna\Code\nebula\data\data_filtered\speakeasy_trainset_NoOrdinal100_WithArgs\speakeasy_VocabSize_1000.pkl
WARNING:root:Dumped vocab counter to C:\Users\dtrizna\Code\nebula\data\data_filtered\speakeasy_trainset_NoOrdinal100_WithArgs\speakeasy_counter.pkl
WARNING:root:Dumped vocab counter plot to C:\Users\dtrizna\Code\nebula\data\data_filtered\speakeasy_trainset_NoOrdinal100_WithArgs\speakeasy_counter_plot.png
WARNING:root:2022-12-23 15:45:20: Encoding...
WARNING:root:2022-12-23 15:45:30: Padding...
WARNING:root:2022-12-23 15:45:38: Saving files with prefix: speakeasy_VocabSize_1000_maxLen_2048
WARNING:root:2022-12-23 15:45:39: Starting Preprocessing: VocabSize: 2000, MaxSeqLen: 512
WARNING:root:2022-12-23 15:45:39: Building vocab with vocab size: 2000...
WARNING:root:Dumped vocab to C:\Users\dtrizna\Code\nebula\data\data_filtered\speakeasy_trainset_NoOrdinal100_WithArgs\speakeasy_VocabSize_2000.pkl
WARNING:root:Dumped vocab counter to C:\Users\dtrizna\Code\nebula\data\data_filtered\speakeasy_trainset_NoOrdinal100_WithArgs\speakeasy_counter.pkl
WARNING:root:Dumped vocab counter plot to C:\Users\dtrizna\Code\nebula\data\data_filtered\speakeasy_trainset_NoOrdinal100_WithArgs\speakeasy_counter_plot.png
WARNING:root:2022-12-23 15:45:46: Encoding...
WARNING:root:2022-12-23 15:45:57: Padding...
WARNING:root:2022-12-23 15:45:59: Saving files with prefix: speakeasy_VocabSize_2000_maxLen_512
WARNING:root:2022-12-23 15:45:59: Starting Preprocessing: VocabSize: 2000, MaxSeqLen: 1024
WARNING:root:2022-12-23 15:45:59: Building vocab with vocab size: 2000...
WARNING:root:Dumped vocab to C:\Users\dtrizna\Code\nebula\data\data_filtered\speakeasy_trainset_NoOrdinal100_WithArgs\speakeasy_VocabSize_2000.pkl
WARNING:root:Dumped vocab counter to C:\Users\dtrizna\Code\nebula\data\data_filtered\speakeasy_trainset_NoOrdinal100_WithArgs\speakeasy_counter.pkl
WARNING:root:Dumped vocab counter plot to C:\Users\dtrizna\Code\nebula\data\data_filtered\speakeasy_trainset_NoOrdinal100_WithArgs\speakeasy_counter_plot.png
WARNING:root:2022-12-23 15:46:06: Encoding...
WARNING:root:2022-12-23 15:46:15: Padding...
WARNING:root:2022-12-23 15:46:21: Saving files with prefix: speakeasy_VocabSize_2000_maxLen_1024
WARNING:root:2022-12-23 15:46:21: Starting Preprocessing: VocabSize: 2000, MaxSeqLen: 2048
WARNING:root:2022-12-23 15:46:21: Building vocab with vocab size: 2000...
WARNING:root:Dumped vocab to C:\Users\dtrizna\Code\nebula\data\data_filtered\speakeasy_trainset_NoOrdinal100_WithArgs\speakeasy_VocabSize_2000.pkl
WARNING:root:Dumped vocab counter to C:\Users\dtrizna\Code\nebula\data\data_filtered\speakeasy_trainset_NoOrdinal100_WithArgs\speakeasy_counter.pkl
WARNING:root:Dumped vocab counter plot to C:\Users\dtrizna\Code\nebula\data\data_filtered\speakeasy_trainset_NoOrdinal100_WithArgs\speakeasy_counter_plot.png
WARNING:root:2022-12-23 15:46:27: Encoding...
WARNING:root:2022-12-23 15:46:36: Padding...
WARNING:root:2022-12-23 15:46:45: Saving files with prefix: speakeasy_VocabSize_2000_maxLen_2048
WARNING:root:2022-12-23 15:46:46: Starting Preprocessing: VocabSize: 2500, MaxSeqLen: 512
WARNING:root:2022-12-23 15:46:46: Building vocab with vocab size: 2500...
WARNING:root:Dumped vocab to C:\Users\dtrizna\Code\nebula\data\data_filtered\speakeasy_trainset_NoOrdinal100_WithArgs\speakeasy_VocabSize_2500.pkl
WARNING:root:Dumped vocab counter to C:\Users\dtrizna\Code\nebula\data\data_filtered\speakeasy_trainset_NoOrdinal100_WithArgs\speakeasy_counter.pkl
WARNING:root:Dumped vocab counter plot to C:\Users\dtrizna\Code\nebula\data\data_filtered\speakeasy_trainset_NoOrdinal100_WithArgs\speakeasy_counter_plot.png
WARNING:root:2022-12-23 15:46:52: Encoding...
WARNING:root:2022-12-23 15:47:01: Padding...
WARNING:root:2022-12-23 15:47:05: Saving files with prefix: speakeasy_VocabSize_2500_maxLen_512
WARNING:root:2022-12-23 15:47:05: Starting Preprocessing: VocabSize: 2500, MaxSeqLen: 1024
WARNING:root:2022-12-23 15:47:05: Building vocab with vocab size: 2500...
WARNING:root:Dumped vocab to C:\Users\dtrizna\Code\nebula\data\data_filtered\speakeasy_trainset_NoOrdinal100_WithArgs\speakeasy_VocabSize_2500.pkl
WARNING:root:Dumped vocab counter to C:\Users\dtrizna\Code\nebula\data\data_filtered\speakeasy_trainset_NoOrdinal100_WithArgs\speakeasy_counter.pkl
WARNING:root:Dumped vocab counter plot to C:\Users\dtrizna\Code\nebula\data\data_filtered\speakeasy_trainset_NoOrdinal100_WithArgs\speakeasy_counter_plot.png
WARNING:root:2022-12-23 15:47:11: Encoding...
WARNING:root:2022-12-23 15:47:20: Padding...
WARNING:root:2022-12-23 15:47:26: Saving files with prefix: speakeasy_VocabSize_2500_maxLen_1024
WARNING:root:2022-12-23 15:47:26: Starting Preprocessing: VocabSize: 2500, MaxSeqLen: 2048
WARNING:root:2022-12-23 15:47:26: Building vocab with vocab size: 2500...
WARNING:root:Dumped vocab to C:\Users\dtrizna\Code\nebula\data\data_filtered\speakeasy_trainset_NoOrdinal100_WithArgs\speakeasy_VocabSize_2500.pkl
WARNING:root:Dumped vocab counter to C:\Users\dtrizna\Code\nebula\data\data_filtered\speakeasy_trainset_NoOrdinal100_WithArgs\speakeasy_counter.pkl
WARNING:root:Dumped vocab counter plot to C:\Users\dtrizna\Code\nebula\data\data_filtered\speakeasy_trainset_NoOrdinal100_WithArgs\speakeasy_counter_plot.png
WARNING:root:2022-12-23 15:47:32: Encoding...
WARNING:root:2022-12-23 15:47:41: Padding...
WARNING:root:2022-12-23 15:47:50: Saving files with prefix: speakeasy_VocabSize_2500_maxLen_2048
