WARNING:root:Initialized ...
WARNING:root: [!] Skipping speakeasy_VocabSize_1000_maxLen_256 because files already exist
WARNING:root: [!] Skipping speakeasy_VocabSize_1000_maxLen_512 because files already exist
WARNING:root: [!] Skipping speakeasy_VocabSize_1000_maxLen_1024 because files already exist
WARNING:root:2022-12-29 13:15:03: Starting Preprocessing: VocabSize: 1000, MaxSeqLen: 2048
WARNING:root:2022-12-29 13:15:03: Building vocab with vocab size: 1000...
WARNING:root:Dumped vocab to C:\Users\dtrizna\Code\nebula\data\data_filtered\speakeasy_trainset_APIonly\speakeasy_VocabSize_1000.pkl
WARNING:root:Dumped vocab counter to C:\Users\dtrizna\Code\nebula\data\data_filtered\speakeasy_trainset_APIonly\speakeasy_counter.pkl
WARNING:root:Dumped vocab counter plot to C:\Users\dtrizna\Code\nebula\data\data_filtered\speakeasy_trainset_APIonly\speakeasy_counter_plot.png
WARNING:root:2022-12-29 13:15:06: Encoding...
WARNING:root:2022-12-29 13:15:09: Padding...
WARNING:root:2022-12-29 13:15:18: Saving files with prefix: speakeasy_VocabSize_1000_maxLen_2048
WARNING:root:2022-12-29 13:15:19: Starting Preprocessing: VocabSize: 1500, MaxSeqLen: 256
WARNING:root:2022-12-29 13:15:19: Building vocab with vocab size: 1500...
WARNING:root:Dumped vocab to C:\Users\dtrizna\Code\nebula\data\data_filtered\speakeasy_trainset_APIonly\speakeasy_VocabSize_1500.pkl
WARNING:root:Dumped vocab counter to C:\Users\dtrizna\Code\nebula\data\data_filtered\speakeasy_trainset_APIonly\speakeasy_counter.pkl
WARNING:root:Dumped vocab counter plot to C:\Users\dtrizna\Code\nebula\data\data_filtered\speakeasy_trainset_APIonly\speakeasy_counter_plot.png
WARNING:root:2022-12-29 13:15:22: Encoding...
WARNING:root:2022-12-29 13:15:24: Padding...
WARNING:root:2022-12-29 13:15:26: Saving files with prefix: speakeasy_VocabSize_1500_maxLen_256
WARNING:root:2022-12-29 13:15:26: Starting Preprocessing: VocabSize: 1500, MaxSeqLen: 512
WARNING:root:2022-12-29 13:15:26: Building vocab with vocab size: 1500...
WARNING:root:Dumped vocab to C:\Users\dtrizna\Code\nebula\data\data_filtered\speakeasy_trainset_APIonly\speakeasy_VocabSize_1500.pkl
WARNING:root:Dumped vocab counter to C:\Users\dtrizna\Code\nebula\data\data_filtered\speakeasy_trainset_APIonly\speakeasy_counter.pkl
WARNING:root:Dumped vocab counter plot to C:\Users\dtrizna\Code\nebula\data\data_filtered\speakeasy_trainset_APIonly\speakeasy_counter_plot.png
WARNING:root:2022-12-29 13:15:29: Encoding...
WARNING:root:2022-12-29 13:15:32: Padding...
WARNING:root:2022-12-29 13:15:35: Saving files with prefix: speakeasy_VocabSize_1500_maxLen_512
WARNING:root:2022-12-29 13:15:35: Starting Preprocessing: VocabSize: 1500, MaxSeqLen: 1024
WARNING:root:2022-12-29 13:15:35: Building vocab with vocab size: 1500...
WARNING:root:Dumped vocab to C:\Users\dtrizna\Code\nebula\data\data_filtered\speakeasy_trainset_APIonly\speakeasy_VocabSize_1500.pkl
WARNING:root:Dumped vocab counter to C:\Users\dtrizna\Code\nebula\data\data_filtered\speakeasy_trainset_APIonly\speakeasy_counter.pkl
WARNING:root:Dumped vocab counter plot to C:\Users\dtrizna\Code\nebula\data\data_filtered\speakeasy_trainset_APIonly\speakeasy_counter_plot.png
WARNING:root:2022-12-29 13:15:38: Encoding...
WARNING:root:2022-12-29 13:15:41: Padding...
WARNING:root:2022-12-29 13:15:46: Saving files with prefix: speakeasy_VocabSize_1500_maxLen_1024
WARNING:root:2022-12-29 13:15:47: Starting Preprocessing: VocabSize: 1500, MaxSeqLen: 2048
WARNING:root:2022-12-29 13:15:47: Building vocab with vocab size: 1500...
WARNING:root:Dumped vocab to C:\Users\dtrizna\Code\nebula\data\data_filtered\speakeasy_trainset_APIonly\speakeasy_VocabSize_1500.pkl
WARNING:root:Dumped vocab counter to C:\Users\dtrizna\Code\nebula\data\data_filtered\speakeasy_trainset_APIonly\speakeasy_counter.pkl
WARNING:root:Dumped vocab counter plot to C:\Users\dtrizna\Code\nebula\data\data_filtered\speakeasy_trainset_APIonly\speakeasy_counter_plot.png
WARNING:root:2022-12-29 13:15:50: Encoding...
WARNING:root:2022-12-29 13:15:53: Padding...
WARNING:root:2022-12-29 13:16:04: Saving files with prefix: speakeasy_VocabSize_1500_maxLen_2048
WARNING:root:2022-12-29 13:16:05: Starting Preprocessing: VocabSize: 2000, MaxSeqLen: 256
WARNING:root:2022-12-29 13:16:05: Building vocab with vocab size: 2000...
WARNING:root:Dumped vocab to C:\Users\dtrizna\Code\nebula\data\data_filtered\speakeasy_trainset_APIonly\speakeasy_VocabSize_2000.pkl
WARNING:root:Dumped vocab counter to C:\Users\dtrizna\Code\nebula\data\data_filtered\speakeasy_trainset_APIonly\speakeasy_counter.pkl
WARNING:root:Dumped vocab counter plot to C:\Users\dtrizna\Code\nebula\data\data_filtered\speakeasy_trainset_APIonly\speakeasy_counter_plot.png
WARNING:root:2022-12-29 13:16:07: Encoding...
WARNING:root:2022-12-29 13:16:10: Padding...
WARNING:root:2022-12-29 13:16:11: Saving files with prefix: speakeasy_VocabSize_2000_maxLen_256
WARNING:root:2022-12-29 13:16:12: Starting Preprocessing: VocabSize: 2000, MaxSeqLen: 512
WARNING:root:2022-12-29 13:16:12: Building vocab with vocab size: 2000...
WARNING:root:Dumped vocab to C:\Users\dtrizna\Code\nebula\data\data_filtered\speakeasy_trainset_APIonly\speakeasy_VocabSize_2000.pkl
WARNING:root:Dumped vocab counter to C:\Users\dtrizna\Code\nebula\data\data_filtered\speakeasy_trainset_APIonly\speakeasy_counter.pkl
WARNING:root:Dumped vocab counter plot to C:\Users\dtrizna\Code\nebula\data\data_filtered\speakeasy_trainset_APIonly\speakeasy_counter_plot.png
WARNING:root:2022-12-29 13:16:14: Encoding...
WARNING:root:2022-12-29 13:16:17: Padding...
WARNING:root:2022-12-29 13:16:20: Saving files with prefix: speakeasy_VocabSize_2000_maxLen_512
WARNING:root:2022-12-29 13:16:20: Starting Preprocessing: VocabSize: 2000, MaxSeqLen: 1024
WARNING:root:2022-12-29 13:16:20: Building vocab with vocab size: 2000...
WARNING:root:Dumped vocab to C:\Users\dtrizna\Code\nebula\data\data_filtered\speakeasy_trainset_APIonly\speakeasy_VocabSize_2000.pkl
WARNING:root:Dumped vocab counter to C:\Users\dtrizna\Code\nebula\data\data_filtered\speakeasy_trainset_APIonly\speakeasy_counter.pkl
WARNING:root:Dumped vocab counter plot to C:\Users\dtrizna\Code\nebula\data\data_filtered\speakeasy_trainset_APIonly\speakeasy_counter_plot.png
WARNING:root:2022-12-29 13:16:23: Encoding...
WARNING:root:2022-12-29 13:16:25: Padding...
WARNING:root:2022-12-29 13:16:31: Saving files with prefix: speakeasy_VocabSize_2000_maxLen_1024
WARNING:root:2022-12-29 13:16:32: Starting Preprocessing: VocabSize: 2000, MaxSeqLen: 2048
WARNING:root:2022-12-29 13:16:32: Building vocab with vocab size: 2000...
WARNING:root:Dumped vocab to C:\Users\dtrizna\Code\nebula\data\data_filtered\speakeasy_trainset_APIonly\speakeasy_VocabSize_2000.pkl
WARNING:root:Dumped vocab counter to C:\Users\dtrizna\Code\nebula\data\data_filtered\speakeasy_trainset_APIonly\speakeasy_counter.pkl
WARNING:root:Dumped vocab counter plot to C:\Users\dtrizna\Code\nebula\data\data_filtered\speakeasy_trainset_APIonly\speakeasy_counter_plot.png
WARNING:root:2022-12-29 13:16:34: Encoding...
WARNING:root:2022-12-29 13:16:37: Padding...
WARNING:root:2022-12-29 13:16:48: Saving files with prefix: speakeasy_VocabSize_2000_maxLen_2048
