WARNING:root:Initialized ...
WARNING:root:2022-12-29 14:54:39: Starting Preprocessing: VocabSize: 500, MaxSeqLen: 256
WARNING:root:2022-12-29 14:54:39: Building vocab with vocab size: 500...
WARNING:root:Dumped vocab to C:\Users\dtrizna\Code\nebula\data\data_filtered\speakeasy_trainset_APIonly\speakeasy_VocabSize_500.pkl
WARNING:root:Dumped vocab counter to C:\Users\dtrizna\Code\nebula\data\data_filtered\speakeasy_trainset_APIonly\speakeasy_counter.pkl
WARNING:root:Dumped vocab counter plot to C:\Users\dtrizna\Code\nebula\data\data_filtered\speakeasy_trainset_APIonly\speakeasy_counter_plot.png
WARNING:root:2022-12-29 14:54:43: Encoding...
WARNING:root:2022-12-29 14:54:47: Padding...
WARNING:root:2022-12-29 14:54:49: Saving files with prefix: speakeasy_VocabSize_500_maxLen_256
WARNING:root:2022-12-29 14:54:49: Starting Preprocessing: VocabSize: 500, MaxSeqLen: 512
WARNING:root:2022-12-29 14:54:49: Building vocab with vocab size: 500...
WARNING:root:Dumped vocab to C:\Users\dtrizna\Code\nebula\data\data_filtered\speakeasy_trainset_APIonly\speakeasy_VocabSize_500.pkl
WARNING:root:Dumped vocab counter to C:\Users\dtrizna\Code\nebula\data\data_filtered\speakeasy_trainset_APIonly\speakeasy_counter.pkl
WARNING:root:Dumped vocab counter plot to C:\Users\dtrizna\Code\nebula\data\data_filtered\speakeasy_trainset_APIonly\speakeasy_counter_plot.png
WARNING:root:2022-12-29 14:54:51: Encoding...
WARNING:root:2022-12-29 14:54:54: Padding...
WARNING:root:2022-12-29 14:54:57: Saving files with prefix: speakeasy_VocabSize_500_maxLen_512
WARNING:root:2022-12-29 14:54:57: Starting Preprocessing: VocabSize: 500, MaxSeqLen: 1024
WARNING:root:2022-12-29 14:54:57: Building vocab with vocab size: 500...
WARNING:root:Dumped vocab to C:\Users\dtrizna\Code\nebula\data\data_filtered\speakeasy_trainset_APIonly\speakeasy_VocabSize_500.pkl
WARNING:root:Dumped vocab counter to C:\Users\dtrizna\Code\nebula\data\data_filtered\speakeasy_trainset_APIonly\speakeasy_counter.pkl
WARNING:root:Dumped vocab counter plot to C:\Users\dtrizna\Code\nebula\data\data_filtered\speakeasy_trainset_APIonly\speakeasy_counter_plot.png
WARNING:root:2022-12-29 14:54:59: Encoding...
WARNING:root:2022-12-29 14:55:02: Padding...
WARNING:root:2022-12-29 14:55:07: Saving files with prefix: speakeasy_VocabSize_500_maxLen_1024
WARNING:root:2022-12-29 14:55:07: Starting Preprocessing: VocabSize: 500, MaxSeqLen: 2048
WARNING:root:2022-12-29 14:55:07: Building vocab with vocab size: 500...
WARNING:root:Dumped vocab to C:\Users\dtrizna\Code\nebula\data\data_filtered\speakeasy_trainset_APIonly\speakeasy_VocabSize_500.pkl
WARNING:root:Dumped vocab counter to C:\Users\dtrizna\Code\nebula\data\data_filtered\speakeasy_trainset_APIonly\speakeasy_counter.pkl
WARNING:root:Dumped vocab counter plot to C:\Users\dtrizna\Code\nebula\data\data_filtered\speakeasy_trainset_APIonly\speakeasy_counter_plot.png
WARNING:root:2022-12-29 14:55:09: Encoding...
WARNING:root:2022-12-29 14:55:12: Padding...
WARNING:root:2022-12-29 14:55:21: Saving files with prefix: speakeasy_VocabSize_500_maxLen_2048
WARNING:root: [!] Skipping speakeasy_VocabSize_1000_maxLen_256 because files already exist
WARNING:root: [!] Skipping speakeasy_VocabSize_1000_maxLen_512 because files already exist
WARNING:root: [!] Skipping speakeasy_VocabSize_1000_maxLen_1024 because files already exist
WARNING:root: [!] Skipping speakeasy_VocabSize_1000_maxLen_2048 because files already exist
WARNING:root: [!] Skipping speakeasy_VocabSize_1500_maxLen_256 because files already exist
WARNING:root: [!] Skipping speakeasy_VocabSize_1500_maxLen_512 because files already exist
WARNING:root: [!] Skipping speakeasy_VocabSize_1500_maxLen_1024 because files already exist
WARNING:root: [!] Skipping speakeasy_VocabSize_1500_maxLen_2048 because files already exist
WARNING:root: [!] Skipping speakeasy_VocabSize_2000_maxLen_256 because files already exist
WARNING:root: [!] Skipping speakeasy_VocabSize_2000_maxLen_512 because files already exist
WARNING:root: [!] Skipping speakeasy_VocabSize_2000_maxLen_1024 because files already exist
WARNING:root: [!] Skipping speakeasy_VocabSize_2000_maxLen_2048 because files already exist
