WARNING:root:Initialized ...
WARNING:root:2022-12-29 17:25:57: Filtering and normalizing C:\Users\dtrizna\Code\nebula\data\data_raw\windows_emulation_trainset\report_backdoor...
WARNING:root:2022-12-29 17:28:22: Finished... Took: 145.55s
WARNING:root:2022-12-29 17:28:22: Filtering and normalizing C:\Users\dtrizna\Code\nebula\data\data_raw\windows_emulation_trainset\report_clean...
WARNING:root:2022-12-29 17:32:24: Finished... Took: 241.99s
WARNING:root:2022-12-29 17:32:24: Filtering and normalizing C:\Users\dtrizna\Code\nebula\data\data_raw\windows_emulation_trainset\report_coinminer...
WARNING:root:2022-12-29 17:33:39: Finished... Took: 74.91s
WARNING:root:2022-12-29 17:33:39: Filtering and normalizing C:\Users\dtrizna\Code\nebula\data\data_raw\windows_emulation_trainset\report_dropper...
WARNING:root:2022-12-29 17:34:52: Finished... Took: 72.70s
WARNING:root:2022-12-29 17:34:52: Filtering and normalizing C:\Users\dtrizna\Code\nebula\data\data_raw\windows_emulation_trainset\report_keylogger...
WARNING:root:2022-12-29 17:35:38: Finished... Took: 46.62s
WARNING:root:2022-12-29 17:35:38: Filtering and normalizing C:\Users\dtrizna\Code\nebula\data\data_raw\windows_emulation_trainset\report_ransomware...
WARNING:root:2022-12-29 17:37:30: Finished... Took: 111.81s
WARNING:root:2022-12-29 17:37:30: Filtering and normalizing C:\Users\dtrizna\Code\nebula\data\data_raw\windows_emulation_trainset\report_rat...
WARNING:root:2022-12-29 17:38:05: Finished... Took: 35.25s
WARNING:root:2022-12-29 17:38:05: Filtering and normalizing C:\Users\dtrizna\Code\nebula\data\data_raw\windows_emulation_trainset\report_trojan...
WARNING:root:2022-12-29 17:39:49: Finished... Took: 103.93s
WARNING:root:2022-12-29 17:39:49: Filtering and normalizing C:\Users\dtrizna\Code\nebula\data\data_raw\windows_emulation_trainset\report_windows_syswow64...
WARNING:root:2022-12-29 17:39:51: Finished... Took: 1.74s
WARNING:root:2022-12-29 17:39:51: Filtering and normalizing C:\Users\dtrizna\Code\nebula\data\data_raw\windows_emulation_testset\report_backdoor...
WARNING:root:2022-12-29 17:40:15: Finished... Took: 24.23s
WARNING:root:2022-12-29 17:40:15: Filtering and normalizing C:\Users\dtrizna\Code\nebula\data\data_raw\windows_emulation_testset\report_clean...
WARNING:root:2022-12-29 17:41:30: Finished... Took: 74.77s
WARNING:root:2022-12-29 17:41:30: Filtering and normalizing C:\Users\dtrizna\Code\nebula\data\data_raw\windows_emulation_testset\report_coinminer...
WARNING:root:2022-12-29 17:41:49: Finished... Took: 18.69s
WARNING:root:2022-12-29 17:41:49: Filtering and normalizing C:\Users\dtrizna\Code\nebula\data\data_raw\windows_emulation_testset\report_dropper...
WARNING:root:2022-12-29 17:41:51: Finished... Took: 2.15s
WARNING:root:2022-12-29 17:41:51: Filtering and normalizing C:\Users\dtrizna\Code\nebula\data\data_raw\windows_emulation_testset\report_keylogger...
WARNING:root:2022-12-29 17:41:59: Finished... Took: 8.41s
WARNING:root:2022-12-29 17:41:59: Filtering and normalizing C:\Users\dtrizna\Code\nebula\data\data_raw\windows_emulation_testset\report_ransomware...
WARNING:root:2022-12-29 17:43:03: Finished... Took: 63.93s
WARNING:root:2022-12-29 17:43:03: Filtering and normalizing C:\Users\dtrizna\Code\nebula\data\data_raw\windows_emulation_testset\report_rat...
WARNING:root:2022-12-29 17:43:16: Finished... Took: 12.89s
WARNING:root:2022-12-29 17:43:16: Filtering and normalizing C:\Users\dtrizna\Code\nebula\data\data_raw\windows_emulation_testset\report_trojan...
WARNING:root:2022-12-29 17:43:26: Finished... Took: 9.53s
WARNING:root:2022-12-29 17:43:26: Filtering and normalizing C:\Users\dtrizna\Code\nebula\data\data_raw\windows_emulation_testset\report_windows_syswow64...
WARNING:root:2022-12-29 17:43:26: Finished... Took: 0.48s
WARNING:root:2022-12-29 17:43:26: Tokenizing...
WARNING:root:2022-12-29 17:45:34: Dumped tokenized files to C:\Users\dtrizna\Code\nebula\data\data_filtered\speakeasy_trainset_WithError and C:\Users\dtrizna\Code\nebula\data\data_filtered\speakeasy_testset_WithError
WARNING:root:2022-12-29 17:45:34: Starting Preprocessing: VocabSize: 500, MaxSeqLen: 512
WARNING:root:2022-12-29 17:45:34: Building vocab with vocab size: 500...
WARNING:root:Dumped vocab to C:\Users\dtrizna\Code\nebula\data\data_filtered\speakeasy_trainset_WithError\speakeasy_VocabSize_500.pkl
WARNING:root:Dumped vocab counter to C:\Users\dtrizna\Code\nebula\data\data_filtered\speakeasy_trainset_WithError\speakeasy_counter.pkl
WARNING:root:Dumped vocab counter plot to C:\Users\dtrizna\Code\nebula\data\data_filtered\speakeasy_trainset_WithError\speakeasy_counter_plot.png
WARNING:root:2022-12-29 17:45:42: Encoding...
WARNING:root:2022-12-29 17:45:51: Padding...
WARNING:root:2022-12-29 17:45:54: Saving files with prefix: speakeasy_VocabSize_500_maxLen_512
WARNING:root:2022-12-29 17:45:54: Starting Preprocessing: VocabSize: 500, MaxSeqLen: 1024
WARNING:root:2022-12-29 17:45:54: Building vocab with vocab size: 500...
WARNING:root:Dumped vocab to C:\Users\dtrizna\Code\nebula\data\data_filtered\speakeasy_trainset_WithError\speakeasy_VocabSize_500.pkl
WARNING:root:Dumped vocab counter to C:\Users\dtrizna\Code\nebula\data\data_filtered\speakeasy_trainset_WithError\speakeasy_counter.pkl
WARNING:root:Dumped vocab counter plot to C:\Users\dtrizna\Code\nebula\data\data_filtered\speakeasy_trainset_WithError\speakeasy_counter_plot.png
WARNING:root:2022-12-29 17:45:59: Encoding...
WARNING:root:2022-12-29 17:46:08: Padding...
WARNING:root:2022-12-29 17:46:12: Saving files with prefix: speakeasy_VocabSize_500_maxLen_1024
WARNING:root:2022-12-29 17:46:12: Starting Preprocessing: VocabSize: 500, MaxSeqLen: 2048
WARNING:root:2022-12-29 17:46:12: Building vocab with vocab size: 500...
WARNING:root:Dumped vocab to C:\Users\dtrizna\Code\nebula\data\data_filtered\speakeasy_trainset_WithError\speakeasy_VocabSize_500.pkl
WARNING:root:Dumped vocab counter to C:\Users\dtrizna\Code\nebula\data\data_filtered\speakeasy_trainset_WithError\speakeasy_counter.pkl
WARNING:root:Dumped vocab counter plot to C:\Users\dtrizna\Code\nebula\data\data_filtered\speakeasy_trainset_WithError\speakeasy_counter_plot.png
WARNING:root:2022-12-29 17:46:17: Encoding...
WARNING:root:2022-12-29 17:46:26: Padding...
WARNING:root:2022-12-29 17:46:35: Saving files with prefix: speakeasy_VocabSize_500_maxLen_2048
WARNING:root:2022-12-29 17:46:36: Starting Preprocessing: VocabSize: 500, MaxSeqLen: 4096
WARNING:root:2022-12-29 17:46:36: Building vocab with vocab size: 500...
WARNING:root:Dumped vocab to C:\Users\dtrizna\Code\nebula\data\data_filtered\speakeasy_trainset_WithError\speakeasy_VocabSize_500.pkl
WARNING:root:Dumped vocab counter to C:\Users\dtrizna\Code\nebula\data\data_filtered\speakeasy_trainset_WithError\speakeasy_counter.pkl
WARNING:root:Dumped vocab counter plot to C:\Users\dtrizna\Code\nebula\data\data_filtered\speakeasy_trainset_WithError\speakeasy_counter_plot.png
WARNING:root:2022-12-29 17:46:41: Encoding...
WARNING:root:2022-12-29 17:46:50: Padding...
WARNING:root:2022-12-29 17:47:05: Saving files with prefix: speakeasy_VocabSize_500_maxLen_4096
WARNING:root:2022-12-29 17:47:06: Starting Preprocessing: VocabSize: 1000, MaxSeqLen: 512
WARNING:root:2022-12-29 17:47:06: Building vocab with vocab size: 1000...
WARNING:root:Dumped vocab to C:\Users\dtrizna\Code\nebula\data\data_filtered\speakeasy_trainset_WithError\speakeasy_VocabSize_1000.pkl
WARNING:root:Dumped vocab counter to C:\Users\dtrizna\Code\nebula\data\data_filtered\speakeasy_trainset_WithError\speakeasy_counter.pkl
WARNING:root:Dumped vocab counter plot to C:\Users\dtrizna\Code\nebula\data\data_filtered\speakeasy_trainset_WithError\speakeasy_counter_plot.png
WARNING:root:2022-12-29 17:47:12: Encoding...
WARNING:root:2022-12-29 17:47:21: Padding...
WARNING:root:2022-12-29 17:47:23: Saving files with prefix: speakeasy_VocabSize_1000_maxLen_512
WARNING:root:2022-12-29 17:47:23: Starting Preprocessing: VocabSize: 1000, MaxSeqLen: 1024
WARNING:root:2022-12-29 17:47:23: Building vocab with vocab size: 1000...
WARNING:root:Dumped vocab to C:\Users\dtrizna\Code\nebula\data\data_filtered\speakeasy_trainset_WithError\speakeasy_VocabSize_1000.pkl
WARNING:root:Dumped vocab counter to C:\Users\dtrizna\Code\nebula\data\data_filtered\speakeasy_trainset_WithError\speakeasy_counter.pkl
WARNING:root:Dumped vocab counter plot to C:\Users\dtrizna\Code\nebula\data\data_filtered\speakeasy_trainset_WithError\speakeasy_counter_plot.png
WARNING:root:2022-12-29 17:47:30: Encoding...
WARNING:root:2022-12-29 17:47:38: Padding...
WARNING:root:2022-12-29 17:47:43: Saving files with prefix: speakeasy_VocabSize_1000_maxLen_1024
WARNING:root:2022-12-29 17:47:43: Starting Preprocessing: VocabSize: 1000, MaxSeqLen: 2048
WARNING:root:2022-12-29 17:47:43: Building vocab with vocab size: 1000...
WARNING:root:Dumped vocab to C:\Users\dtrizna\Code\nebula\data\data_filtered\speakeasy_trainset_WithError\speakeasy_VocabSize_1000.pkl
WARNING:root:Dumped vocab counter to C:\Users\dtrizna\Code\nebula\data\data_filtered\speakeasy_trainset_WithError\speakeasy_counter.pkl
WARNING:root:Dumped vocab counter plot to C:\Users\dtrizna\Code\nebula\data\data_filtered\speakeasy_trainset_WithError\speakeasy_counter_plot.png
WARNING:root:2022-12-29 17:47:48: Encoding...
WARNING:root:2022-12-29 17:47:57: Padding...
WARNING:root:2022-12-29 17:48:05: Saving files with prefix: speakeasy_VocabSize_1000_maxLen_2048
WARNING:root:2022-12-29 17:48:06: Starting Preprocessing: VocabSize: 1000, MaxSeqLen: 4096
WARNING:root:2022-12-29 17:48:06: Building vocab with vocab size: 1000...
WARNING:root:Dumped vocab to C:\Users\dtrizna\Code\nebula\data\data_filtered\speakeasy_trainset_WithError\speakeasy_VocabSize_1000.pkl
WARNING:root:Dumped vocab counter to C:\Users\dtrizna\Code\nebula\data\data_filtered\speakeasy_trainset_WithError\speakeasy_counter.pkl
WARNING:root:Dumped vocab counter plot to C:\Users\dtrizna\Code\nebula\data\data_filtered\speakeasy_trainset_WithError\speakeasy_counter_plot.png
WARNING:root:2022-12-29 17:48:11: Encoding...
WARNING:root:2022-12-29 17:48:20: Padding...
WARNING:root:2022-12-29 17:48:35: Saving files with prefix: speakeasy_VocabSize_1000_maxLen_4096
WARNING:root:2022-12-29 17:48:36: Starting Preprocessing: VocabSize: 1500, MaxSeqLen: 512
WARNING:root:2022-12-29 17:48:36: Building vocab with vocab size: 1500...
WARNING:root:Dumped vocab to C:\Users\dtrizna\Code\nebula\data\data_filtered\speakeasy_trainset_WithError\speakeasy_VocabSize_1500.pkl
WARNING:root:Dumped vocab counter to C:\Users\dtrizna\Code\nebula\data\data_filtered\speakeasy_trainset_WithError\speakeasy_counter.pkl
WARNING:root:Dumped vocab counter plot to C:\Users\dtrizna\Code\nebula\data\data_filtered\speakeasy_trainset_WithError\speakeasy_counter_plot.png
WARNING:root:2022-12-29 17:48:42: Encoding...
WARNING:root:2022-12-29 17:48:51: Padding...
WARNING:root:2022-12-29 17:48:54: Saving files with prefix: speakeasy_VocabSize_1500_maxLen_512
WARNING:root:2022-12-29 17:48:54: Starting Preprocessing: VocabSize: 1500, MaxSeqLen: 1024
WARNING:root:2022-12-29 17:48:54: Building vocab with vocab size: 1500...
WARNING:root:Dumped vocab to C:\Users\dtrizna\Code\nebula\data\data_filtered\speakeasy_trainset_WithError\speakeasy_VocabSize_1500.pkl
WARNING:root:Dumped vocab counter to C:\Users\dtrizna\Code\nebula\data\data_filtered\speakeasy_trainset_WithError\speakeasy_counter.pkl
WARNING:root:Dumped vocab counter plot to C:\Users\dtrizna\Code\nebula\data\data_filtered\speakeasy_trainset_WithError\speakeasy_counter_plot.png
WARNING:root:2022-12-29 17:48:59: Encoding...
WARNING:root:2022-12-29 17:49:07: Padding...
WARNING:root:2022-12-29 17:49:12: Saving files with prefix: speakeasy_VocabSize_1500_maxLen_1024
WARNING:root:2022-12-29 17:49:12: Starting Preprocessing: VocabSize: 1500, MaxSeqLen: 2048
WARNING:root:2022-12-29 17:49:12: Building vocab with vocab size: 1500...
WARNING:root:Dumped vocab to C:\Users\dtrizna\Code\nebula\data\data_filtered\speakeasy_trainset_WithError\speakeasy_VocabSize_1500.pkl
WARNING:root:Dumped vocab counter to C:\Users\dtrizna\Code\nebula\data\data_filtered\speakeasy_trainset_WithError\speakeasy_counter.pkl
WARNING:root:Dumped vocab counter plot to C:\Users\dtrizna\Code\nebula\data\data_filtered\speakeasy_trainset_WithError\speakeasy_counter_plot.png
WARNING:root:2022-12-29 17:49:18: Encoding...
WARNING:root:2022-12-29 17:49:26: Padding...
WARNING:root:2022-12-29 17:49:34: Saving files with prefix: speakeasy_VocabSize_1500_maxLen_2048
WARNING:root:2022-12-29 17:49:35: Starting Preprocessing: VocabSize: 1500, MaxSeqLen: 4096
WARNING:root:2022-12-29 17:49:35: Building vocab with vocab size: 1500...
WARNING:root:Dumped vocab to C:\Users\dtrizna\Code\nebula\data\data_filtered\speakeasy_trainset_WithError\speakeasy_VocabSize_1500.pkl
WARNING:root:Dumped vocab counter to C:\Users\dtrizna\Code\nebula\data\data_filtered\speakeasy_trainset_WithError\speakeasy_counter.pkl
WARNING:root:Dumped vocab counter plot to C:\Users\dtrizna\Code\nebula\data\data_filtered\speakeasy_trainset_WithError\speakeasy_counter_plot.png
WARNING:root:2022-12-29 17:49:40: Encoding...
WARNING:root:2022-12-29 17:49:48: Padding...
WARNING:root:2022-12-29 17:50:05: Saving files with prefix: speakeasy_VocabSize_1500_maxLen_4096
WARNING:root:2022-12-29 17:50:06: Starting Preprocessing: VocabSize: 2000, MaxSeqLen: 512
WARNING:root:2022-12-29 17:50:06: Building vocab with vocab size: 2000...
WARNING:root:Dumped vocab to C:\Users\dtrizna\Code\nebula\data\data_filtered\speakeasy_trainset_WithError\speakeasy_VocabSize_2000.pkl
WARNING:root:Dumped vocab counter to C:\Users\dtrizna\Code\nebula\data\data_filtered\speakeasy_trainset_WithError\speakeasy_counter.pkl
WARNING:root:Dumped vocab counter plot to C:\Users\dtrizna\Code\nebula\data\data_filtered\speakeasy_trainset_WithError\speakeasy_counter_plot.png
WARNING:root:2022-12-29 17:50:12: Encoding...
WARNING:root:2022-12-29 17:50:19: Padding...
WARNING:root:2022-12-29 17:50:23: Saving files with prefix: speakeasy_VocabSize_2000_maxLen_512
WARNING:root:2022-12-29 17:50:23: Starting Preprocessing: VocabSize: 2000, MaxSeqLen: 1024
WARNING:root:2022-12-29 17:50:23: Building vocab with vocab size: 2000...
WARNING:root:Dumped vocab to C:\Users\dtrizna\Code\nebula\data\data_filtered\speakeasy_trainset_WithError\speakeasy_VocabSize_2000.pkl
WARNING:root:Dumped vocab counter to C:\Users\dtrizna\Code\nebula\data\data_filtered\speakeasy_trainset_WithError\speakeasy_counter.pkl
WARNING:root:Dumped vocab counter plot to C:\Users\dtrizna\Code\nebula\data\data_filtered\speakeasy_trainset_WithError\speakeasy_counter_plot.png
WARNING:root:2022-12-29 17:50:28: Encoding...
WARNING:root:2022-12-29 17:50:36: Padding...
WARNING:root:2022-12-29 17:50:41: Saving files with prefix: speakeasy_VocabSize_2000_maxLen_1024
WARNING:root:2022-12-29 17:50:42: Starting Preprocessing: VocabSize: 2000, MaxSeqLen: 2048
WARNING:root:2022-12-29 17:50:42: Building vocab with vocab size: 2000...
WARNING:root:Dumped vocab to C:\Users\dtrizna\Code\nebula\data\data_filtered\speakeasy_trainset_WithError\speakeasy_VocabSize_2000.pkl
WARNING:root:Dumped vocab counter to C:\Users\dtrizna\Code\nebula\data\data_filtered\speakeasy_trainset_WithError\speakeasy_counter.pkl
WARNING:root:Dumped vocab counter plot to C:\Users\dtrizna\Code\nebula\data\data_filtered\speakeasy_trainset_WithError\speakeasy_counter_plot.png
WARNING:root:2022-12-29 17:50:48: Encoding...
WARNING:root:2022-12-29 17:50:56: Padding...
WARNING:root:2022-12-29 17:51:05: Saving files with prefix: speakeasy_VocabSize_2000_maxLen_2048
WARNING:root:2022-12-29 17:51:05: Starting Preprocessing: VocabSize: 2000, MaxSeqLen: 4096
WARNING:root:2022-12-29 17:51:05: Building vocab with vocab size: 2000...
WARNING:root:Dumped vocab to C:\Users\dtrizna\Code\nebula\data\data_filtered\speakeasy_trainset_WithError\speakeasy_VocabSize_2000.pkl
WARNING:root:Dumped vocab counter to C:\Users\dtrizna\Code\nebula\data\data_filtered\speakeasy_trainset_WithError\speakeasy_counter.pkl
WARNING:root:Dumped vocab counter plot to C:\Users\dtrizna\Code\nebula\data\data_filtered\speakeasy_trainset_WithError\speakeasy_counter_plot.png
WARNING:root:2022-12-29 17:51:11: Encoding...
WARNING:root:2022-12-29 17:51:19: Padding...
WARNING:root:2022-12-29 17:51:34: Saving files with prefix: speakeasy_VocabSize_2000_maxLen_4096
WARNING:root:2022-12-29 17:51:36: Starting Preprocessing: VocabSize: 10000, MaxSeqLen: 512
WARNING:root:2022-12-29 17:51:36: Building vocab with vocab size: 10000...
WARNING:root:Dumped vocab to C:\Users\dtrizna\Code\nebula\data\data_filtered\speakeasy_trainset_WithError\speakeasy_VocabSize_10000.pkl
WARNING:root:Dumped vocab counter to C:\Users\dtrizna\Code\nebula\data\data_filtered\speakeasy_trainset_WithError\speakeasy_counter.pkl
WARNING:root:Dumped vocab counter plot to C:\Users\dtrizna\Code\nebula\data\data_filtered\speakeasy_trainset_WithError\speakeasy_counter_plot.png
WARNING:root:2022-12-29 17:51:41: Encoding...
WARNING:root:2022-12-29 17:51:49: Padding...
WARNING:root:2022-12-29 17:51:52: Saving files with prefix: speakeasy_VocabSize_10000_maxLen_512
WARNING:root:2022-12-29 17:51:53: Starting Preprocessing: VocabSize: 10000, MaxSeqLen: 1024
WARNING:root:2022-12-29 17:51:53: Building vocab with vocab size: 10000...
WARNING:root:Dumped vocab to C:\Users\dtrizna\Code\nebula\data\data_filtered\speakeasy_trainset_WithError\speakeasy_VocabSize_10000.pkl
WARNING:root:Dumped vocab counter to C:\Users\dtrizna\Code\nebula\data\data_filtered\speakeasy_trainset_WithError\speakeasy_counter.pkl
WARNING:root:Dumped vocab counter plot to C:\Users\dtrizna\Code\nebula\data\data_filtered\speakeasy_trainset_WithError\speakeasy_counter_plot.png
WARNING:root:2022-12-29 17:51:58: Encoding...
WARNING:root:2022-12-29 17:52:06: Padding...
WARNING:root:2022-12-29 17:52:11: Saving files with prefix: speakeasy_VocabSize_10000_maxLen_1024
WARNING:root:2022-12-29 17:52:12: Starting Preprocessing: VocabSize: 10000, MaxSeqLen: 2048
WARNING:root:2022-12-29 17:52:12: Building vocab with vocab size: 10000...
WARNING:root:Dumped vocab to C:\Users\dtrizna\Code\nebula\data\data_filtered\speakeasy_trainset_WithError\speakeasy_VocabSize_10000.pkl
WARNING:root:Dumped vocab counter to C:\Users\dtrizna\Code\nebula\data\data_filtered\speakeasy_trainset_WithError\speakeasy_counter.pkl
WARNING:root:Dumped vocab counter plot to C:\Users\dtrizna\Code\nebula\data\data_filtered\speakeasy_trainset_WithError\speakeasy_counter_plot.png
WARNING:root:2022-12-29 17:52:17: Encoding...
WARNING:root:2022-12-29 17:52:25: Padding...
WARNING:root:2022-12-29 17:52:33: Saving files with prefix: speakeasy_VocabSize_10000_maxLen_2048
WARNING:root:2022-12-29 17:52:34: Starting Preprocessing: VocabSize: 10000, MaxSeqLen: 4096
WARNING:root:2022-12-29 17:52:34: Building vocab with vocab size: 10000...
WARNING:root:Dumped vocab to C:\Users\dtrizna\Code\nebula\data\data_filtered\speakeasy_trainset_WithError\speakeasy_VocabSize_10000.pkl
WARNING:root:Dumped vocab counter to C:\Users\dtrizna\Code\nebula\data\data_filtered\speakeasy_trainset_WithError\speakeasy_counter.pkl
WARNING:root:Dumped vocab counter plot to C:\Users\dtrizna\Code\nebula\data\data_filtered\speakeasy_trainset_WithError\speakeasy_counter_plot.png
WARNING:root:2022-12-29 17:52:40: Encoding...
WARNING:root:2022-12-29 17:52:49: Padding...
WARNING:root:2022-12-29 17:53:04: Saving files with prefix: speakeasy_VocabSize_10000_maxLen_4096
WARNING:root:2022-12-29 17:53:06: Starting Preprocessing: VocabSize: 15000, MaxSeqLen: 512
WARNING:root:2022-12-29 17:53:06: Building vocab with vocab size: 15000...
WARNING:root:Dumped vocab to C:\Users\dtrizna\Code\nebula\data\data_filtered\speakeasy_trainset_WithError\speakeasy_VocabSize_15000.pkl
WARNING:root:Dumped vocab counter to C:\Users\dtrizna\Code\nebula\data\data_filtered\speakeasy_trainset_WithError\speakeasy_counter.pkl
WARNING:root:Dumped vocab counter plot to C:\Users\dtrizna\Code\nebula\data\data_filtered\speakeasy_trainset_WithError\speakeasy_counter_plot.png
WARNING:root:2022-12-29 17:53:11: Encoding...
WARNING:root:2022-12-29 17:53:22: Padding...
WARNING:root:2022-12-29 17:53:24: Saving files with prefix: speakeasy_VocabSize_15000_maxLen_512
WARNING:root:2022-12-29 17:53:24: Starting Preprocessing: VocabSize: 15000, MaxSeqLen: 1024
WARNING:root:2022-12-29 17:53:24: Building vocab with vocab size: 15000...
WARNING:root:Dumped vocab to C:\Users\dtrizna\Code\nebula\data\data_filtered\speakeasy_trainset_WithError\speakeasy_VocabSize_15000.pkl
WARNING:root:Dumped vocab counter to C:\Users\dtrizna\Code\nebula\data\data_filtered\speakeasy_trainset_WithError\speakeasy_counter.pkl
WARNING:root:Dumped vocab counter plot to C:\Users\dtrizna\Code\nebula\data\data_filtered\speakeasy_trainset_WithError\speakeasy_counter_plot.png
WARNING:root:2022-12-29 17:53:30: Encoding...
WARNING:root:2022-12-29 17:53:40: Padding...
WARNING:root:2022-12-29 17:53:43: Saving files with prefix: speakeasy_VocabSize_15000_maxLen_1024
WARNING:root:2022-12-29 17:53:44: Starting Preprocessing: VocabSize: 15000, MaxSeqLen: 2048
WARNING:root:2022-12-29 17:53:44: Building vocab with vocab size: 15000...
WARNING:root:Dumped vocab to C:\Users\dtrizna\Code\nebula\data\data_filtered\speakeasy_trainset_WithError\speakeasy_VocabSize_15000.pkl
WARNING:root:Dumped vocab counter to C:\Users\dtrizna\Code\nebula\data\data_filtered\speakeasy_trainset_WithError\speakeasy_counter.pkl
WARNING:root:Dumped vocab counter plot to C:\Users\dtrizna\Code\nebula\data\data_filtered\speakeasy_trainset_WithError\speakeasy_counter_plot.png
WARNING:root:2022-12-29 17:53:49: Encoding...
WARNING:root:2022-12-29 17:53:59: Padding...
WARNING:root:2022-12-29 17:54:08: Saving files with prefix: speakeasy_VocabSize_15000_maxLen_2048
WARNING:root:2022-12-29 17:54:09: Starting Preprocessing: VocabSize: 15000, MaxSeqLen: 4096
WARNING:root:2022-12-29 17:54:09: Building vocab with vocab size: 15000...
WARNING:root:Dumped vocab to C:\Users\dtrizna\Code\nebula\data\data_filtered\speakeasy_trainset_WithError\speakeasy_VocabSize_15000.pkl
WARNING:root:Dumped vocab counter to C:\Users\dtrizna\Code\nebula\data\data_filtered\speakeasy_trainset_WithError\speakeasy_counter.pkl
WARNING:root:Dumped vocab counter plot to C:\Users\dtrizna\Code\nebula\data\data_filtered\speakeasy_trainset_WithError\speakeasy_counter_plot.png
WARNING:root:2022-12-29 17:54:15: Encoding...
WARNING:root:2022-12-29 17:54:24: Padding...
WARNING:root:2022-12-29 17:54:39: Saving files with prefix: speakeasy_VocabSize_15000_maxLen_4096
