01/21/2023 02:46:51 PM Initialized ...
01/21/2023 02:46:51 PM Filtering and normalizing C:\Users\dtrizna\Code\nebula\scripts\..\data\data_raw\windows_emulation_trainset\report_backdoor...
01/21/2023 02:51:03 PM Finished... Took: 251.71s
01/21/2023 02:51:03 PM Filtering and normalizing C:\Users\dtrizna\Code\nebula\scripts\..\data\data_raw\windows_emulation_trainset\report_clean...
01/21/2023 02:57:39 PM Finished... Took: 395.54s
01/21/2023 02:57:39 PM Filtering and normalizing C:\Users\dtrizna\Code\nebula\scripts\..\data\data_raw\windows_emulation_trainset\report_coinminer...
01/21/2023 02:59:30 PM Finished... Took: 111.06s
01/21/2023 02:59:30 PM Filtering and normalizing C:\Users\dtrizna\Code\nebula\scripts\..\data\data_raw\windows_emulation_trainset\report_dropper...
01/21/2023 03:01:09 PM Finished... Took: 99.82s
01/21/2023 03:01:09 PM Filtering and normalizing C:\Users\dtrizna\Code\nebula\scripts\..\data\data_raw\windows_emulation_trainset\report_keylogger...
01/21/2023 03:02:19 PM Finished... Took: 69.34s
01/21/2023 03:02:19 PM Filtering and normalizing C:\Users\dtrizna\Code\nebula\scripts\..\data\data_raw\windows_emulation_trainset\report_ransomware...
01/21/2023 03:05:30 PM Finished... Took: 190.90s
01/21/2023 03:05:30 PM Filtering and normalizing C:\Users\dtrizna\Code\nebula\scripts\..\data\data_raw\windows_emulation_trainset\report_rat...
01/21/2023 03:06:25 PM Finished... Took: 55.78s
01/21/2023 03:06:25 PM Filtering and normalizing C:\Users\dtrizna\Code\nebula\scripts\..\data\data_raw\windows_emulation_trainset\report_trojan...
01/21/2023 03:08:57 PM Finished... Took: 151.52s
01/21/2023 03:08:57 PM Filtering and normalizing C:\Users\dtrizna\Code\nebula\scripts\..\data\data_raw\windows_emulation_trainset\report_windows_syswow64...
01/21/2023 03:08:59 PM Finished... Took: 1.87s
01/21/2023 03:08:59 PM Filtering and normalizing C:\Users\dtrizna\Code\nebula\scripts\..\data\data_raw\windows_emulation_testset\report_backdoor...
01/21/2023 03:09:33 PM Finished... Took: 34.56s
01/21/2023 03:09:33 PM Filtering and normalizing C:\Users\dtrizna\Code\nebula\scripts\..\data\data_raw\windows_emulation_testset\report_clean...
01/21/2023 03:11:11 PM Finished... Took: 97.95s
01/21/2023 03:11:11 PM Filtering and normalizing C:\Users\dtrizna\Code\nebula\scripts\..\data\data_raw\windows_emulation_testset\report_coinminer...
01/21/2023 03:11:45 PM Finished... Took: 33.33s
01/21/2023 03:11:45 PM Filtering and normalizing C:\Users\dtrizna\Code\nebula\scripts\..\data\data_raw\windows_emulation_testset\report_dropper...
01/21/2023 03:11:47 PM Finished... Took: 2.77s
01/21/2023 03:11:48 PM Filtering and normalizing C:\Users\dtrizna\Code\nebula\scripts\..\data\data_raw\windows_emulation_testset\report_keylogger...
01/21/2023 03:11:59 PM Finished... Took: 11.35s
01/21/2023 03:11:59 PM Filtering and normalizing C:\Users\dtrizna\Code\nebula\scripts\..\data\data_raw\windows_emulation_testset\report_ransomware...
01/21/2023 03:14:09 PM Finished... Took: 129.92s
01/21/2023 03:14:09 PM Filtering and normalizing C:\Users\dtrizna\Code\nebula\scripts\..\data\data_raw\windows_emulation_testset\report_rat...
01/21/2023 03:14:27 PM Finished... Took: 17.73s
01/21/2023 03:14:27 PM Filtering and normalizing C:\Users\dtrizna\Code\nebula\scripts\..\data\data_raw\windows_emulation_testset\report_trojan...
01/21/2023 03:14:38 PM Finished... Took: 11.99s
01/21/2023 03:14:38 PM Filtering and normalizing C:\Users\dtrizna\Code\nebula\scripts\..\data\data_raw\windows_emulation_testset\report_windows_syswow64...
01/21/2023 03:14:39 PM Finished... Took: 0.54s
01/21/2023 03:14:39 PM Training tokenizer with vocab size: 50000...
01/21/2023 03:28:48 PM Encoding...
01/21/2023 03:42:19 PM Padding with maxLen=512...
01/21/2023 03:42:21 PM Saving files with prefix: speakeasy_VocabSize_50000_maxLen_512
01/21/2023 03:42:21 PM Padding with maxLen=2048...
01/21/2023 03:42:29 PM Saving files with prefix: speakeasy_VocabSize_50000_maxLen_2048
