WARNING:root:Initialized ...
WARNING:root:2022-12-23 16:23:56: Filtering and normalizing C:\Users\dtrizna\Code\nebula\data\data_raw\windows_emulation_trainset\report_backdoor...
WARNING:root:2022-12-23 16:26:32: Finished... Took: 155.73s
WARNING:root:2022-12-23 16:26:32: Filtering and normalizing C:\Users\dtrizna\Code\nebula\data\data_raw\windows_emulation_trainset\report_clean...
WARNING:root:2022-12-23 16:31:13: Finished... Took: 281.09s
WARNING:root:2022-12-23 16:31:13: Filtering and normalizing C:\Users\dtrizna\Code\nebula\data\data_raw\windows_emulation_trainset\report_coinminer...
WARNING:root:2022-12-23 16:32:25: Finished... Took: 71.90s
WARNING:root:2022-12-23 16:32:25: Filtering and normalizing C:\Users\dtrizna\Code\nebula\data\data_raw\windows_emulation_trainset\report_dropper...
WARNING:root:2022-12-23 16:33:32: Finished... Took: 67.02s
WARNING:root:2022-12-23 16:33:32: Filtering and normalizing C:\Users\dtrizna\Code\nebula\data\data_raw\windows_emulation_trainset\report_keylogger...
WARNING:root:2022-12-23 16:34:16: Finished... Took: 44.36s
WARNING:root:2022-12-23 16:34:16: Filtering and normalizing C:\Users\dtrizna\Code\nebula\data\data_raw\windows_emulation_trainset\report_ransomware...
WARNING:root:2022-12-23 16:35:59: Finished... Took: 102.81s
WARNING:root:2022-12-23 16:35:59: Filtering and normalizing C:\Users\dtrizna\Code\nebula\data\data_raw\windows_emulation_trainset\report_rat...
WARNING:root:2022-12-23 16:36:28: Finished... Took: 28.45s
WARNING:root:2022-12-23 16:36:28: Filtering and normalizing C:\Users\dtrizna\Code\nebula\data\data_raw\windows_emulation_trainset\report_trojan...
WARNING:root:2022-12-23 16:38:14: Finished... Took: 106.40s
WARNING:root:2022-12-23 16:38:14: Filtering and normalizing C:\Users\dtrizna\Code\nebula\data\data_raw\windows_emulation_trainset\report_windows_syswow64...
WARNING:root:2022-12-23 16:38:16: Finished... Took: 1.68s
WARNING:root:2022-12-23 16:38:16: Filtering and normalizing C:\Users\dtrizna\Code\nebula\data\data_raw\windows_emulation_testset\report_backdoor...
WARNING:root:2022-12-23 16:38:43: Finished... Took: 27.09s
WARNING:root:2022-12-23 16:38:43: Filtering and normalizing C:\Users\dtrizna\Code\nebula\data\data_raw\windows_emulation_testset\report_clean...
WARNING:root:2022-12-23 16:40:06: Finished... Took: 82.96s
WARNING:root:2022-12-23 16:40:06: Filtering and normalizing C:\Users\dtrizna\Code\nebula\data\data_raw\windows_emulation_testset\report_coinminer...
WARNING:root:2022-12-23 16:40:26: Finished... Took: 20.00s
WARNING:root:2022-12-23 16:40:26: Filtering and normalizing C:\Users\dtrizna\Code\nebula\data\data_raw\windows_emulation_testset\report_dropper...
WARNING:root:2022-12-23 16:40:28: Finished... Took: 2.29s
WARNING:root:2022-12-23 16:40:28: Filtering and normalizing C:\Users\dtrizna\Code\nebula\data\data_raw\windows_emulation_testset\report_keylogger...
WARNING:root:2022-12-23 16:40:37: Finished... Took: 8.55s
WARNING:root:2022-12-23 16:40:37: Filtering and normalizing C:\Users\dtrizna\Code\nebula\data\data_raw\windows_emulation_testset\report_ransomware...
WARNING:root:2022-12-23 16:41:13: Finished... Took: 36.05s
WARNING:root:2022-12-23 16:41:13: Filtering and normalizing C:\Users\dtrizna\Code\nebula\data\data_raw\windows_emulation_testset\report_rat...
WARNING:root:2022-12-23 16:41:26: Finished... Took: 13.41s
WARNING:root:2022-12-23 16:41:26: Filtering and normalizing C:\Users\dtrizna\Code\nebula\data\data_raw\windows_emulation_testset\report_trojan...
WARNING:root:2022-12-23 16:41:36: Finished... Took: 9.55s
WARNING:root:2022-12-23 16:41:36: Filtering and normalizing C:\Users\dtrizna\Code\nebula\data\data_raw\windows_emulation_testset\report_windows_syswow64...
WARNING:root:2022-12-23 16:41:36: Finished... Took: 0.41s
WARNING:root:2022-12-23 16:41:36: Tokenizing...
WARNING:root:2022-12-23 16:43:01: Dumped tokenized files to C:\Users\dtrizna\Code\nebula\data\data_filtered\speakeasy_trainset_NoOrdinal100 and C:\Users\dtrizna\Code\nebula\data\data_filtered\speakeasy_testset_NoOrdinal100
WARNING:root:2022-12-23 16:43:01: Starting Preprocessing: VocabSize: 500, MaxSeqLen: 512
WARNING:root:2022-12-23 16:43:01: Building vocab with vocab size: 500...
WARNING:root:Dumped vocab to C:\Users\dtrizna\Code\nebula\data\data_filtered\speakeasy_trainset_NoOrdinal100\speakeasy_VocabSize_500.pkl
WARNING:root:Dumped vocab counter to C:\Users\dtrizna\Code\nebula\data\data_filtered\speakeasy_trainset_NoOrdinal100\speakeasy_counter.pkl
WARNING:root:Dumped vocab counter plot to C:\Users\dtrizna\Code\nebula\data\data_filtered\speakeasy_trainset_NoOrdinal100\speakeasy_counter_plot.png
WARNING:root:2022-12-23 16:43:06: Encoding...
WARNING:root:2022-12-23 16:43:10: Padding...
WARNING:root:2022-12-23 16:43:13: Saving files with prefix: speakeasy_VocabSize_500_maxLen_512
WARNING:root:2022-12-23 16:43:13: Starting Preprocessing: VocabSize: 500, MaxSeqLen: 1024
WARNING:root:2022-12-23 16:43:13: Building vocab with vocab size: 500...
WARNING:root:Dumped vocab to C:\Users\dtrizna\Code\nebula\data\data_filtered\speakeasy_trainset_NoOrdinal100\speakeasy_VocabSize_500.pkl
WARNING:root:Dumped vocab counter to C:\Users\dtrizna\Code\nebula\data\data_filtered\speakeasy_trainset_NoOrdinal100\speakeasy_counter.pkl
WARNING:root:Dumped vocab counter plot to C:\Users\dtrizna\Code\nebula\data\data_filtered\speakeasy_trainset_NoOrdinal100\speakeasy_counter_plot.png
WARNING:root:2022-12-23 16:43:16: Encoding...
WARNING:root:2022-12-23 16:43:20: Padding...
WARNING:root:2022-12-23 16:43:25: Saving files with prefix: speakeasy_VocabSize_500_maxLen_1024
WARNING:root:2022-12-23 16:43:26: Starting Preprocessing: VocabSize: 500, MaxSeqLen: 2048
WARNING:root:2022-12-23 16:43:26: Building vocab with vocab size: 500...
WARNING:root:Dumped vocab to C:\Users\dtrizna\Code\nebula\data\data_filtered\speakeasy_trainset_NoOrdinal100\speakeasy_VocabSize_500.pkl
WARNING:root:Dumped vocab counter to C:\Users\dtrizna\Code\nebula\data\data_filtered\speakeasy_trainset_NoOrdinal100\speakeasy_counter.pkl
WARNING:root:Dumped vocab counter plot to C:\Users\dtrizna\Code\nebula\data\data_filtered\speakeasy_trainset_NoOrdinal100\speakeasy_counter_plot.png
WARNING:root:2022-12-23 16:43:28: Encoding...
WARNING:root:2022-12-23 16:43:34: Padding...
WARNING:root:2022-12-23 16:43:42: Saving files with prefix: speakeasy_VocabSize_500_maxLen_2048
WARNING:root:2022-12-23 16:43:43: Starting Preprocessing: VocabSize: 1000, MaxSeqLen: 512
WARNING:root:2022-12-23 16:43:43: Building vocab with vocab size: 1000...
WARNING:root:Dumped vocab to C:\Users\dtrizna\Code\nebula\data\data_filtered\speakeasy_trainset_NoOrdinal100\speakeasy_VocabSize_1000.pkl
WARNING:root:Dumped vocab counter to C:\Users\dtrizna\Code\nebula\data\data_filtered\speakeasy_trainset_NoOrdinal100\speakeasy_counter.pkl
WARNING:root:Dumped vocab counter plot to C:\Users\dtrizna\Code\nebula\data\data_filtered\speakeasy_trainset_NoOrdinal100\speakeasy_counter_plot.png
WARNING:root:2022-12-23 16:43:47: Encoding...
WARNING:root:2022-12-23 16:43:52: Padding...
WARNING:root:2022-12-23 16:43:55: Saving files with prefix: speakeasy_VocabSize_1000_maxLen_512
WARNING:root:2022-12-23 16:43:55: Starting Preprocessing: VocabSize: 1000, MaxSeqLen: 1024
WARNING:root:2022-12-23 16:43:55: Building vocab with vocab size: 1000...
WARNING:root:Dumped vocab to C:\Users\dtrizna\Code\nebula\data\data_filtered\speakeasy_trainset_NoOrdinal100\speakeasy_VocabSize_1000.pkl
WARNING:root:Dumped vocab counter to C:\Users\dtrizna\Code\nebula\data\data_filtered\speakeasy_trainset_NoOrdinal100\speakeasy_counter.pkl
WARNING:root:Dumped vocab counter plot to C:\Users\dtrizna\Code\nebula\data\data_filtered\speakeasy_trainset_NoOrdinal100\speakeasy_counter_plot.png
WARNING:root:2022-12-23 16:43:58: Encoding...
WARNING:root:2022-12-23 16:44:02: Padding...
WARNING:root:2022-12-23 16:44:07: Saving files with prefix: speakeasy_VocabSize_1000_maxLen_1024
WARNING:root:2022-12-23 16:44:08: Starting Preprocessing: VocabSize: 1000, MaxSeqLen: 2048
WARNING:root:2022-12-23 16:44:08: Building vocab with vocab size: 1000...
WARNING:root:Dumped vocab to C:\Users\dtrizna\Code\nebula\data\data_filtered\speakeasy_trainset_NoOrdinal100\speakeasy_VocabSize_1000.pkl
WARNING:root:Dumped vocab counter to C:\Users\dtrizna\Code\nebula\data\data_filtered\speakeasy_trainset_NoOrdinal100\speakeasy_counter.pkl
WARNING:root:Dumped vocab counter plot to C:\Users\dtrizna\Code\nebula\data\data_filtered\speakeasy_trainset_NoOrdinal100\speakeasy_counter_plot.png
WARNING:root:2022-12-23 16:44:11: Encoding...
WARNING:root:2022-12-23 16:44:16: Padding...
WARNING:root:2022-12-23 16:44:25: Saving files with prefix: speakeasy_VocabSize_1000_maxLen_2048
WARNING:root:2022-12-23 16:44:26: Starting Preprocessing: VocabSize: 1500, MaxSeqLen: 512
WARNING:root:2022-12-23 16:44:26: Building vocab with vocab size: 1500...
WARNING:root:Dumped vocab to C:\Users\dtrizna\Code\nebula\data\data_filtered\speakeasy_trainset_NoOrdinal100\speakeasy_VocabSize_1500.pkl
WARNING:root:Dumped vocab counter to C:\Users\dtrizna\Code\nebula\data\data_filtered\speakeasy_trainset_NoOrdinal100\speakeasy_counter.pkl
WARNING:root:Dumped vocab counter plot to C:\Users\dtrizna\Code\nebula\data\data_filtered\speakeasy_trainset_NoOrdinal100\speakeasy_counter_plot.png
WARNING:root:2022-12-23 16:44:30: Encoding...
WARNING:root:2022-12-23 16:44:35: Padding...
WARNING:root:2022-12-23 16:44:38: Saving files with prefix: speakeasy_VocabSize_1500_maxLen_512
WARNING:root:2022-12-23 16:44:38: Starting Preprocessing: VocabSize: 1500, MaxSeqLen: 1024
WARNING:root:2022-12-23 16:44:38: Building vocab with vocab size: 1500...
WARNING:root:Dumped vocab to C:\Users\dtrizna\Code\nebula\data\data_filtered\speakeasy_trainset_NoOrdinal100\speakeasy_VocabSize_1500.pkl
WARNING:root:Dumped vocab counter to C:\Users\dtrizna\Code\nebula\data\data_filtered\speakeasy_trainset_NoOrdinal100\speakeasy_counter.pkl
WARNING:root:Dumped vocab counter plot to C:\Users\dtrizna\Code\nebula\data\data_filtered\speakeasy_trainset_NoOrdinal100\speakeasy_counter_plot.png
WARNING:root:2022-12-23 16:44:41: Encoding...
WARNING:root:2022-12-23 16:44:45: Padding...
WARNING:root:2022-12-23 16:44:50: Saving files with prefix: speakeasy_VocabSize_1500_maxLen_1024
WARNING:root:2022-12-23 16:44:51: Starting Preprocessing: VocabSize: 1500, MaxSeqLen: 2048
WARNING:root:2022-12-23 16:44:51: Building vocab with vocab size: 1500...
WARNING:root:Dumped vocab to C:\Users\dtrizna\Code\nebula\data\data_filtered\speakeasy_trainset_NoOrdinal100\speakeasy_VocabSize_1500.pkl
WARNING:root:Dumped vocab counter to C:\Users\dtrizna\Code\nebula\data\data_filtered\speakeasy_trainset_NoOrdinal100\speakeasy_counter.pkl
WARNING:root:Dumped vocab counter plot to C:\Users\dtrizna\Code\nebula\data\data_filtered\speakeasy_trainset_NoOrdinal100\speakeasy_counter_plot.png
WARNING:root:2022-12-23 16:44:54: Encoding...
WARNING:root:2022-12-23 16:44:59: Padding...
WARNING:root:2022-12-23 16:45:08: Saving files with prefix: speakeasy_VocabSize_1500_maxLen_2048
WARNING:root:2022-12-23 16:45:09: Starting Preprocessing: VocabSize: 2000, MaxSeqLen: 512
WARNING:root:2022-12-23 16:45:09: Building vocab with vocab size: 2000...
WARNING:root:Dumped vocab to C:\Users\dtrizna\Code\nebula\data\data_filtered\speakeasy_trainset_NoOrdinal100\speakeasy_VocabSize_2000.pkl
WARNING:root:Dumped vocab counter to C:\Users\dtrizna\Code\nebula\data\data_filtered\speakeasy_trainset_NoOrdinal100\speakeasy_counter.pkl
WARNING:root:Dumped vocab counter plot to C:\Users\dtrizna\Code\nebula\data\data_filtered\speakeasy_trainset_NoOrdinal100\speakeasy_counter_plot.png
WARNING:root:2022-12-23 16:45:12: Encoding...
WARNING:root:2022-12-23 16:45:18: Padding...
WARNING:root:2022-12-23 16:45:20: Saving files with prefix: speakeasy_VocabSize_2000_maxLen_512
WARNING:root:2022-12-23 16:45:20: Starting Preprocessing: VocabSize: 2000, MaxSeqLen: 1024
WARNING:root:2022-12-23 16:45:20: Building vocab with vocab size: 2000...
WARNING:root:Dumped vocab to C:\Users\dtrizna\Code\nebula\data\data_filtered\speakeasy_trainset_NoOrdinal100\speakeasy_VocabSize_2000.pkl
WARNING:root:Dumped vocab counter to C:\Users\dtrizna\Code\nebula\data\data_filtered\speakeasy_trainset_NoOrdinal100\speakeasy_counter.pkl
WARNING:root:Dumped vocab counter plot to C:\Users\dtrizna\Code\nebula\data\data_filtered\speakeasy_trainset_NoOrdinal100\speakeasy_counter_plot.png
WARNING:root:2022-12-23 16:45:23: Encoding...
WARNING:root:2022-12-23 16:45:29: Padding...
WARNING:root:2022-12-23 16:45:33: Saving files with prefix: speakeasy_VocabSize_2000_maxLen_1024
WARNING:root:2022-12-23 16:45:34: Starting Preprocessing: VocabSize: 2000, MaxSeqLen: 2048
WARNING:root:2022-12-23 16:45:34: Building vocab with vocab size: 2000...
WARNING:root:Dumped vocab to C:\Users\dtrizna\Code\nebula\data\data_filtered\speakeasy_trainset_NoOrdinal100\speakeasy_VocabSize_2000.pkl
WARNING:root:Dumped vocab counter to C:\Users\dtrizna\Code\nebula\data\data_filtered\speakeasy_trainset_NoOrdinal100\speakeasy_counter.pkl
WARNING:root:Dumped vocab counter plot to C:\Users\dtrizna\Code\nebula\data\data_filtered\speakeasy_trainset_NoOrdinal100\speakeasy_counter_plot.png
WARNING:root:2022-12-23 16:45:37: Encoding...
WARNING:root:2022-12-23 16:45:42: Padding...
WARNING:root:2022-12-23 16:45:51: Saving files with prefix: speakeasy_VocabSize_2000_maxLen_2048
