WARNING:root:Initialized ...
WARNING:root:2022-12-29 12:46:42: Filtering and normalizing C:\Users\dtrizna\Code\nebula\data\data_raw\windows_emulation_trainset\report_backdoor...
WARNING:root:2022-12-29 12:49:09: Finished... Took: 146.47s
WARNING:root:2022-12-29 12:49:09: Filtering and normalizing C:\Users\dtrizna\Code\nebula\data\data_raw\windows_emulation_trainset\report_clean...
WARNING:root:2022-12-29 12:52:58: Finished... Took: 229.22s
WARNING:root:2022-12-29 12:52:58: Filtering and normalizing C:\Users\dtrizna\Code\nebula\data\data_raw\windows_emulation_trainset\report_coinminer...
WARNING:root:2022-12-29 12:54:08: Finished... Took: 70.41s
WARNING:root:2022-12-29 12:54:08: Filtering and normalizing C:\Users\dtrizna\Code\nebula\data\data_raw\windows_emulation_trainset\report_dropper...
WARNING:root:2022-12-29 12:55:23: Finished... Took: 74.96s
WARNING:root:2022-12-29 12:55:23: Filtering and normalizing C:\Users\dtrizna\Code\nebula\data\data_raw\windows_emulation_trainset\report_keylogger...
WARNING:root:2022-12-29 12:56:06: Finished... Took: 43.00s
WARNING:root:2022-12-29 12:56:06: Filtering and normalizing C:\Users\dtrizna\Code\nebula\data\data_raw\windows_emulation_trainset\report_ransomware...
WARNING:root:2022-12-29 12:57:42: Finished... Took: 95.39s
WARNING:root:2022-12-29 12:57:42: Filtering and normalizing C:\Users\dtrizna\Code\nebula\data\data_raw\windows_emulation_trainset\report_rat...
WARNING:root:2022-12-29 12:58:10: Finished... Took: 28.75s
WARNING:root:2022-12-29 12:58:10: Filtering and normalizing C:\Users\dtrizna\Code\nebula\data\data_raw\windows_emulation_trainset\report_trojan...
WARNING:root:2022-12-29 12:59:44: Finished... Took: 93.69s
WARNING:root:2022-12-29 12:59:44: Filtering and normalizing C:\Users\dtrizna\Code\nebula\data\data_raw\windows_emulation_trainset\report_windows_syswow64...
WARNING:root:2022-12-29 12:59:46: Finished... Took: 1.77s
WARNING:root:2022-12-29 12:59:46: Filtering and normalizing C:\Users\dtrizna\Code\nebula\data\data_raw\windows_emulation_testset\report_backdoor...
WARNING:root:2022-12-29 13:00:09: Finished... Took: 23.03s
WARNING:root:2022-12-29 13:00:09: Filtering and normalizing C:\Users\dtrizna\Code\nebula\data\data_raw\windows_emulation_testset\report_clean...
WARNING:root:2022-12-29 13:01:19: Finished... Took: 70.39s
WARNING:root:2022-12-29 13:01:19: Filtering and normalizing C:\Users\dtrizna\Code\nebula\data\data_raw\windows_emulation_testset\report_coinminer...
WARNING:root:2022-12-29 13:01:37: Finished... Took: 17.68s
WARNING:root:2022-12-29 13:01:37: Filtering and normalizing C:\Users\dtrizna\Code\nebula\data\data_raw\windows_emulation_testset\report_dropper...
WARNING:root:2022-12-29 13:01:39: Finished... Took: 2.14s
WARNING:root:2022-12-29 13:01:39: Filtering and normalizing C:\Users\dtrizna\Code\nebula\data\data_raw\windows_emulation_testset\report_keylogger...
WARNING:root:2022-12-29 13:01:47: Finished... Took: 7.66s
WARNING:root:2022-12-29 13:01:47: Filtering and normalizing C:\Users\dtrizna\Code\nebula\data\data_raw\windows_emulation_testset\report_ransomware...
WARNING:root:2022-12-29 13:02:18: Finished... Took: 31.69s
WARNING:root:2022-12-29 13:02:18: Filtering and normalizing C:\Users\dtrizna\Code\nebula\data\data_raw\windows_emulation_testset\report_rat...
WARNING:root:2022-12-29 13:02:31: Finished... Took: 12.32s
WARNING:root:2022-12-29 13:02:31: Filtering and normalizing C:\Users\dtrizna\Code\nebula\data\data_raw\windows_emulation_testset\report_trojan...
WARNING:root:2022-12-29 13:02:39: Finished... Took: 8.60s
WARNING:root:2022-12-29 13:02:39: Filtering and normalizing C:\Users\dtrizna\Code\nebula\data\data_raw\windows_emulation_testset\report_windows_syswow64...
WARNING:root:2022-12-29 13:02:40: Finished... Took: 0.51s
WARNING:root:2022-12-29 13:02:40: Tokenizing...
WARNING:root:2022-12-29 13:03:20: Dumped tokenized files to C:\Users\dtrizna\Code\nebula\data\data_filtered\speakeasy_trainset_APIonly and C:\Users\dtrizna\Code\nebula\data\data_filtered\speakeasy_testset_APIonly
WARNING:root:2022-12-29 13:03:20: Starting Preprocessing: VocabSize: 1000, MaxSeqLen: 256
WARNING:root:2022-12-29 13:03:20: Building vocab with vocab size: 1000...
WARNING:root:Dumped vocab to C:\Users\dtrizna\Code\nebula\data\data_filtered\speakeasy_trainset_APIonly\speakeasy_VocabSize_1000.pkl
WARNING:root:Dumped vocab counter to C:\Users\dtrizna\Code\nebula\data\data_filtered\speakeasy_trainset_APIonly\speakeasy_counter.pkl
WARNING:root:Dumped vocab counter plot to C:\Users\dtrizna\Code\nebula\data\data_filtered\speakeasy_trainset_APIonly\speakeasy_counter_plot.png
WARNING:root:2022-12-29 13:03:23: Encoding...
WARNING:root:2022-12-29 13:03:26: Padding...
