WARNING:root:Initialized ...
WARNING:root:2022-12-23 16:13:49: Starting Preprocessing: VocabSize: 1500, MaxSeqLen: 4096
WARNING:root:2022-12-23 16:13:49: Building vocab with vocab size: 1500...
WARNING:root:Dumped vocab to C:\Users\dtrizna\Code\nebula\data\data_filtered\speakeasy_trainset_NoOrdinal100_WithArgs\speakeasy_VocabSize_1500.pkl
WARNING:root:Dumped vocab counter to C:\Users\dtrizna\Code\nebula\data\data_filtered\speakeasy_trainset_NoOrdinal100_WithArgs\speakeasy_counter.pkl
WARNING:root:Dumped vocab counter plot to C:\Users\dtrizna\Code\nebula\data\data_filtered\speakeasy_trainset_NoOrdinal100_WithArgs\speakeasy_counter_plot.png
WARNING:root:2022-12-23 16:13:56: Encoding...
WARNING:root:2022-12-23 16:14:04: Padding...
WARNING:root:2022-12-23 16:14:21: Saving files with prefix: speakeasy_VocabSize_1500_maxLen_4096
WARNING:root:2022-12-23 16:14:23: Starting Preprocessing: VocabSize: 1000, MaxSeqLen: 512
WARNING:root:2022-12-23 16:14:23: Building vocab with vocab size: 1000...
WARNING:root:Dumped vocab to C:\Users\dtrizna\Code\nebula\data\data_filtered\speakeasy_trainset_NoOrdinal100_WithArgs\speakeasy_VocabSize_1000.pkl
WARNING:root:Dumped vocab counter to C:\Users\dtrizna\Code\nebula\data\data_filtered\speakeasy_trainset_NoOrdinal100_WithArgs\speakeasy_counter.pkl
WARNING:root:Dumped vocab counter plot to C:\Users\dtrizna\Code\nebula\data\data_filtered\speakeasy_trainset_NoOrdinal100_WithArgs\speakeasy_counter_plot.png
WARNING:root:2022-12-23 16:14:28: Encoding...
WARNING:root:2022-12-23 16:14:38: Padding...
WARNING:root:2022-12-23 16:14:40: Saving files with prefix: speakeasy_VocabSize_1000_maxLen_512
WARNING:root:2022-12-23 16:14:40: Starting Preprocessing: VocabSize: 1000, MaxSeqLen: 1024
WARNING:root:2022-12-23 16:14:40: Building vocab with vocab size: 1000...
WARNING:root:Dumped vocab to C:\Users\dtrizna\Code\nebula\data\data_filtered\speakeasy_trainset_NoOrdinal100_WithArgs\speakeasy_VocabSize_1000.pkl
WARNING:root:Dumped vocab counter to C:\Users\dtrizna\Code\nebula\data\data_filtered\speakeasy_trainset_NoOrdinal100_WithArgs\speakeasy_counter.pkl
WARNING:root:Dumped vocab counter plot to C:\Users\dtrizna\Code\nebula\data\data_filtered\speakeasy_trainset_NoOrdinal100_WithArgs\speakeasy_counter_plot.png
WARNING:root:2022-12-23 16:14:46: Encoding...
WARNING:root:2022-12-23 16:14:54: Padding...
WARNING:root:2022-12-23 16:14:59: Saving files with prefix: speakeasy_VocabSize_1000_maxLen_1024
WARNING:root:2022-12-23 16:15:00: Starting Preprocessing: VocabSize: 1000, MaxSeqLen: 2048
WARNING:root:2022-12-23 16:15:00: Building vocab with vocab size: 1000...
WARNING:root:Dumped vocab to C:\Users\dtrizna\Code\nebula\data\data_filtered\speakeasy_trainset_NoOrdinal100_WithArgs\speakeasy_VocabSize_1000.pkl
WARNING:root:Dumped vocab counter to C:\Users\dtrizna\Code\nebula\data\data_filtered\speakeasy_trainset_NoOrdinal100_WithArgs\speakeasy_counter.pkl
WARNING:root:Dumped vocab counter plot to C:\Users\dtrizna\Code\nebula\data\data_filtered\speakeasy_trainset_NoOrdinal100_WithArgs\speakeasy_counter_plot.png
WARNING:root:2022-12-23 16:15:05: Encoding...
WARNING:root:2022-12-23 16:15:14: Padding...
WARNING:root:2022-12-23 16:15:21: Saving files with prefix: speakeasy_VocabSize_1000_maxLen_2048
WARNING:root:2022-12-23 16:15:22: Starting Preprocessing: VocabSize: 1000, MaxSeqLen: 4096
WARNING:root:2022-12-23 16:15:22: Building vocab with vocab size: 1000...
WARNING:root:Dumped vocab to C:\Users\dtrizna\Code\nebula\data\data_filtered\speakeasy_trainset_NoOrdinal100_WithArgs\speakeasy_VocabSize_1000.pkl
WARNING:root:Dumped vocab counter to C:\Users\dtrizna\Code\nebula\data\data_filtered\speakeasy_trainset_NoOrdinal100_WithArgs\speakeasy_counter.pkl
WARNING:root:Dumped vocab counter plot to C:\Users\dtrizna\Code\nebula\data\data_filtered\speakeasy_trainset_NoOrdinal100_WithArgs\speakeasy_counter_plot.png
WARNING:root:2022-12-23 16:15:28: Encoding...
WARNING:root:2022-12-23 16:15:36: Padding...
WARNING:root:2022-12-23 16:15:52: Saving files with prefix: speakeasy_VocabSize_1000_maxLen_4096
WARNING:root:2022-12-23 16:15:54: Starting Preprocessing: VocabSize: 2000, MaxSeqLen: 4096
WARNING:root:2022-12-23 16:15:54: Building vocab with vocab size: 2000...
WARNING:root:Dumped vocab to C:\Users\dtrizna\Code\nebula\data\data_filtered\speakeasy_trainset_NoOrdinal100_WithArgs\speakeasy_VocabSize_2000.pkl
WARNING:root:Dumped vocab counter to C:\Users\dtrizna\Code\nebula\data\data_filtered\speakeasy_trainset_NoOrdinal100_WithArgs\speakeasy_counter.pkl
WARNING:root:Dumped vocab counter plot to C:\Users\dtrizna\Code\nebula\data\data_filtered\speakeasy_trainset_NoOrdinal100_WithArgs\speakeasy_counter_plot.png
WARNING:root:2022-12-23 16:15:59: Encoding...
WARNING:root:2022-12-23 16:16:08: Padding...
WARNING:root:2022-12-23 16:16:23: Saving files with prefix: speakeasy_VocabSize_2000_maxLen_4096
WARNING:root:2022-12-23 16:16:26: Starting Preprocessing: VocabSize: 2500, MaxSeqLen: 4096
WARNING:root:2022-12-23 16:16:26: Building vocab with vocab size: 2500...
WARNING:root:Dumped vocab to C:\Users\dtrizna\Code\nebula\data\data_filtered\speakeasy_trainset_NoOrdinal100_WithArgs\speakeasy_VocabSize_2500.pkl
WARNING:root:Dumped vocab counter to C:\Users\dtrizna\Code\nebula\data\data_filtered\speakeasy_trainset_NoOrdinal100_WithArgs\speakeasy_counter.pkl
WARNING:root:Dumped vocab counter plot to C:\Users\dtrizna\Code\nebula\data\data_filtered\speakeasy_trainset_NoOrdinal100_WithArgs\speakeasy_counter_plot.png
WARNING:root:2022-12-23 16:16:31: Encoding...
WARNING:root:2022-12-23 16:16:40: Padding...
WARNING:root:2022-12-23 16:16:55: Saving files with prefix: speakeasy_VocabSize_2500_maxLen_4096
WARNING:root:2022-12-23 16:16:57: Starting Preprocessing: VocabSize: 5000, MaxSeqLen: 512
WARNING:root:2022-12-23 16:16:57: Building vocab with vocab size: 5000...
WARNING:root:Dumped vocab to C:\Users\dtrizna\Code\nebula\data\data_filtered\speakeasy_trainset_NoOrdinal100_WithArgs\speakeasy_VocabSize_5000.pkl
WARNING:root:Dumped vocab counter to C:\Users\dtrizna\Code\nebula\data\data_filtered\speakeasy_trainset_NoOrdinal100_WithArgs\speakeasy_counter.pkl
WARNING:root:Dumped vocab counter plot to C:\Users\dtrizna\Code\nebula\data\data_filtered\speakeasy_trainset_NoOrdinal100_WithArgs\speakeasy_counter_plot.png
WARNING:root:2022-12-23 16:17:03: Encoding...
WARNING:root:2022-12-23 16:17:11: Padding...
WARNING:root:2022-12-23 16:17:15: Saving files with prefix: speakeasy_VocabSize_5000_maxLen_512
WARNING:root:2022-12-23 16:17:15: Starting Preprocessing: VocabSize: 5000, MaxSeqLen: 1024
WARNING:root:2022-12-23 16:17:15: Building vocab with vocab size: 5000...
WARNING:root:Dumped vocab to C:\Users\dtrizna\Code\nebula\data\data_filtered\speakeasy_trainset_NoOrdinal100_WithArgs\speakeasy_VocabSize_5000.pkl
WARNING:root:Dumped vocab counter to C:\Users\dtrizna\Code\nebula\data\data_filtered\speakeasy_trainset_NoOrdinal100_WithArgs\speakeasy_counter.pkl
WARNING:root:Dumped vocab counter plot to C:\Users\dtrizna\Code\nebula\data\data_filtered\speakeasy_trainset_NoOrdinal100_WithArgs\speakeasy_counter_plot.png
WARNING:root:2022-12-23 16:17:22: Encoding...
WARNING:root:2022-12-23 16:17:31: Padding...
WARNING:root:2022-12-23 16:17:36: Saving files with prefix: speakeasy_VocabSize_5000_maxLen_1024
WARNING:root:2022-12-23 16:17:36: Starting Preprocessing: VocabSize: 5000, MaxSeqLen: 2048
WARNING:root:2022-12-23 16:17:36: Building vocab with vocab size: 5000...
WARNING:root:Dumped vocab to C:\Users\dtrizna\Code\nebula\data\data_filtered\speakeasy_trainset_NoOrdinal100_WithArgs\speakeasy_VocabSize_5000.pkl
WARNING:root:Dumped vocab counter to C:\Users\dtrizna\Code\nebula\data\data_filtered\speakeasy_trainset_NoOrdinal100_WithArgs\speakeasy_counter.pkl
WARNING:root:Dumped vocab counter plot to C:\Users\dtrizna\Code\nebula\data\data_filtered\speakeasy_trainset_NoOrdinal100_WithArgs\speakeasy_counter_plot.png
WARNING:root:2022-12-23 16:17:42: Encoding...
WARNING:root:2022-12-23 16:17:52: Padding...
WARNING:root:2022-12-23 16:17:59: Saving files with prefix: speakeasy_VocabSize_5000_maxLen_2048
WARNING:root:2022-12-23 16:18:00: Starting Preprocessing: VocabSize: 5000, MaxSeqLen: 4096
WARNING:root:2022-12-23 16:18:00: Building vocab with vocab size: 5000...
WARNING:root:Dumped vocab to C:\Users\dtrizna\Code\nebula\data\data_filtered\speakeasy_trainset_NoOrdinal100_WithArgs\speakeasy_VocabSize_5000.pkl
WARNING:root:Dumped vocab counter to C:\Users\dtrizna\Code\nebula\data\data_filtered\speakeasy_trainset_NoOrdinal100_WithArgs\speakeasy_counter.pkl
WARNING:root:Dumped vocab counter plot to C:\Users\dtrizna\Code\nebula\data\data_filtered\speakeasy_trainset_NoOrdinal100_WithArgs\speakeasy_counter_plot.png
WARNING:root:2022-12-23 16:18:06: Encoding...
WARNING:root:2022-12-23 16:18:15: Padding...
WARNING:root:2022-12-23 16:18:30: Saving files with prefix: speakeasy_VocabSize_5000_maxLen_4096
WARNING:root:2022-12-23 16:18:32: Starting Preprocessing: VocabSize: 10000, MaxSeqLen: 512
WARNING:root:2022-12-23 16:18:32: Building vocab with vocab size: 10000...
WARNING:root:Dumped vocab to C:\Users\dtrizna\Code\nebula\data\data_filtered\speakeasy_trainset_NoOrdinal100_WithArgs\speakeasy_VocabSize_10000.pkl
WARNING:root:Dumped vocab counter to C:\Users\dtrizna\Code\nebula\data\data_filtered\speakeasy_trainset_NoOrdinal100_WithArgs\speakeasy_counter.pkl
WARNING:root:Dumped vocab counter plot to C:\Users\dtrizna\Code\nebula\data\data_filtered\speakeasy_trainset_NoOrdinal100_WithArgs\speakeasy_counter_plot.png
WARNING:root:2022-12-23 16:18:38: Encoding...
WARNING:root:2022-12-23 16:18:48: Padding...
WARNING:root:2022-12-23 16:18:50: Saving files with prefix: speakeasy_VocabSize_10000_maxLen_512
WARNING:root:2022-12-23 16:18:51: Starting Preprocessing: VocabSize: 10000, MaxSeqLen: 1024
WARNING:root:2022-12-23 16:18:51: Building vocab with vocab size: 10000...
WARNING:root:Dumped vocab to C:\Users\dtrizna\Code\nebula\data\data_filtered\speakeasy_trainset_NoOrdinal100_WithArgs\speakeasy_VocabSize_10000.pkl
WARNING:root:Dumped vocab counter to C:\Users\dtrizna\Code\nebula\data\data_filtered\speakeasy_trainset_NoOrdinal100_WithArgs\speakeasy_counter.pkl
WARNING:root:Dumped vocab counter plot to C:\Users\dtrizna\Code\nebula\data\data_filtered\speakeasy_trainset_NoOrdinal100_WithArgs\speakeasy_counter_plot.png
WARNING:root:2022-12-23 16:18:56: Encoding...
WARNING:root:2022-12-23 16:19:05: Padding...
WARNING:root:2022-12-23 16:19:09: Saving files with prefix: speakeasy_VocabSize_10000_maxLen_1024
WARNING:root:2022-12-23 16:19:10: Starting Preprocessing: VocabSize: 10000, MaxSeqLen: 2048
WARNING:root:2022-12-23 16:19:10: Building vocab with vocab size: 10000...
WARNING:root:Dumped vocab to C:\Users\dtrizna\Code\nebula\data\data_filtered\speakeasy_trainset_NoOrdinal100_WithArgs\speakeasy_VocabSize_10000.pkl
WARNING:root:Dumped vocab counter to C:\Users\dtrizna\Code\nebula\data\data_filtered\speakeasy_trainset_NoOrdinal100_WithArgs\speakeasy_counter.pkl
WARNING:root:Dumped vocab counter plot to C:\Users\dtrizna\Code\nebula\data\data_filtered\speakeasy_trainset_NoOrdinal100_WithArgs\speakeasy_counter_plot.png
WARNING:root:2022-12-23 16:19:15: Encoding...
WARNING:root:2022-12-23 16:19:25: Padding...
WARNING:root:2022-12-23 16:19:32: Saving files with prefix: speakeasy_VocabSize_10000_maxLen_2048
WARNING:root:2022-12-23 16:19:33: Starting Preprocessing: VocabSize: 10000, MaxSeqLen: 4096
WARNING:root:2022-12-23 16:19:33: Building vocab with vocab size: 10000...
WARNING:root:Dumped vocab to C:\Users\dtrizna\Code\nebula\data\data_filtered\speakeasy_trainset_NoOrdinal100_WithArgs\speakeasy_VocabSize_10000.pkl
WARNING:root:Dumped vocab counter to C:\Users\dtrizna\Code\nebula\data\data_filtered\speakeasy_trainset_NoOrdinal100_WithArgs\speakeasy_counter.pkl
WARNING:root:Dumped vocab counter plot to C:\Users\dtrizna\Code\nebula\data\data_filtered\speakeasy_trainset_NoOrdinal100_WithArgs\speakeasy_counter_plot.png
WARNING:root:2022-12-23 16:19:38: Encoding...
WARNING:root:2022-12-23 16:19:48: Padding...
WARNING:root:2022-12-23 16:20:04: Saving files with prefix: speakeasy_VocabSize_10000_maxLen_4096
WARNING:root:2022-12-23 16:20:06: Starting Preprocessing: VocabSize: 15000, MaxSeqLen: 512
WARNING:root:2022-12-23 16:20:06: Building vocab with vocab size: 15000...
WARNING:root:Dumped vocab to C:\Users\dtrizna\Code\nebula\data\data_filtered\speakeasy_trainset_NoOrdinal100_WithArgs\speakeasy_VocabSize_15000.pkl
WARNING:root:Dumped vocab counter to C:\Users\dtrizna\Code\nebula\data\data_filtered\speakeasy_trainset_NoOrdinal100_WithArgs\speakeasy_counter.pkl
WARNING:root:Dumped vocab counter plot to C:\Users\dtrizna\Code\nebula\data\data_filtered\speakeasy_trainset_NoOrdinal100_WithArgs\speakeasy_counter_plot.png
WARNING:root:2022-12-23 16:20:12: Encoding...
WARNING:root:2022-12-23 16:20:21: Padding...
WARNING:root:2022-12-23 16:20:24: Saving files with prefix: speakeasy_VocabSize_15000_maxLen_512
WARNING:root:2022-12-23 16:20:24: Starting Preprocessing: VocabSize: 15000, MaxSeqLen: 1024
WARNING:root:2022-12-23 16:20:24: Building vocab with vocab size: 15000...
WARNING:root:Dumped vocab to C:\Users\dtrizna\Code\nebula\data\data_filtered\speakeasy_trainset_NoOrdinal100_WithArgs\speakeasy_VocabSize_15000.pkl
WARNING:root:Dumped vocab counter to C:\Users\dtrizna\Code\nebula\data\data_filtered\speakeasy_trainset_NoOrdinal100_WithArgs\speakeasy_counter.pkl
WARNING:root:Dumped vocab counter plot to C:\Users\dtrizna\Code\nebula\data\data_filtered\speakeasy_trainset_NoOrdinal100_WithArgs\speakeasy_counter_plot.png
WARNING:root:2022-12-23 16:20:29: Encoding...
WARNING:root:2022-12-23 16:20:39: Padding...
WARNING:root:2022-12-23 16:20:42: Saving files with prefix: speakeasy_VocabSize_15000_maxLen_1024
WARNING:root:2022-12-23 16:20:43: Starting Preprocessing: VocabSize: 15000, MaxSeqLen: 2048
WARNING:root:2022-12-23 16:20:43: Building vocab with vocab size: 15000...
WARNING:root:Dumped vocab to C:\Users\dtrizna\Code\nebula\data\data_filtered\speakeasy_trainset_NoOrdinal100_WithArgs\speakeasy_VocabSize_15000.pkl
WARNING:root:Dumped vocab counter to C:\Users\dtrizna\Code\nebula\data\data_filtered\speakeasy_trainset_NoOrdinal100_WithArgs\speakeasy_counter.pkl
WARNING:root:Dumped vocab counter plot to C:\Users\dtrizna\Code\nebula\data\data_filtered\speakeasy_trainset_NoOrdinal100_WithArgs\speakeasy_counter_plot.png
WARNING:root:2022-12-23 16:20:49: Encoding...
WARNING:root:2022-12-23 16:20:58: Padding...
WARNING:root:2022-12-23 16:21:07: Saving files with prefix: speakeasy_VocabSize_15000_maxLen_2048
WARNING:root:2022-12-23 16:21:08: Starting Preprocessing: VocabSize: 15000, MaxSeqLen: 4096
WARNING:root:2022-12-23 16:21:08: Building vocab with vocab size: 15000...
WARNING:root:Dumped vocab to C:\Users\dtrizna\Code\nebula\data\data_filtered\speakeasy_trainset_NoOrdinal100_WithArgs\speakeasy_VocabSize_15000.pkl
WARNING:root:Dumped vocab counter to C:\Users\dtrizna\Code\nebula\data\data_filtered\speakeasy_trainset_NoOrdinal100_WithArgs\speakeasy_counter.pkl
WARNING:root:Dumped vocab counter plot to C:\Users\dtrizna\Code\nebula\data\data_filtered\speakeasy_trainset_NoOrdinal100_WithArgs\speakeasy_counter_plot.png
WARNING:root:2022-12-23 16:21:14: Encoding...
WARNING:root:2022-12-23 16:21:22: Padding...
WARNING:root:2022-12-23 16:21:39: Saving files with prefix: speakeasy_VocabSize_15000_maxLen_4096
