WARNING:root:Initialized ...
WARNING:root:2023-01-11 09:15:25: Filtering and normalizing C:\Users\dtrizna\Code\nebula\data\data_raw\windows_emulation_trainset\report_backdoor...
WARNING:root:2023-01-11 09:20:47: Finished... Took: 321.89s
WARNING:root:2023-01-11 09:20:47: Filtering and normalizing C:\Users\dtrizna\Code\nebula\data\data_raw\windows_emulation_trainset\report_clean...
WARNING:root:2023-01-11 09:27:48: Finished... Took: 420.86s
WARNING:root:2023-01-11 09:27:48: Filtering and normalizing C:\Users\dtrizna\Code\nebula\data\data_raw\windows_emulation_trainset\report_coinminer...
WARNING:root:2023-01-11 09:30:05: Finished... Took: 137.20s
WARNING:root:2023-01-11 09:30:05: Filtering and normalizing C:\Users\dtrizna\Code\nebula\data\data_raw\windows_emulation_trainset\report_dropper...
WARNING:root:2023-01-11 09:32:18: Finished... Took: 133.03s
WARNING:root:2023-01-11 09:32:18: Filtering and normalizing C:\Users\dtrizna\Code\nebula\data\data_raw\windows_emulation_trainset\report_keylogger...
WARNING:root:2023-01-11 09:33:38: Finished... Took: 80.45s
WARNING:root:2023-01-11 09:33:38: Filtering and normalizing C:\Users\dtrizna\Code\nebula\data\data_raw\windows_emulation_trainset\report_ransomware...
WARNING:root:2023-01-11 09:37:18: Finished... Took: 219.52s
WARNING:root:2023-01-11 09:37:18: Filtering and normalizing C:\Users\dtrizna\Code\nebula\data\data_raw\windows_emulation_trainset\report_rat...
WARNING:root:2023-01-11 09:38:32: Finished... Took: 73.85s
WARNING:root:2023-01-11 09:38:32: Filtering and normalizing C:\Users\dtrizna\Code\nebula\data\data_raw\windows_emulation_trainset\report_trojan...
WARNING:root:2023-01-11 09:41:28: Finished... Took: 175.98s
WARNING:root:2023-01-11 09:41:28: Filtering and normalizing C:\Users\dtrizna\Code\nebula\data\data_raw\windows_emulation_trainset\report_windows_syswow64...
WARNING:root:2023-01-11 09:41:30: Finished... Took: 2.76s
WARNING:root:2023-01-11 09:41:30: Filtering and normalizing C:\Users\dtrizna\Code\nebula\data\data_raw\windows_emulation_testset\report_backdoor...
WARNING:root:2023-01-11 09:42:11: Finished... Took: 40.56s
WARNING:root:2023-01-11 09:42:11: Filtering and normalizing C:\Users\dtrizna\Code\nebula\data\data_raw\windows_emulation_testset\report_clean...
WARNING:root:2023-01-11 09:44:04: Finished... Took: 113.40s
WARNING:root:2023-01-11 09:44:04: Filtering and normalizing C:\Users\dtrizna\Code\nebula\data\data_raw\windows_emulation_testset\report_coinminer...
WARNING:root:2023-01-11 09:44:44: Finished... Took: 39.41s
WARNING:root:2023-01-11 09:44:44: Filtering and normalizing C:\Users\dtrizna\Code\nebula\data\data_raw\windows_emulation_testset\report_dropper...
WARNING:root:2023-01-11 09:44:47: Finished... Took: 3.28s
WARNING:root:2023-01-11 09:44:47: Filtering and normalizing C:\Users\dtrizna\Code\nebula\data\data_raw\windows_emulation_testset\report_keylogger...
WARNING:root:2023-01-11 09:45:00: Finished... Took: 13.34s
WARNING:root:2023-01-11 09:45:00: Filtering and normalizing C:\Users\dtrizna\Code\nebula\data\data_raw\windows_emulation_testset\report_ransomware...
WARNING:root:2023-01-11 09:47:30: Finished... Took: 149.44s
WARNING:root:2023-01-11 09:47:30: Filtering and normalizing C:\Users\dtrizna\Code\nebula\data\data_raw\windows_emulation_testset\report_rat...
WARNING:root:2023-01-11 09:47:50: Finished... Took: 19.99s
WARNING:root:2023-01-11 09:47:50: Filtering and normalizing C:\Users\dtrizna\Code\nebula\data\data_raw\windows_emulation_testset\report_trojan...
WARNING:root:2023-01-11 09:48:04: Finished... Took: 13.86s
WARNING:root:2023-01-11 09:48:04: Filtering and normalizing C:\Users\dtrizna\Code\nebula\data\data_raw\windows_emulation_testset\report_windows_syswow64...
WARNING:root:2023-01-11 09:48:04: Finished... Took: 0.62s
WARNING:root:2023-01-11 09:48:04: Tokenizing...
WARNING:root:2023-01-11 09:50:47: Dumped tokenized files to C:\Users\dtrizna\Code\nebula\data\data_filtered\speakeasy_trainset_50k and C:\Users\dtrizna\Code\nebula\data\data_filtered\speakeasy_testset_50k
WARNING:root:2023-01-11 09:50:47: Starting Preprocessing: VocabSize: 50000, MaxSeqLen: 2048
WARNING:root:2023-01-11 09:50:47: Building vocab with vocab size: 50000...
WARNING:root:Dumped vocab to C:\Users\dtrizna\Code\nebula\data\data_filtered\speakeasy_trainset_50k\speakeasy_VocabSize_50000.pkl
WARNING:root:Dumped vocab counter to C:\Users\dtrizna\Code\nebula\data\data_filtered\speakeasy_trainset_50k\speakeasy_counter.pkl
WARNING:root:Dumped vocab counter plot to C:\Users\dtrizna\Code\nebula\data\data_filtered\speakeasy_trainset_50k\speakeasy_counter_plot.png
WARNING:root:2023-01-11 09:50:55: Encoding...
WARNING:root:2023-01-11 09:51:05: Padding...
WARNING:root:2023-01-11 09:51:14: Saving files with prefix: speakeasy_VocabSize_50000_maxLen_2048
