WARNING:root:Initialized ...
WARNING:root:2022-12-21 13:56:37: Filtering and normalizing C:\Users\dtrizna\Code\nebula\data\data_raw\windows_emulation_trainset\report_backdoor...
WARNING:root:2022-12-21 13:58:49: Finished... Took: 131.94s
WARNING:root:2022-12-21 13:58:49: Filtering and normalizing C:\Users\dtrizna\Code\nebula\data\data_raw\windows_emulation_trainset\report_clean...
WARNING:root:2022-12-21 14:00:35: Finished... Took: 105.78s
WARNING:root:2022-12-21 14:00:35: Filtering and normalizing C:\Users\dtrizna\Code\nebula\data\data_raw\windows_emulation_trainset\report_coinminer...
WARNING:root:2022-12-21 14:01:03: Finished... Took: 28.08s
WARNING:root:2022-12-21 14:01:03: Filtering and normalizing C:\Users\dtrizna\Code\nebula\data\data_raw\windows_emulation_trainset\report_dropper...
WARNING:root:2022-12-21 14:01:33: Finished... Took: 29.58s
WARNING:root:2022-12-21 14:01:33: Filtering and normalizing C:\Users\dtrizna\Code\nebula\data\data_raw\windows_emulation_trainset\report_keylogger...
WARNING:root:2022-12-21 14:02:01: Finished... Took: 28.69s
WARNING:root:2022-12-21 14:02:01: Filtering and normalizing C:\Users\dtrizna\Code\nebula\data\data_raw\windows_emulation_trainset\report_ransomware...
WARNING:root:2022-12-21 14:03:29: Finished... Took: 87.39s
WARNING:root:2022-12-21 14:03:29: Filtering and normalizing C:\Users\dtrizna\Code\nebula\data\data_raw\windows_emulation_trainset\report_rat...
WARNING:root:2022-12-21 14:04:00: Finished... Took: 31.37s
WARNING:root:2022-12-21 14:04:00: Filtering and normalizing C:\Users\dtrizna\Code\nebula\data\data_raw\windows_emulation_trainset\report_trojan...
WARNING:root:2022-12-21 14:05:32: Finished... Took: 91.87s
WARNING:root:2022-12-21 14:05:32: Filtering and normalizing C:\Users\dtrizna\Code\nebula\data\data_raw\windows_emulation_trainset\report_windows_syswow64...
WARNING:root:2022-12-21 14:05:34: Finished... Took: 1.58s
WARNING:root:2022-12-21 14:05:34: Filtering and normalizing C:\Users\dtrizna\Code\nebula\data\data_raw\windows_emulation_testset\report_backdoor...
WARNING:root:2022-12-21 14:05:57: Finished... Took: 23.39s
WARNING:root:2022-12-21 14:05:57: Filtering and normalizing C:\Users\dtrizna\Code\nebula\data\data_raw\windows_emulation_testset\report_clean...
WARNING:root:2022-12-21 14:07:02: Finished... Took: 65.36s
WARNING:root:2022-12-21 14:07:02: Filtering and normalizing C:\Users\dtrizna\Code\nebula\data\data_raw\windows_emulation_testset\report_coinminer...
WARNING:root:2022-12-21 14:07:19: Finished... Took: 17.07s
WARNING:root:2022-12-21 14:07:19: Filtering and normalizing C:\Users\dtrizna\Code\nebula\data\data_raw\windows_emulation_testset\report_dropper...
WARNING:root:2022-12-21 14:07:21: Finished... Took: 1.98s
WARNING:root:2022-12-21 14:07:21: Filtering and normalizing C:\Users\dtrizna\Code\nebula\data\data_raw\windows_emulation_testset\report_keylogger...
WARNING:root:2022-12-21 14:07:29: Finished... Took: 7.89s
WARNING:root:2022-12-21 14:07:29: Filtering and normalizing C:\Users\dtrizna\Code\nebula\data\data_raw\windows_emulation_testset\report_ransomware...
WARNING:root:2022-12-21 14:08:02: Finished... Took: 32.58s
WARNING:root:2022-12-21 14:08:02: Filtering and normalizing C:\Users\dtrizna\Code\nebula\data\data_raw\windows_emulation_testset\report_rat...
WARNING:root:2022-12-21 14:08:12: Finished... Took: 10.46s
WARNING:root:2022-12-21 14:08:12: Filtering and normalizing C:\Users\dtrizna\Code\nebula\data\data_raw\windows_emulation_testset\report_trojan...
WARNING:root:2022-12-21 14:08:20: Finished... Took: 8.02s
WARNING:root:2022-12-21 14:08:20: Filtering and normalizing C:\Users\dtrizna\Code\nebula\data\data_raw\windows_emulation_testset\report_windows_syswow64...
WARNING:root:2022-12-21 14:08:21: Finished... Took: 0.44s
WARNING:root:2022-12-21 14:08:21: Tokenizing...
WARNING:root:2022-12-21 14:09:45: Dumped tokenized files to C:\Users\dtrizna\Code\nebula\data\data_filtered\speakeasy_trainset and C:\Users\dtrizna\Code\nebula\data\data_filtered\speakeasy_testset
... <CRASH> ...
WARNING:root:2022-12-21 14:35:37: Starting Preprocessing: VocabSize: 500, MaxSeqLen: 512
WARNING:root:2022-12-21 14:35:37: Building vocab with vocab size: 500...
WARNING:root:Dumped vocab to C:\Users\dtrizna\Code\nebula\data\data_filtered\speakeasy_trainset\speakeasy_VocabSize_500.pkl
WARNING:root:Dumped vocab counter to C:\Users\dtrizna\Code\nebula\data\data_filtered\speakeasy_trainset\speakeasy_counter.pkl
WARNING:root:Dumped vocab counter plot to C:\Users\dtrizna\Code\nebula\data\data_filtered\speakeasy_trainset\speakeasy_counter_plot.png
WARNING:root:2022-12-21 14:35:41: Encoding...
WARNING:root:2022-12-21 14:35:47: Padding...
WARNING:root:2022-12-21 14:35:51: Saving files with prefix: speakeasy_VocabSize_500_maxLen_512
WARNING:root:2022-12-21 14:35:52: Starting Preprocessing: VocabSize: 500, MaxSeqLen: 1024
WARNING:root:2022-12-21 14:35:52: Building vocab with vocab size: 500...
WARNING:root:Dumped vocab to C:\Users\dtrizna\Code\nebula\data\data_filtered\speakeasy_trainset\speakeasy_VocabSize_500.pkl
WARNING:root:Dumped vocab counter to C:\Users\dtrizna\Code\nebula\data\data_filtered\speakeasy_trainset\speakeasy_counter.pkl
WARNING:root:Dumped vocab counter plot to C:\Users\dtrizna\Code\nebula\data\data_filtered\speakeasy_trainset\speakeasy_counter_plot.png
WARNING:root:2022-12-21 14:35:55: Encoding...
WARNING:root:2022-12-21 14:36:02: Padding...
WARNING:root:2022-12-21 14:36:10: Saving files with prefix: speakeasy_VocabSize_500_maxLen_1024
WARNING:root:2022-12-21 14:36:11: Starting Preprocessing: VocabSize: 500, MaxSeqLen: 2048
WARNING:root:2022-12-21 14:36:11: Building vocab with vocab size: 500...
WARNING:root:Dumped vocab to C:\Users\dtrizna\Code\nebula\data\data_filtered\speakeasy_trainset\speakeasy_VocabSize_500.pkl
WARNING:root:Dumped vocab counter to C:\Users\dtrizna\Code\nebula\data\data_filtered\speakeasy_trainset\speakeasy_counter.pkl
WARNING:root:Dumped vocab counter plot to C:\Users\dtrizna\Code\nebula\data\data_filtered\speakeasy_trainset\speakeasy_counter_plot.png
WARNING:root:2022-12-21 14:36:14: Encoding...
WARNING:root:2022-12-21 14:36:21: Padding...
WARNING:root:2022-12-21 14:36:38: Saving files with prefix: speakeasy_VocabSize_500_maxLen_2048
WARNING:root:2022-12-21 14:36:40: Starting Preprocessing: VocabSize: 1500, MaxSeqLen: 512
WARNING:root:2022-12-21 14:36:40: Building vocab with vocab size: 1500...
WARNING:root:Dumped vocab to C:\Users\dtrizna\Code\nebula\data\data_filtered\speakeasy_trainset\speakeasy_VocabSize_1500.pkl
WARNING:root:Dumped vocab counter to C:\Users\dtrizna\Code\nebula\data\data_filtered\speakeasy_trainset\speakeasy_counter.pkl
WARNING:root:Dumped vocab counter plot to C:\Users\dtrizna\Code\nebula\data\data_filtered\speakeasy_trainset\speakeasy_counter_plot.png
WARNING:root:2022-12-21 14:36:43: Encoding...
WARNING:root:2022-12-21 14:36:51: Padding...
WARNING:root:2022-12-21 14:36:55: Saving files with prefix: speakeasy_VocabSize_1500_maxLen_512
WARNING:root:2022-12-21 14:36:56: Starting Preprocessing: VocabSize: 1500, MaxSeqLen: 1024
WARNING:root:2022-12-21 14:36:56: Building vocab with vocab size: 1500...
WARNING:root:Dumped vocab to C:\Users\dtrizna\Code\nebula\data\data_filtered\speakeasy_trainset\speakeasy_VocabSize_1500.pkl
WARNING:root:Dumped vocab counter to C:\Users\dtrizna\Code\nebula\data\data_filtered\speakeasy_trainset\speakeasy_counter.pkl
WARNING:root:Dumped vocab counter plot to C:\Users\dtrizna\Code\nebula\data\data_filtered\speakeasy_trainset\speakeasy_counter_plot.png
WARNING:root:2022-12-21 14:36:59: Encoding...
WARNING:root:2022-12-21 14:37:08: Padding...
WARNING:root:2022-12-21 14:37:17: Saving files with prefix: speakeasy_VocabSize_1500_maxLen_1024
WARNING:root:2022-12-21 14:37:18: Starting Preprocessing: VocabSize: 1500, MaxSeqLen: 2048
WARNING:root:2022-12-21 14:37:18: Building vocab with vocab size: 1500...
WARNING:root:Dumped vocab to C:\Users\dtrizna\Code\nebula\data\data_filtered\speakeasy_trainset\speakeasy_VocabSize_1500.pkl
WARNING:root:Dumped vocab counter to C:\Users\dtrizna\Code\nebula\data\data_filtered\speakeasy_trainset\speakeasy_counter.pkl
WARNING:root:Dumped vocab counter plot to C:\Users\dtrizna\Code\nebula\data\data_filtered\speakeasy_trainset\speakeasy_counter_plot.png
WARNING:root:2022-12-21 14:37:24: Encoding...
WARNING:root:2022-12-21 14:37:30: Padding...
WARNING:root:2022-12-21 14:37:48: Saving files with prefix: speakeasy_VocabSize_1500_maxLen_2048
WARNING:root:2022-12-21 14:37:50: Starting Preprocessing: VocabSize: 1000, MaxSeqLen: 512
WARNING:root:2022-12-21 14:37:50: Building vocab with vocab size: 1000...
WARNING:root:Dumped vocab to C:\Users\dtrizna\Code\nebula\data\data_filtered\speakeasy_trainset\speakeasy_VocabSize_1000.pkl
WARNING:root:Dumped vocab counter to C:\Users\dtrizna\Code\nebula\data\data_filtered\speakeasy_trainset\speakeasy_counter.pkl
WARNING:root:Dumped vocab counter plot to C:\Users\dtrizna\Code\nebula\data\data_filtered\speakeasy_trainset\speakeasy_counter_plot.png
WARNING:root:2022-12-21 14:37:52: Encoding...
WARNING:root:2022-12-21 14:38:00: Padding...
WARNING:root:2022-12-21 14:38:04: Saving files with prefix: speakeasy_VocabSize_1000_maxLen_512
WARNING:root:2022-12-21 14:38:04: Starting Preprocessing: VocabSize: 1000, MaxSeqLen: 1024
WARNING:root:2022-12-21 14:38:04: Building vocab with vocab size: 1000...
WARNING:root:Dumped vocab to C:\Users\dtrizna\Code\nebula\data\data_filtered\speakeasy_trainset\speakeasy_VocabSize_1000.pkl
WARNING:root:Dumped vocab counter to C:\Users\dtrizna\Code\nebula\data\data_filtered\speakeasy_trainset\speakeasy_counter.pkl
WARNING:root:Dumped vocab counter plot to C:\Users\dtrizna\Code\nebula\data\data_filtered\speakeasy_trainset\speakeasy_counter_plot.png
WARNING:root:2022-12-21 14:38:07: Encoding...
WARNING:root:2022-12-21 14:38:12: Padding...
WARNING:root:2022-12-21 14:38:21: Saving files with prefix: speakeasy_VocabSize_1000_maxLen_1024
WARNING:root:2022-12-21 14:38:22: Starting Preprocessing: VocabSize: 1000, MaxSeqLen: 2048
WARNING:root:2022-12-21 14:38:22: Building vocab with vocab size: 1000...
WARNING:root:Dumped vocab to C:\Users\dtrizna\Code\nebula\data\data_filtered\speakeasy_trainset\speakeasy_VocabSize_1000.pkl
WARNING:root:Dumped vocab counter to C:\Users\dtrizna\Code\nebula\data\data_filtered\speakeasy_trainset\speakeasy_counter.pkl
WARNING:root:Dumped vocab counter plot to C:\Users\dtrizna\Code\nebula\data\data_filtered\speakeasy_trainset\speakeasy_counter_plot.png
WARNING:root:2022-12-21 14:38:25: Encoding...
WARNING:root:2022-12-21 14:38:33: Padding...
WARNING:root:2022-12-21 14:38:51: Saving files with prefix: speakeasy_VocabSize_1000_maxLen_2048
WARNING:root:2022-12-21 14:38:53: Starting Preprocessing: VocabSize: 2000, MaxSeqLen: 512
WARNING:root:2022-12-21 14:38:53: Building vocab with vocab size: 2000...
WARNING:root:Dumped vocab to C:\Users\dtrizna\Code\nebula\data\data_filtered\speakeasy_trainset\speakeasy_VocabSize_2000.pkl
WARNING:root:Dumped vocab counter to C:\Users\dtrizna\Code\nebula\data\data_filtered\speakeasy_trainset\speakeasy_counter.pkl
WARNING:root:Dumped vocab counter plot to C:\Users\dtrizna\Code\nebula\data\data_filtered\speakeasy_trainset\speakeasy_counter_plot.png
WARNING:root:2022-12-21 14:38:56: Encoding...
WARNING:root:2022-12-21 14:39:03: Padding...
WARNING:root:2022-12-21 14:39:08: Saving files with prefix: speakeasy_VocabSize_2000_maxLen_512
WARNING:root:2022-12-21 14:39:08: Starting Preprocessing: VocabSize: 2000, MaxSeqLen: 1024
WARNING:root:2022-12-21 14:39:08: Building vocab with vocab size: 2000...
WARNING:root:Dumped vocab to C:\Users\dtrizna\Code\nebula\data\data_filtered\speakeasy_trainset\speakeasy_VocabSize_2000.pkl
WARNING:root:Dumped vocab counter to C:\Users\dtrizna\Code\nebula\data\data_filtered\speakeasy_trainset\speakeasy_counter.pkl
WARNING:root:Dumped vocab counter plot to C:\Users\dtrizna\Code\nebula\data\data_filtered\speakeasy_trainset\speakeasy_counter_plot.png
WARNING:root:2022-12-21 14:39:11: Encoding...
WARNING:root:2022-12-21 14:39:18: Padding...
WARNING:root:2022-12-21 14:39:27: Saving files with prefix: speakeasy_VocabSize_2000_maxLen_1024
WARNING:root:2022-12-21 14:39:28: Starting Preprocessing: VocabSize: 2000, MaxSeqLen: 2048
WARNING:root:2022-12-21 14:39:28: Building vocab with vocab size: 2000...
WARNING:root:Dumped vocab to C:\Users\dtrizna\Code\nebula\data\data_filtered\speakeasy_trainset\speakeasy_VocabSize_2000.pkl
WARNING:root:Dumped vocab counter to C:\Users\dtrizna\Code\nebula\data\data_filtered\speakeasy_trainset\speakeasy_counter.pkl
WARNING:root:Dumped vocab counter plot to C:\Users\dtrizna\Code\nebula\data\data_filtered\speakeasy_trainset\speakeasy_counter_plot.png
WARNING:root:2022-12-21 14:39:31: Encoding...
WARNING:root:2022-12-21 14:39:38: Padding...
WARNING:root:2022-12-21 14:39:54: Saving files with prefix: speakeasy_VocabSize_2000_maxLen_2048
