WARNING:root:Initialized ...
WARNING:root:2022-12-29 18:09:33: Filtering and normalizing C:\Users\dtrizna\Code\nebula\data\data_raw\windows_emulation_trainset\report_backdoor...
WARNING:root:2022-12-29 18:10:58: Finished... Took: 85.11s
WARNING:root:2022-12-29 18:10:58: Filtering and normalizing C:\Users\dtrizna\Code\nebula\data\data_raw\windows_emulation_trainset\report_clean...
WARNING:root:2022-12-29 18:12:37: Finished... Took: 98.96s
WARNING:root:2022-12-29 18:12:37: Filtering and normalizing C:\Users\dtrizna\Code\nebula\data\data_raw\windows_emulation_trainset\report_coinminer...
WARNING:root:2022-12-29 18:13:10: Finished... Took: 32.91s
WARNING:root:2022-12-29 18:13:10: Filtering and normalizing C:\Users\dtrizna\Code\nebula\data\data_raw\windows_emulation_trainset\report_dropper...
WARNING:root:2022-12-29 18:13:39: Finished... Took: 29.00s
WARNING:root:2022-12-29 18:13:39: Filtering and normalizing C:\Users\dtrizna\Code\nebula\data\data_raw\windows_emulation_trainset\report_keylogger...
WARNING:root:2022-12-29 18:13:59: Finished... Took: 19.86s
WARNING:root:2022-12-29 18:13:59: Filtering and normalizing C:\Users\dtrizna\Code\nebula\data\data_raw\windows_emulation_trainset\report_ransomware...
WARNING:root:2022-12-29 18:14:47: Finished... Took: 47.62s
WARNING:root:2022-12-29 18:14:47: Filtering and normalizing C:\Users\dtrizna\Code\nebula\data\data_raw\windows_emulation_trainset\report_rat...
WARNING:root:2022-12-29 18:15:01: Finished... Took: 14.40s
WARNING:root:2022-12-29 18:15:01: Filtering and normalizing C:\Users\dtrizna\Code\nebula\data\data_raw\windows_emulation_trainset\report_trojan...
WARNING:root:2022-12-29 18:15:48: Finished... Took: 46.82s
WARNING:root:2022-12-29 18:15:48: Filtering and normalizing C:\Users\dtrizna\Code\nebula\data\data_raw\windows_emulation_trainset\report_windows_syswow64...
WARNING:root:2022-12-29 18:15:48: Finished... Took: 0.52s
WARNING:root:2022-12-29 18:15:48: Filtering and normalizing C:\Users\dtrizna\Code\nebula\data\data_raw\windows_emulation_testset\report_backdoor...
WARNING:root:2022-12-29 18:16:01: Finished... Took: 12.31s
WARNING:root:2022-12-29 18:16:01: Filtering and normalizing C:\Users\dtrizna\Code\nebula\data\data_raw\windows_emulation_testset\report_clean...
WARNING:root:2022-12-29 18:16:34: Finished... Took: 33.26s
WARNING:root:2022-12-29 18:16:34: Filtering and normalizing C:\Users\dtrizna\Code\nebula\data\data_raw\windows_emulation_testset\report_coinminer...
WARNING:root:2022-12-29 18:16:50: Finished... Took: 15.98s
WARNING:root:2022-12-29 18:16:50: Filtering and normalizing C:\Users\dtrizna\Code\nebula\data\data_raw\windows_emulation_testset\report_dropper...
WARNING:root:2022-12-29 18:16:52: Finished... Took: 1.90s
WARNING:root:2022-12-29 18:16:52: Filtering and normalizing C:\Users\dtrizna\Code\nebula\data\data_raw\windows_emulation_testset\report_keylogger...
WARNING:root:2022-12-29 18:16:59: Finished... Took: 6.82s
WARNING:root:2022-12-29 18:16:59: Filtering and normalizing C:\Users\dtrizna\Code\nebula\data\data_raw\windows_emulation_testset\report_ransomware...
WARNING:root:2022-12-29 18:17:23: Finished... Took: 24.86s
WARNING:root:2022-12-29 18:17:23: Filtering and normalizing C:\Users\dtrizna\Code\nebula\data\data_raw\windows_emulation_testset\report_rat...
WARNING:root:2022-12-29 18:17:28: Finished... Took: 5.11s
WARNING:root:2022-12-29 18:17:28: Filtering and normalizing C:\Users\dtrizna\Code\nebula\data\data_raw\windows_emulation_testset\report_trojan...
WARNING:root:2022-12-29 18:17:32: Finished... Took: 3.37s
WARNING:root:2022-12-29 18:17:32: Filtering and normalizing C:\Users\dtrizna\Code\nebula\data\data_raw\windows_emulation_testset\report_windows_syswow64...
WARNING:root:2022-12-29 18:17:32: Finished... Took: 0.15s
WARNING:root:2022-12-29 18:17:32: Tokenizing...
WARNING:root:2022-12-29 18:19:42: Dumped tokenized files to C:\Users\dtrizna\Code\nebula\data\data_filtered\speakeasy_trainset_WithDns and C:\Users\dtrizna\Code\nebula\data\data_filtered\speakeasy_testset_WithDns
WARNING:root:2022-12-29 18:19:42: Starting Preprocessing: VocabSize: 500, MaxSeqLen: 512
WARNING:root:2022-12-29 18:19:42: Building vocab with vocab size: 500...
WARNING:root:Dumped vocab to C:\Users\dtrizna\Code\nebula\data\data_filtered\speakeasy_trainset_WithDns\speakeasy_VocabSize_500.pkl
WARNING:root:Dumped vocab counter to C:\Users\dtrizna\Code\nebula\data\data_filtered\speakeasy_trainset_WithDns\speakeasy_counter.pkl
WARNING:root:Dumped vocab counter plot to C:\Users\dtrizna\Code\nebula\data\data_filtered\speakeasy_trainset_WithDns\speakeasy_counter_plot.png
WARNING:root:2022-12-29 18:19:50: Encoding...
WARNING:root:2022-12-29 18:19:58: Padding...
WARNING:root:2022-12-29 18:20:01: Saving files with prefix: speakeasy_VocabSize_500_maxLen_512
WARNING:root:2022-12-29 18:20:02: Starting Preprocessing: VocabSize: 500, MaxSeqLen: 1024
WARNING:root:2022-12-29 18:20:02: Building vocab with vocab size: 500...
WARNING:root:Dumped vocab to C:\Users\dtrizna\Code\nebula\data\data_filtered\speakeasy_trainset_WithDns\speakeasy_VocabSize_500.pkl
WARNING:root:Dumped vocab counter to C:\Users\dtrizna\Code\nebula\data\data_filtered\speakeasy_trainset_WithDns\speakeasy_counter.pkl
WARNING:root:Dumped vocab counter plot to C:\Users\dtrizna\Code\nebula\data\data_filtered\speakeasy_trainset_WithDns\speakeasy_counter_plot.png
WARNING:root:2022-12-29 18:20:07: Encoding...
WARNING:root:2022-12-29 18:20:15: Padding...
WARNING:root:2022-12-29 18:20:19: Saving files with prefix: speakeasy_VocabSize_500_maxLen_1024
WARNING:root:2022-12-29 18:20:19: Starting Preprocessing: VocabSize: 500, MaxSeqLen: 2048
WARNING:root:2022-12-29 18:20:19: Building vocab with vocab size: 500...
WARNING:root:Dumped vocab to C:\Users\dtrizna\Code\nebula\data\data_filtered\speakeasy_trainset_WithDns\speakeasy_VocabSize_500.pkl
WARNING:root:Dumped vocab counter to C:\Users\dtrizna\Code\nebula\data\data_filtered\speakeasy_trainset_WithDns\speakeasy_counter.pkl
WARNING:root:Dumped vocab counter plot to C:\Users\dtrizna\Code\nebula\data\data_filtered\speakeasy_trainset_WithDns\speakeasy_counter_plot.png
WARNING:root:2022-12-29 18:20:25: Encoding...
WARNING:root:2022-12-29 18:20:33: Padding...
WARNING:root:2022-12-29 18:20:41: Saving files with prefix: speakeasy_VocabSize_500_maxLen_2048
WARNING:root:2022-12-29 18:20:42: Starting Preprocessing: VocabSize: 500, MaxSeqLen: 4096
WARNING:root:2022-12-29 18:20:42: Building vocab with vocab size: 500...
WARNING:root:Dumped vocab to C:\Users\dtrizna\Code\nebula\data\data_filtered\speakeasy_trainset_WithDns\speakeasy_VocabSize_500.pkl
WARNING:root:Dumped vocab counter to C:\Users\dtrizna\Code\nebula\data\data_filtered\speakeasy_trainset_WithDns\speakeasy_counter.pkl
WARNING:root:Dumped vocab counter plot to C:\Users\dtrizna\Code\nebula\data\data_filtered\speakeasy_trainset_WithDns\speakeasy_counter_plot.png
WARNING:root:2022-12-29 18:20:47: Encoding...
WARNING:root:2022-12-29 18:20:56: Padding...
WARNING:root:2022-12-29 18:21:10: Saving files with prefix: speakeasy_VocabSize_500_maxLen_4096
WARNING:root:2022-12-29 18:21:12: Starting Preprocessing: VocabSize: 1000, MaxSeqLen: 512
WARNING:root:2022-12-29 18:21:12: Building vocab with vocab size: 1000...
WARNING:root:Dumped vocab to C:\Users\dtrizna\Code\nebula\data\data_filtered\speakeasy_trainset_WithDns\speakeasy_VocabSize_1000.pkl
WARNING:root:Dumped vocab counter to C:\Users\dtrizna\Code\nebula\data\data_filtered\speakeasy_trainset_WithDns\speakeasy_counter.pkl
WARNING:root:Dumped vocab counter plot to C:\Users\dtrizna\Code\nebula\data\data_filtered\speakeasy_trainset_WithDns\speakeasy_counter_plot.png
WARNING:root:2022-12-29 18:21:17: Encoding...
WARNING:root:2022-12-29 18:21:26: Padding...
WARNING:root:2022-12-29 18:21:29: Saving files with prefix: speakeasy_VocabSize_1000_maxLen_512
WARNING:root:2022-12-29 18:21:29: Starting Preprocessing: VocabSize: 1000, MaxSeqLen: 1024
WARNING:root:2022-12-29 18:21:29: Building vocab with vocab size: 1000...
WARNING:root:Dumped vocab to C:\Users\dtrizna\Code\nebula\data\data_filtered\speakeasy_trainset_WithDns\speakeasy_VocabSize_1000.pkl
WARNING:root:Dumped vocab counter to C:\Users\dtrizna\Code\nebula\data\data_filtered\speakeasy_trainset_WithDns\speakeasy_counter.pkl
WARNING:root:Dumped vocab counter plot to C:\Users\dtrizna\Code\nebula\data\data_filtered\speakeasy_trainset_WithDns\speakeasy_counter_plot.png
WARNING:root:2022-12-29 18:21:35: Encoding...
WARNING:root:2022-12-29 18:21:42: Padding...
WARNING:root:2022-12-29 18:21:47: Saving files with prefix: speakeasy_VocabSize_1000_maxLen_1024
WARNING:root:2022-12-29 18:21:47: Starting Preprocessing: VocabSize: 1000, MaxSeqLen: 2048
WARNING:root:2022-12-29 18:21:47: Building vocab with vocab size: 1000...
WARNING:root:Dumped vocab to C:\Users\dtrizna\Code\nebula\data\data_filtered\speakeasy_trainset_WithDns\speakeasy_VocabSize_1000.pkl
WARNING:root:Dumped vocab counter to C:\Users\dtrizna\Code\nebula\data\data_filtered\speakeasy_trainset_WithDns\speakeasy_counter.pkl
WARNING:root:Dumped vocab counter plot to C:\Users\dtrizna\Code\nebula\data\data_filtered\speakeasy_trainset_WithDns\speakeasy_counter_plot.png
WARNING:root:2022-12-29 18:21:53: Encoding...
WARNING:root:2022-12-29 18:22:02: Padding...
WARNING:root:2022-12-29 18:22:09: Saving files with prefix: speakeasy_VocabSize_1000_maxLen_2048
WARNING:root:2022-12-29 18:22:10: Starting Preprocessing: VocabSize: 1000, MaxSeqLen: 4096
WARNING:root:2022-12-29 18:22:10: Building vocab with vocab size: 1000...
WARNING:root:Dumped vocab to C:\Users\dtrizna\Code\nebula\data\data_filtered\speakeasy_trainset_WithDns\speakeasy_VocabSize_1000.pkl
WARNING:root:Dumped vocab counter to C:\Users\dtrizna\Code\nebula\data\data_filtered\speakeasy_trainset_WithDns\speakeasy_counter.pkl
WARNING:root:Dumped vocab counter plot to C:\Users\dtrizna\Code\nebula\data\data_filtered\speakeasy_trainset_WithDns\speakeasy_counter_plot.png
WARNING:root:2022-12-29 18:22:16: Encoding...
WARNING:root:2022-12-29 18:22:25: Padding...
WARNING:root:2022-12-29 18:22:40: Saving files with prefix: speakeasy_VocabSize_1000_maxLen_4096
WARNING:root:2022-12-29 18:22:42: Starting Preprocessing: VocabSize: 1500, MaxSeqLen: 512
WARNING:root:2022-12-29 18:22:42: Building vocab with vocab size: 1500...
WARNING:root:Dumped vocab to C:\Users\dtrizna\Code\nebula\data\data_filtered\speakeasy_trainset_WithDns\speakeasy_VocabSize_1500.pkl
WARNING:root:Dumped vocab counter to C:\Users\dtrizna\Code\nebula\data\data_filtered\speakeasy_trainset_WithDns\speakeasy_counter.pkl
WARNING:root:Dumped vocab counter plot to C:\Users\dtrizna\Code\nebula\data\data_filtered\speakeasy_trainset_WithDns\speakeasy_counter_plot.png
WARNING:root:2022-12-29 18:22:48: Encoding...
WARNING:root:2022-12-29 18:22:56: Padding...
WARNING:root:2022-12-29 18:22:59: Saving files with prefix: speakeasy_VocabSize_1500_maxLen_512
WARNING:root:2022-12-29 18:22:59: Starting Preprocessing: VocabSize: 1500, MaxSeqLen: 1024
WARNING:root:2022-12-29 18:22:59: Building vocab with vocab size: 1500...
WARNING:root:Dumped vocab to C:\Users\dtrizna\Code\nebula\data\data_filtered\speakeasy_trainset_WithDns\speakeasy_VocabSize_1500.pkl
WARNING:root:Dumped vocab counter to C:\Users\dtrizna\Code\nebula\data\data_filtered\speakeasy_trainset_WithDns\speakeasy_counter.pkl
WARNING:root:Dumped vocab counter plot to C:\Users\dtrizna\Code\nebula\data\data_filtered\speakeasy_trainset_WithDns\speakeasy_counter_plot.png
WARNING:root:2022-12-29 18:23:04: Encoding...
WARNING:root:2022-12-29 18:23:12: Padding...
WARNING:root:2022-12-29 18:23:16: Saving files with prefix: speakeasy_VocabSize_1500_maxLen_1024
WARNING:root:2022-12-29 18:23:17: Starting Preprocessing: VocabSize: 1500, MaxSeqLen: 2048
WARNING:root:2022-12-29 18:23:17: Building vocab with vocab size: 1500...
WARNING:root:Dumped vocab to C:\Users\dtrizna\Code\nebula\data\data_filtered\speakeasy_trainset_WithDns\speakeasy_VocabSize_1500.pkl
WARNING:root:Dumped vocab counter to C:\Users\dtrizna\Code\nebula\data\data_filtered\speakeasy_trainset_WithDns\speakeasy_counter.pkl
WARNING:root:Dumped vocab counter plot to C:\Users\dtrizna\Code\nebula\data\data_filtered\speakeasy_trainset_WithDns\speakeasy_counter_plot.png
WARNING:root:2022-12-29 18:23:22: Encoding...
WARNING:root:2022-12-29 18:23:30: Padding...
WARNING:root:2022-12-29 18:23:39: Saving files with prefix: speakeasy_VocabSize_1500_maxLen_2048
WARNING:root:2022-12-29 18:23:40: Starting Preprocessing: VocabSize: 1500, MaxSeqLen: 4096
WARNING:root:2022-12-29 18:23:40: Building vocab with vocab size: 1500...
WARNING:root:Dumped vocab to C:\Users\dtrizna\Code\nebula\data\data_filtered\speakeasy_trainset_WithDns\speakeasy_VocabSize_1500.pkl
WARNING:root:Dumped vocab counter to C:\Users\dtrizna\Code\nebula\data\data_filtered\speakeasy_trainset_WithDns\speakeasy_counter.pkl
WARNING:root:Dumped vocab counter plot to C:\Users\dtrizna\Code\nebula\data\data_filtered\speakeasy_trainset_WithDns\speakeasy_counter_plot.png
WARNING:root:2022-12-29 18:23:46: Encoding...
WARNING:root:2022-12-29 18:23:54: Padding...
WARNING:root:2022-12-29 18:24:10: Saving files with prefix: speakeasy_VocabSize_1500_maxLen_4096
WARNING:root:2022-12-29 18:24:12: Starting Preprocessing: VocabSize: 2000, MaxSeqLen: 512
WARNING:root:2022-12-29 18:24:12: Building vocab with vocab size: 2000...
WARNING:root:Dumped vocab to C:\Users\dtrizna\Code\nebula\data\data_filtered\speakeasy_trainset_WithDns\speakeasy_VocabSize_2000.pkl
WARNING:root:Dumped vocab counter to C:\Users\dtrizna\Code\nebula\data\data_filtered\speakeasy_trainset_WithDns\speakeasy_counter.pkl
WARNING:root:Dumped vocab counter plot to C:\Users\dtrizna\Code\nebula\data\data_filtered\speakeasy_trainset_WithDns\speakeasy_counter_plot.png
WARNING:root:2022-12-29 18:24:17: Encoding...
WARNING:root:2022-12-29 18:24:25: Padding...
WARNING:root:2022-12-29 18:24:28: Saving files with prefix: speakeasy_VocabSize_2000_maxLen_512
WARNING:root:2022-12-29 18:24:28: Starting Preprocessing: VocabSize: 2000, MaxSeqLen: 1024
WARNING:root:2022-12-29 18:24:28: Building vocab with vocab size: 2000...
WARNING:root:Dumped vocab to C:\Users\dtrizna\Code\nebula\data\data_filtered\speakeasy_trainset_WithDns\speakeasy_VocabSize_2000.pkl
WARNING:root:Dumped vocab counter to C:\Users\dtrizna\Code\nebula\data\data_filtered\speakeasy_trainset_WithDns\speakeasy_counter.pkl
WARNING:root:Dumped vocab counter plot to C:\Users\dtrizna\Code\nebula\data\data_filtered\speakeasy_trainset_WithDns\speakeasy_counter_plot.png
WARNING:root:2022-12-29 18:24:34: Encoding...
WARNING:root:2022-12-29 18:24:43: Padding...
WARNING:root:2022-12-29 18:24:48: Saving files with prefix: speakeasy_VocabSize_2000_maxLen_1024
WARNING:root:2022-12-29 18:24:48: Starting Preprocessing: VocabSize: 2000, MaxSeqLen: 2048
WARNING:root:2022-12-29 18:24:48: Building vocab with vocab size: 2000...
WARNING:root:Dumped vocab to C:\Users\dtrizna\Code\nebula\data\data_filtered\speakeasy_trainset_WithDns\speakeasy_VocabSize_2000.pkl
WARNING:root:Dumped vocab counter to C:\Users\dtrizna\Code\nebula\data\data_filtered\speakeasy_trainset_WithDns\speakeasy_counter.pkl
WARNING:root:Dumped vocab counter plot to C:\Users\dtrizna\Code\nebula\data\data_filtered\speakeasy_trainset_WithDns\speakeasy_counter_plot.png
WARNING:root:2022-12-29 18:24:54: Encoding...
WARNING:root:2022-12-29 18:25:02: Padding...
WARNING:root:2022-12-29 18:25:11: Saving files with prefix: speakeasy_VocabSize_2000_maxLen_2048
WARNING:root:2022-12-29 18:25:12: Starting Preprocessing: VocabSize: 2000, MaxSeqLen: 4096
WARNING:root:2022-12-29 18:25:12: Building vocab with vocab size: 2000...
WARNING:root:Dumped vocab to C:\Users\dtrizna\Code\nebula\data\data_filtered\speakeasy_trainset_WithDns\speakeasy_VocabSize_2000.pkl
WARNING:root:Dumped vocab counter to C:\Users\dtrizna\Code\nebula\data\data_filtered\speakeasy_trainset_WithDns\speakeasy_counter.pkl
WARNING:root:Dumped vocab counter plot to C:\Users\dtrizna\Code\nebula\data\data_filtered\speakeasy_trainset_WithDns\speakeasy_counter_plot.png
WARNING:root:2022-12-29 18:25:18: Encoding...
WARNING:root:2022-12-29 18:25:26: Padding...
WARNING:root:2022-12-29 18:25:42: Saving files with prefix: speakeasy_VocabSize_2000_maxLen_4096
WARNING:root:2022-12-29 18:25:44: Starting Preprocessing: VocabSize: 10000, MaxSeqLen: 512
WARNING:root:2022-12-29 18:25:44: Building vocab with vocab size: 10000...
WARNING:root:Dumped vocab to C:\Users\dtrizna\Code\nebula\data\data_filtered\speakeasy_trainset_WithDns\speakeasy_VocabSize_10000.pkl
WARNING:root:Dumped vocab counter to C:\Users\dtrizna\Code\nebula\data\data_filtered\speakeasy_trainset_WithDns\speakeasy_counter.pkl
WARNING:root:Dumped vocab counter plot to C:\Users\dtrizna\Code\nebula\data\data_filtered\speakeasy_trainset_WithDns\speakeasy_counter_plot.png
WARNING:root:2022-12-29 18:25:49: Encoding...
WARNING:root:2022-12-29 18:25:57: Padding...
WARNING:root:2022-12-29 18:26:00: Saving files with prefix: speakeasy_VocabSize_10000_maxLen_512
WARNING:root:2022-12-29 18:26:00: Starting Preprocessing: VocabSize: 10000, MaxSeqLen: 1024
WARNING:root:2022-12-29 18:26:00: Building vocab with vocab size: 10000...
WARNING:root:Dumped vocab to C:\Users\dtrizna\Code\nebula\data\data_filtered\speakeasy_trainset_WithDns\speakeasy_VocabSize_10000.pkl
WARNING:root:Dumped vocab counter to C:\Users\dtrizna\Code\nebula\data\data_filtered\speakeasy_trainset_WithDns\speakeasy_counter.pkl
WARNING:root:Dumped vocab counter plot to C:\Users\dtrizna\Code\nebula\data\data_filtered\speakeasy_trainset_WithDns\speakeasy_counter_plot.png
WARNING:root:2022-12-29 18:26:06: Encoding...
WARNING:root:2022-12-29 18:26:13: Padding...
WARNING:root:2022-12-29 18:26:18: Saving files with prefix: speakeasy_VocabSize_10000_maxLen_1024
WARNING:root:2022-12-29 18:26:19: Starting Preprocessing: VocabSize: 10000, MaxSeqLen: 2048
WARNING:root:2022-12-29 18:26:19: Building vocab with vocab size: 10000...
WARNING:root:Dumped vocab to C:\Users\dtrizna\Code\nebula\data\data_filtered\speakeasy_trainset_WithDns\speakeasy_VocabSize_10000.pkl
WARNING:root:Dumped vocab counter to C:\Users\dtrizna\Code\nebula\data\data_filtered\speakeasy_trainset_WithDns\speakeasy_counter.pkl
WARNING:root:Dumped vocab counter plot to C:\Users\dtrizna\Code\nebula\data\data_filtered\speakeasy_trainset_WithDns\speakeasy_counter_plot.png
WARNING:root:2022-12-29 18:26:24: Encoding...
WARNING:root:2022-12-29 18:26:33: Padding...
WARNING:root:2022-12-29 18:26:41: Saving files with prefix: speakeasy_VocabSize_10000_maxLen_2048
WARNING:root:2022-12-29 18:26:42: Starting Preprocessing: VocabSize: 10000, MaxSeqLen: 4096
WARNING:root:2022-12-29 18:26:42: Building vocab with vocab size: 10000...
WARNING:root:Dumped vocab to C:\Users\dtrizna\Code\nebula\data\data_filtered\speakeasy_trainset_WithDns\speakeasy_VocabSize_10000.pkl
WARNING:root:Dumped vocab counter to C:\Users\dtrizna\Code\nebula\data\data_filtered\speakeasy_trainset_WithDns\speakeasy_counter.pkl
WARNING:root:Dumped vocab counter plot to C:\Users\dtrizna\Code\nebula\data\data_filtered\speakeasy_trainset_WithDns\speakeasy_counter_plot.png
WARNING:root:2022-12-29 18:26:49: Encoding...
WARNING:root:2022-12-29 18:26:59: Padding...
WARNING:root:2022-12-29 18:27:15: Saving files with prefix: speakeasy_VocabSize_10000_maxLen_4096
WARNING:root:2022-12-29 18:27:17: Starting Preprocessing: VocabSize: 15000, MaxSeqLen: 512
WARNING:root:2022-12-29 18:27:17: Building vocab with vocab size: 15000...
WARNING:root:Dumped vocab to C:\Users\dtrizna\Code\nebula\data\data_filtered\speakeasy_trainset_WithDns\speakeasy_VocabSize_15000.pkl
WARNING:root:Dumped vocab counter to C:\Users\dtrizna\Code\nebula\data\data_filtered\speakeasy_trainset_WithDns\speakeasy_counter.pkl
WARNING:root:Dumped vocab counter plot to C:\Users\dtrizna\Code\nebula\data\data_filtered\speakeasy_trainset_WithDns\speakeasy_counter_plot.png
WARNING:root:2022-12-29 18:27:23: Encoding...
WARNING:root:2022-12-29 18:27:34: Padding...
WARNING:root:2022-12-29 18:27:36: Saving files with prefix: speakeasy_VocabSize_15000_maxLen_512
WARNING:root:2022-12-29 18:27:37: Starting Preprocessing: VocabSize: 15000, MaxSeqLen: 1024
WARNING:root:2022-12-29 18:27:37: Building vocab with vocab size: 15000...
WARNING:root:Dumped vocab to C:\Users\dtrizna\Code\nebula\data\data_filtered\speakeasy_trainset_WithDns\speakeasy_VocabSize_15000.pkl
WARNING:root:Dumped vocab counter to C:\Users\dtrizna\Code\nebula\data\data_filtered\speakeasy_trainset_WithDns\speakeasy_counter.pkl
WARNING:root:Dumped vocab counter plot to C:\Users\dtrizna\Code\nebula\data\data_filtered\speakeasy_trainset_WithDns\speakeasy_counter_plot.png
WARNING:root:2022-12-29 18:27:43: Encoding...
WARNING:root:2022-12-29 18:27:54: Padding...
WARNING:root:2022-12-29 18:27:58: Saving files with prefix: speakeasy_VocabSize_15000_maxLen_1024
WARNING:root:2022-12-29 18:27:58: Starting Preprocessing: VocabSize: 15000, MaxSeqLen: 2048
WARNING:root:2022-12-29 18:27:58: Building vocab with vocab size: 15000...
WARNING:root:Dumped vocab to C:\Users\dtrizna\Code\nebula\data\data_filtered\speakeasy_trainset_WithDns\speakeasy_VocabSize_15000.pkl
WARNING:root:Dumped vocab counter to C:\Users\dtrizna\Code\nebula\data\data_filtered\speakeasy_trainset_WithDns\speakeasy_counter.pkl
WARNING:root:Dumped vocab counter plot to C:\Users\dtrizna\Code\nebula\data\data_filtered\speakeasy_trainset_WithDns\speakeasy_counter_plot.png
WARNING:root:2022-12-29 18:28:05: Encoding...
WARNING:root:2022-12-29 18:28:14: Padding...
WARNING:root:2022-12-29 18:28:24: Saving files with prefix: speakeasy_VocabSize_15000_maxLen_2048
WARNING:root:2022-12-29 18:28:25: Starting Preprocessing: VocabSize: 15000, MaxSeqLen: 4096
WARNING:root:2022-12-29 18:28:25: Building vocab with vocab size: 15000...
WARNING:root:Dumped vocab to C:\Users\dtrizna\Code\nebula\data\data_filtered\speakeasy_trainset_WithDns\speakeasy_VocabSize_15000.pkl
WARNING:root:Dumped vocab counter to C:\Users\dtrizna\Code\nebula\data\data_filtered\speakeasy_trainset_WithDns\speakeasy_counter.pkl
WARNING:root:Dumped vocab counter plot to C:\Users\dtrizna\Code\nebula\data\data_filtered\speakeasy_trainset_WithDns\speakeasy_counter_plot.png
WARNING:root:2022-12-29 18:28:31: Encoding...
WARNING:root:2022-12-29 18:28:42: Padding...
WARNING:root:2022-12-29 18:29:01: Saving files with prefix: speakeasy_VocabSize_15000_maxLen_4096
