C:\Users\dtrizna\Code\nebula>python3 _speakeasyPreProcessing.py
Initialized ...
2022-12-17 19:01:50: Filtering and normalizing C:\Users\dtrizna\Code\nebula\data\data_raw\windows_emulation_trainset\report_backdoor...
2022-12-17 19:04:03: Finished... Took: 133.38s                                                                                     

2022-12-17 19:04:03: Filtering and normalizing C:\Users\dtrizna\Code\nebula\data\data_raw\windows_emulation_trainset\report_clean...
2022-12-17 19:07:20: Finished... Took: 196.93s                                                                                     

2022-12-17 19:07:20: Filtering and normalizing C:\Users\dtrizna\Code\nebula\data\data_raw\windows_emulation_trainset\report_coinminer...
2022-12-17 19:08:20: Finished... Took: 59.74s                                                                                      

2022-12-17 19:08:20: Filtering and normalizing C:\Users\dtrizna\Code\nebula\data\data_raw\windows_emulation_trainset\report_dropper...
2022-12-17 19:09:22: Finished... Took: 62.12s                                                                                      

2022-12-17 19:09:22: Filtering and normalizing C:\Users\dtrizna\Code\nebula\data\data_raw\windows_emulation_trainset\report_keylogger...
2022-12-17 19:09:58: Finished... Took: 36.14s                                                                                      

2022-12-17 19:09:58: Filtering and normalizing C:\Users\dtrizna\Code\nebula\data\data_raw\windows_emulation_trainset\report_ransomware...
2022-12-17 19:11:20: Finished... Took: 81.60s                                                                                      

2022-12-17 19:11:20: Filtering and normalizing C:\Users\dtrizna\Code\nebula\data\data_raw\windows_emulation_trainset\report_rat... 
2022-12-17 19:11:52: Finished... Took: 32.15s                                                                                      

2022-12-17 19:11:52: Filtering and normalizing C:\Users\dtrizna\Code\nebula\data\data_raw\windows_emulation_trainset\report_trojan...
2022-12-17 19:13:18: Finished... Took: 85.90s                                                                                      

2022-12-17 19:13:18: Filtering and normalizing C:\Users\dtrizna\Code\nebula\data\data_raw\windows_emulation_trainset\report_windows_syswow64...
2022-12-17 19:13:19: Finished... Took: 1.52s                                                                                       

2022-12-17 19:13:19: Tokenizing...
2022-12-17 19:13:50: Building vocab...
Dumped vocab to C:\Users\dtrizna\Code\nebula\data\data_filtered\speakeasy_trainset\speakeasy_VocabSize_1500.pkl
Dumped vocab counter to C:\Users\dtrizna\Code\nebula\data\data_filtered\speakeasy_trainset\speakeasy_counter.pkl
Dumped vocab counter plot to C:\Users\dtrizna\Code\nebula\data\data_filtered\speakeasy_trainset\speakeasy_counter_plot.png
2022-12-17 19:13:54: Encoding...
2022-12-17 19:13:58: Padding...
(91096, 2048)
(91096,)
2022-12-17 19:14:08: Filtering and normalizing C:\Users\dtrizna\Code\nebula\data\data_raw\windows_emulation_testset\report_backdoor...
2022-12-17 19:14:29: Finished... Took: 21.89s                                                                                      

2022-12-17 19:14:29: Filtering and normalizing C:\Users\dtrizna\Code\nebula\data\data_raw\windows_emulation_testset\report_clean...
2022-12-17 19:15:38: Finished... Took: 68.71s                                                                                      

2022-12-17 19:15:38: Filtering and normalizing C:\Users\dtrizna\Code\nebula\data\data_raw\windows_emulation_testset\report_coinminer...
2022-12-17 19:15:55: Finished... Took: 16.84s                                                                                      

2022-12-17 19:15:55: Filtering and normalizing C:\Users\dtrizna\Code\nebula\data\data_raw\windows_emulation_testset\report_dropper...
2022-12-17 19:15:57: Finished... Took: 2.07s                                                                                       

2022-12-17 19:15:57: Filtering and normalizing C:\Users\dtrizna\Code\nebula\data\data_raw\windows_emulation_testset\report_keylogger...
2022-12-17 19:16:05: Finished... Took: 8.14s                                                                                       

2022-12-17 19:16:05: Filtering and normalizing C:\Users\dtrizna\Code\nebula\data\data_raw\windows_emulation_testset\report_ransomware...
2022-12-17 19:16:40: Filtering and normalizing C:\Users\dtrizna\Code\nebula\data\data_raw\windows_emulation_testset\report_rat...
2022-12-17 19:16:52: Finished... Took: 11.83s
2022-12-17 19:16:52: Filtering and normalizing C:\Users\dtrizna\Code\nebula\data\data_raw\windows_emulation_testset\report_trojan...
2022-12-17 19:17:01: Finished... Took: 9.13s
2022-12-17 19:17:01: Filtering and normalizing C:\Users\dtrizna\Code\nebula\data\data_raw\windows_emulation_testset\report_windows_syswow64...
2022-12-17 19:17:01: Finished... Took: 0.49s
2022-12-17 19:17:01: Tokenizing...
2022-12-17 19:17:08: Encoding...
2022-12-17 19:17:08: Padding...
(17407, 2048)
(17407,)